[ 2016-07-13T19:40:12+08:00 ] 157.55.39.89 /
INFO: [ app_begin ] --START--
INFO: Run ReadHtmlCache Behavior [ RunTime:0.000436s ]
NOTIC: [8] Undefined variable: global /var/www/html/lyg/wenku/app/Lib/Behavior/check_ipbanBehavior.class.php 第 12 行.
INFO: Run check_ipban Behavior [ RunTime:0.000275s ]
INFO: Run load_lang Behavior [ RunTime:0.000397s ]
INFO: [ app_begin ] --END-- [ RunTime:0.001245s ]
SQL: SHOW COLUMNS FROM `mt_doc_cate` [ RunTime:0.000705s ]
SQL: SELECT * FROM `mt_doc_cate` WHERE ( `pid` = 0 ) AND ( `status` = 1 )  [ RunTime:0.000247s ]
NOTIC: [2] array_merge(): Argument #2 is not an array /var/www/html/lyg/wenku/app/Lib/Action/frontendAction.class.php 第 86 行.
NOTIC: [2] array_values() expects parameter 1 to be array, null given /var/www/html/lyg/wenku/app/Lib/Action/frontendAction.class.php 第 90 行.
NOTIC: [2] implode(): Invalid arguments passed /var/www/html/lyg/wenku/app/Lib/Action/frontendAction.class.php 第 90 行.
NOTIC: [2] Invalid argument supplied for foreach() /var/www/html/lyg/wenku/app/Lib/Action/frontendAction.class.php 第 99 行.
SQL: SELECT * FROM `mt_doc_cate` WHERE ( `pid` = 0 ) AND ( `status` = 1 ) ORDER BY ordid  [ RunTime:0.000150s ]
SQL: SELECT * FROM `mt_doc_cate` WHERE ( `pid` = '1' ) AND ( `status` = 1 ) ORDER BY ordid  [ RunTime:0.000131s ]
NOTIC: [2] Invalid argument supplied for foreach() /var/www/html/lyg/wenku/app/Lib/Action/home/indexAction.class.php 第 19 行.
SQL: SELECT * FROM `mt_doc_cate` WHERE ( `pid` = '2' ) AND ( `status` = 1 ) ORDER BY ordid  [ RunTime:0.000138s ]
NOTIC: [2] Invalid argument supplied for foreach() /var/www/html/lyg/wenku/app/Lib/Action/home/indexAction.class.php 第 19 行.
SQL: SELECT * FROM `mt_doc_cate` WHERE ( `pid` = '3' ) AND ( `status` = 1 ) ORDER BY ordid  [ RunTime:0.000141s ]
NOTIC: [2] Invalid argument supplied for foreach() /var/www/html/lyg/wenku/app/Lib/Action/home/indexAction.class.php 第 19 行.
SQL: SELECT * FROM `mt_doc_cate` WHERE ( `pid` = '4' ) AND ( `status` = 1 ) ORDER BY ordid  [ RunTime:0.000122s ]
NOTIC: [2] Invalid argument supplied for foreach() /var/www/html/lyg/wenku/app/Lib/Action/home/indexAction.class.php 第 19 行.
SQL: SELECT * FROM `mt_doc_cate` WHERE ( `pid` = '5' ) AND ( `status` = 1 ) ORDER BY ordid  [ RunTime:0.000122s ]
NOTIC: [2] Invalid argument supplied for foreach() /var/www/html/lyg/wenku/app/Lib/Action/home/indexAction.class.php 第 19 行.
SQL: SELECT * FROM `mt_doc_cate` WHERE ( `pid` = '6' ) AND ( `status` = 1 ) ORDER BY ordid  [ RunTime:0.000140s ]
NOTIC: [2] Invalid argument supplied for foreach() /var/www/html/lyg/wenku/app/Lib/Action/home/indexAction.class.php 第 19 行.
SQL: SELECT * FROM `mt_doc_cate` WHERE ( `pid` = '7' ) AND ( `status` = 1 ) ORDER BY ordid  [ RunTime:0.000121s ]
NOTIC: [2] Invalid argument supplied for foreach() /var/www/html/lyg/wenku/app/Lib/Action/home/indexAction.class.php 第 19 行.
SQL: SELECT * FROM `mt_doc_cate` WHERE ( `pid` = '8' ) AND ( `status` = 1 ) ORDER BY ordid  [ RunTime:0.000120s ]
NOTIC: [2] Invalid argument supplied for foreach() /var/www/html/lyg/wenku/app/Lib/Action/home/indexAction.class.php 第 19 行.
SQL: SHOW COLUMNS FROM `mt_doc_con` [ RunTime:0.000513s ]
SQL: SELECT COUNT(id) AS tp_count FROM `mt_doc_con` LIMIT 1   [ RunTime:0.000098s ]
SQL: SHOW COLUMNS FROM `mt_flink` [ RunTime:0.000394s ]
SQL: SELECT * FROM `mt_flink` WHERE ( `cate_id` = 2 ) AND ( `status` = 1 ) ORDER BY ordid  [ RunTime:0.000107s ]
SQL: SELECT * FROM `mt_flink` WHERE ( `cate_id` = 1 ) AND ( `status` = 1 ) ORDER BY ordid  [ RunTime:0.000100s ]
INFO: [ view_template ] --START--
INFO: Run basic_template Behavior [ RunTime:0.000229s ]
INFO: [ view_template ] --END-- [ RunTime:0.000293s ]
INFO: [ view_parse ] --START--
SQL: SHOW COLUMNS FROM `mt_doc_con` [ RunTime:0.000515s ]
SQL: SELECT * FROM `mt_doc_con` WHERE ( `add_time` <= 1468410012 ) AND ( `status` = '5' ) ORDER BY id DESC  [ RunTime:0.000198s ]
SQL: SHOW COLUMNS FROM `mt_itemlog` [ RunTime:0.000370s ]
SQL: SELECT COUNT(itemid) AS tp_count FROM `mt_itemlog` WHERE ( `typeid` = 1 ) AND ( `type` = 1 ) AND ( `itemid` = 23 ) LIMIT 1   [ RunTime:0.000124s ]
SQL: SHOW COLUMNS FROM `mt_raty` [ RunTime:0.000382s ]
SQL: SELECT * FROM `mt_raty` WHERE ( `itemid` = 23 ) AND ( `typeid` = 1 ) LIMIT 1   [ RunTime:0.000111s ]
NOTIC: [2] Division by zero /var/www/html/lyg/wenku/app/Common/common.php 第 579 行.
SQL: SELECT * FROM `mt_raty` WHERE ( `itemid` = 23 ) AND ( `typeid` = 1 ) LIMIT 1   [ RunTime:0.000099s ]
SQL: SHOW COLUMNS FROM `mt_comment` [ RunTime:0.000395s ]
SQL: SELECT COUNT(*) AS tp_count FROM `mt_comment` WHERE ( `typeid` = 1 ) AND ( `status` = 1 ) AND ( `itemid` = 23 ) LIMIT 1   [ RunTime:0.000100s ]
SQL: SELECT COUNT(itemid) AS tp_count FROM `mt_itemlog` WHERE ( `typeid` = 1 ) AND ( `type` = 2 ) AND ( `itemid` = 23 ) LIMIT 1   [ RunTime:0.000138s ]
SQL: SELECT COUNT(itemid) AS tp_count FROM `mt_itemlog` WHERE ( `typeid` = 1 ) AND ( `type` = 3 ) AND ( `itemid` = 23 ) LIMIT 1   [ RunTime:0.000110s ]
SQL: SELECT COUNT(itemid) AS tp_count FROM `mt_itemlog` WHERE ( `typeid` = 1 ) AND ( `type` = 1 ) AND ( `itemid` = 22 ) LIMIT 1   [ RunTime:0.000108s ]
SQL: SELECT * FROM `mt_raty` WHERE ( `itemid` = 22 ) AND ( `typeid` = 1 ) LIMIT 1   [ RunTime:0.000098s ]
NOTIC: [2] Division by zero /var/www/html/lyg/wenku/app/Common/common.php 第 579 行.
SQL: SELECT * FROM `mt_raty` WHERE ( `itemid` = 22 ) AND ( `typeid` = 1 ) LIMIT 1   [ RunTime:0.000098s ]
SQL: SELECT COUNT(*) AS tp_count FROM `mt_comment` WHERE ( `typeid` = 1 ) AND ( `status` = 1 ) AND ( `itemid` = 22 ) LIMIT 1   [ RunTime:0.000095s ]
SQL: SELECT COUNT(itemid) AS tp_count FROM `mt_itemlog` WHERE ( `typeid` = 1 ) AND ( `type` = 2 ) AND ( `itemid` = 22 ) LIMIT 1   [ RunTime:0.000106s ]
SQL: SELECT COUNT(itemid) AS tp_count FROM `mt_itemlog` WHERE ( `typeid` = 1 ) AND ( `type` = 3 ) AND ( `itemid` = 22 ) LIMIT 1   [ RunTime:0.000105s ]
SQL: SELECT COUNT(itemid) AS tp_count FROM `mt_itemlog` WHERE ( `typeid` = 1 ) AND ( `type` = 1 ) AND ( `itemid` = 21 ) LIMIT 1   [ RunTime:0.000108s ]
SQL: SELECT * FROM `mt_raty` WHERE ( `itemid` = 21 ) AND ( `typeid` = 1 ) LIMIT 1   [ RunTime:0.000096s ]
NOTIC: [2] Division by zero /var/www/html/lyg/wenku/app/Common/common.php 第 579 行.
SQL: SELECT * FROM `mt_raty` WHERE ( `itemid` = 21 ) AND ( `typeid` = 1 ) LIMIT 1   [ RunTime:0.000095s ]
SQL: SELECT COUNT(*) AS tp_count FROM `mt_comment` WHERE ( `typeid` = 1 ) AND ( `status` = 1 ) AND ( `itemid` = 21 ) LIMIT 1   [ RunTime:0.000126s ]
SQL: SELECT COUNT(itemid) AS tp_count FROM `mt_itemlog` WHERE ( `typeid` = 1 ) AND ( `type` = 2 ) AND ( `itemid` = 21 ) LIMIT 1   [ RunTime:0.000111s ]
SQL: SELECT COUNT(itemid) AS tp_count FROM `mt_itemlog` WHERE ( `typeid` = 1 ) AND ( `type` = 3 ) AND ( `itemid` = 21 ) LIMIT 1   [ RunTime:0.000111s ]
SQL: SELECT COUNT(itemid) AS tp_count FROM `mt_itemlog` WHERE ( `typeid` = 1 ) AND ( `type` = 1 ) AND ( `itemid` = 19 ) LIMIT 1   [ RunTime:0.000110s ]
SQL: SELECT * FROM `mt_raty` WHERE ( `itemid` = 19 ) AND ( `typeid` = 1 ) LIMIT 1   [ RunTime:0.000102s ]
NOTIC: [2] Division by zero /var/www/html/lyg/wenku/app/Common/common.php 第 579 行.
SQL: SELECT * FROM `mt_raty` WHERE ( `itemid` = 19 ) AND ( `typeid` = 1 ) LIMIT 1   [ RunTime:0.000100s ]
SQL: SELECT COUNT(*) AS tp_count FROM `mt_comment` WHERE ( `typeid` = 1 ) AND ( `status` = 1 ) AND ( `itemid` = 19 ) LIMIT 1   [ RunTime:0.000099s ]
SQL: SELECT COUNT(itemid) AS tp_count FROM `mt_itemlog` WHERE ( `typeid` = 1 ) AND ( `type` = 2 ) AND ( `itemid` = 19 ) LIMIT 1   [ RunTime:0.000109s ]
SQL: SELECT COUNT(itemid) AS tp_count FROM `mt_itemlog` WHERE ( `typeid` = 1 ) AND ( `type` = 3 ) AND ( `itemid` = 19 ) LIMIT 1   [ RunTime:0.000110s ]
SQL: SELECT COUNT(itemid) AS tp_count FROM `mt_itemlog` WHERE ( `typeid` = 1 ) AND ( `type` = 1 ) AND ( `itemid` = 17 ) LIMIT 1   [ RunTime:0.000110s ]
SQL: SELECT * FROM `mt_raty` WHERE ( `itemid` = 17 ) AND ( `typeid` = 1 ) LIMIT 1   [ RunTime:0.000101s ]
NOTIC: [2] Division by zero /var/www/html/lyg/wenku/app/Common/common.php 第 579 行.
SQL: SELECT * FROM `mt_raty` WHERE ( `itemid` = 17 ) AND ( `typeid` = 1 ) LIMIT 1   [ RunTime:0.000121s ]
SQL: SELECT COUNT(*) AS tp_count FROM `mt_comment` WHERE ( `typeid` = 1 ) AND ( `status` = 1 ) AND ( `itemid` = 17 ) LIMIT 1   [ RunTime:0.000098s ]
SQL: SELECT COUNT(itemid) AS tp_count FROM `mt_itemlog` WHERE ( `typeid` = 1 ) AND ( `type` = 2 ) AND ( `itemid` = 17 ) LIMIT 1   [ RunTime:0.000109s ]
SQL: SELECT COUNT(itemid) AS tp_count FROM `mt_itemlog` WHERE ( `typeid` = 1 ) AND ( `type` = 3 ) AND ( `itemid` = 17 ) LIMIT 1   [ RunTime:0.000110s ]
SQL: SELECT COUNT(itemid) AS tp_count FROM `mt_itemlog` WHERE ( `typeid` = 1 ) AND ( `type` = 1 ) AND ( `itemid` = 14 ) LIMIT 1   [ RunTime:0.000110s ]
SQL: SELECT * FROM `mt_raty` WHERE ( `itemid` = 14 ) AND ( `typeid` = 1 ) LIMIT 1   [ RunTime:0.000100s ]
NOTIC: [2] Division by zero /var/www/html/lyg/wenku/app/Common/common.php 第 579 行.
SQL: SELECT * FROM `mt_raty` WHERE ( `itemid` = 14 ) AND ( `typeid` = 1 ) LIMIT 1   [ RunTime:0.000100s ]
SQL: SELECT COUNT(*) AS tp_count FROM `mt_comment` WHERE ( `typeid` = 1 ) AND ( `status` = 1 ) AND ( `itemid` = 14 ) LIMIT 1   [ RunTime:0.000097s ]
SQL: SELECT COUNT(itemid) AS tp_count FROM `mt_itemlog` WHERE ( `typeid` = 1 ) AND ( `type` = 2 ) AND ( `itemid` = 14 ) LIMIT 1   [ RunTime:0.000110s ]
SQL: SELECT COUNT(itemid) AS tp_count FROM `mt_itemlog` WHERE ( `typeid` = 1 ) AND ( `type` = 3 ) AND ( `itemid` = 14 ) LIMIT 1   [ RunTime:0.000109s ]
SQL: SELECT COUNT(itemid) AS tp_count FROM `mt_itemlog` WHERE ( `typeid` = 1 ) AND ( `type` = 1 ) AND ( `itemid` = 13 ) LIMIT 1   [ RunTime:0.000108s ]
SQL: SELECT * FROM `mt_raty` WHERE ( `itemid` = 13 ) AND ( `typeid` = 1 ) LIMIT 1   [ RunTime:0.000100s ]
NOTIC: [2] Division by zero /var/www/html/lyg/wenku/app/Common/common.php 第 579 行.
SQL: SELECT * FROM `mt_raty` WHERE ( `itemid` = 13 ) AND ( `typeid` = 1 ) LIMIT 1   [ RunTime:0.000100s ]
SQL: SELECT COUNT(*) AS tp_count FROM `mt_comment` WHERE ( `typeid` = 1 ) AND ( `status` = 1 ) AND ( `itemid` = 13 ) LIMIT 1   [ RunTime:0.000097s ]
SQL: SELECT COUNT(itemid) AS tp_count FROM `mt_itemlog` WHERE ( `typeid` = 1 ) AND ( `type` = 2 ) AND ( `itemid` = 13 ) LIMIT 1   [ RunTime:0.000109s ]
SQL: SELECT COUNT(itemid) AS tp_count FROM `mt_itemlog` WHERE ( `typeid` = 1 ) AND ( `type` = 3 ) AND ( `itemid` = 13 ) LIMIT 1   [ RunTime:0.000114s ]
SQL: SELECT COUNT(itemid) AS tp_count FROM `mt_itemlog` WHERE ( `typeid` = 1 ) AND ( `type` = 1 ) AND ( `itemid` = 12 ) LIMIT 1   [ RunTime:0.000109s ]
SQL: SELECT * FROM `mt_raty` WHERE ( `itemid` = 12 ) AND ( `typeid` = 1 ) LIMIT 1   [ RunTime:0.000101s ]
NOTIC: [2] Division by zero /var/www/html/lyg/wenku/app/Common/common.php 第 579 行.
SQL: SELECT * FROM `mt_raty` WHERE ( `itemid` = 12 ) AND ( `typeid` = 1 ) LIMIT 1   [ RunTime:0.000100s ]
SQL: SELECT COUNT(*) AS tp_count FROM `mt_comment` WHERE ( `typeid` = 1 ) AND ( `status` = 1 ) AND ( `itemid` = 12 ) LIMIT 1   [ RunTime:0.000098s ]
SQL: SELECT COUNT(itemid) AS tp_count FROM `mt_itemlog` WHERE ( `typeid` = 1 ) AND ( `type` = 2 ) AND ( `itemid` = 12 ) LIMIT 1   [ RunTime:0.000109s ]
SQL: SELECT COUNT(itemid) AS tp_count FROM `mt_itemlog` WHERE ( `typeid` = 1 ) AND ( `type` = 3 ) AND ( `itemid` = 12 ) LIMIT 1   [ RunTime:0.000109s ]
SQL: SELECT COUNT(itemid) AS tp_count FROM `mt_itemlog` WHERE ( `typeid` = 1 ) AND ( `type` = 1 ) AND ( `itemid` = 8 ) LIMIT 1   [ RunTime:0.000108s ]
SQL: SELECT * FROM `mt_raty` WHERE ( `itemid` = 8 ) AND ( `typeid` = 1 ) LIMIT 1   [ RunTime:0.000101s ]
NOTIC: [2] Division by zero /var/www/html/lyg/wenku/app/Common/common.php 第 579 行.
SQL: SELECT * FROM `mt_raty` WHERE ( `itemid` = 8 ) AND ( `typeid` = 1 ) LIMIT 1   [ RunTime:0.000100s ]
SQL: SELECT COUNT(*) AS tp_count FROM `mt_comment` WHERE ( `typeid` = 1 ) AND ( `status` = 1 ) AND ( `itemid` = 8 ) LIMIT 1   [ RunTime:0.000097s ]
SQL: SELECT COUNT(itemid) AS tp_count FROM `mt_itemlog` WHERE ( `typeid` = 1 ) AND ( `type` = 2 ) AND ( `itemid` = 8 ) LIMIT 1   [ RunTime:0.000137s ]
SQL: SELECT COUNT(itemid) AS tp_count FROM `mt_itemlog` WHERE ( `typeid` = 1 ) AND ( `type` = 3 ) AND ( `itemid` = 8 ) LIMIT 1   [ RunTime:0.000109s ]
SQL: SELECT * FROM `mt_doc_con` WHERE ( `id` = 23 ) LIMIT 1   [ RunTime:0.000137s ]
SQL: SHOW COLUMNS FROM `mt_user` [ RunTime:0.000394s ]
SQL: SELECT `username` FROM `mt_user` WHERE ( `uid` = 1 ) LIMIT 1   [ RunTime:0.000115s ]
SQL: SELECT * FROM `mt_doc_con` WHERE ( `id` = 22 ) LIMIT 1   [ RunTime:0.000156s ]
SQL: SELECT `username` FROM `mt_user` WHERE ( `uid` = 1 ) LIMIT 1   [ RunTime:0.000105s ]
SQL: SELECT * FROM `mt_doc_con` WHERE ( `id` = 21 ) LIMIT 1   [ RunTime:0.000125s ]
SQL: SELECT `username` FROM `mt_user` WHERE ( `uid` = 1 ) LIMIT 1   [ RunTime:0.000132s ]
SQL: SELECT * FROM `mt_doc_con` WHERE ( `id` = 19 ) LIMIT 1   [ RunTime:0.000124s ]
SQL: SELECT `username` FROM `mt_user` WHERE ( `uid` = 1 ) LIMIT 1   [ RunTime:0.000104s ]
SQL: SELECT * FROM `mt_doc_con` WHERE ( `id` = 17 ) LIMIT 1   [ RunTime:0.000142s ]
SQL: SELECT `username` FROM `mt_user` WHERE ( `uid` = 1 ) LIMIT 1   [ RunTime:0.000104s ]
SQL: SELECT * FROM `mt_doc_con` WHERE ( `id` = 14 ) LIMIT 1   [ RunTime:0.000122s ]
SQL: SELECT `username` FROM `mt_user` WHERE ( `uid` = 1 ) LIMIT 1   [ RunTime:0.000103s ]
SQL: SELECT * FROM `mt_doc_con` WHERE ( `id` = 13 ) LIMIT 1   [ RunTime:0.000122s ]
SQL: SELECT `username` FROM `mt_user` WHERE ( `uid` = 1 ) LIMIT 1   [ RunTime:0.000102s ]
SQL: SELECT * FROM `mt_doc_con` WHERE ( `id` = 12 ) LIMIT 1   [ RunTime:0.000121s ]
SQL: SELECT `username` FROM `mt_user` WHERE ( `uid` = 1 ) LIMIT 1   [ RunTime:0.000103s ]
SQL: SELECT * FROM `mt_doc_con` WHERE ( `add_time` <= 1468410012 ) AND ( `status` > 1 ) ORDER BY id DESC  [ RunTime:0.000206s ]
SQL: SELECT COUNT(itemid) AS tp_count FROM `mt_itemlog` WHERE ( `typeid` = 1 ) AND ( `type` = 1 ) AND ( `itemid` = 23 ) LIMIT 1   [ RunTime:0.000131s ]
SQL: SELECT * FROM `mt_raty` WHERE ( `itemid` = 23 ) AND ( `typeid` = 1 ) LIMIT 1   [ RunTime:0.000103s ]
NOTIC: [2] Division by zero /var/www/html/lyg/wenku/app/Common/common.php 第 579 行.
SQL: SELECT * FROM `mt_raty` WHERE ( `itemid` = 23 ) AND ( `typeid` = 1 ) LIMIT 1   [ RunTime:0.000100s ]
SQL: SELECT COUNT(*) AS tp_count FROM `mt_comment` WHERE ( `typeid` = 1 ) AND ( `status` = 1 ) AND ( `itemid` = 23 ) LIMIT 1   [ RunTime:0.000100s ]
SQL: SELECT COUNT(itemid) AS tp_count FROM `mt_itemlog` WHERE ( `typeid` = 1 ) AND ( `type` = 2 ) AND ( `itemid` = 23 ) LIMIT 1   [ RunTime:0.000142s ]
SQL: SELECT COUNT(itemid) AS tp_count FROM `mt_itemlog` WHERE ( `typeid` = 1 ) AND ( `type` = 3 ) AND ( `itemid` = 23 ) LIMIT 1   [ RunTime:0.000112s ]
SQL: SELECT COUNT(itemid) AS tp_count FROM `mt_itemlog` WHERE ( `typeid` = 1 ) AND ( `type` = 1 ) AND ( `itemid` = 22 ) LIMIT 1   [ RunTime:0.000114s ]
SQL: SELECT * FROM `mt_raty` WHERE ( `itemid` = 22 ) AND ( `typeid` = 1 ) LIMIT 1   [ RunTime:0.000101s ]
NOTIC: [2] Division by zero /var/www/html/lyg/wenku/app/Common/common.php 第 579 行.
SQL: SELECT * FROM `mt_raty` WHERE ( `itemid` = 22 ) AND ( `typeid` = 1 ) LIMIT 1   [ RunTime:0.000100s ]
SQL: SELECT COUNT(*) AS tp_count FROM `mt_comment` WHERE ( `typeid` = 1 ) AND ( `status` = 1 ) AND ( `itemid` = 22 ) LIMIT 1   [ RunTime:0.000098s ]
SQL: SELECT COUNT(itemid) AS tp_count FROM `mt_itemlog` WHERE ( `typeid` = 1 ) AND ( `type` = 2 ) AND ( `itemid` = 22 ) LIMIT 1   [ RunTime:0.000110s ]
SQL: SELECT COUNT(itemid) AS tp_count FROM `mt_itemlog` WHERE ( `typeid` = 1 ) AND ( `type` = 3 ) AND ( `itemid` = 22 ) LIMIT 1   [ RunTime:0.000124s ]
SQL: SELECT COUNT(itemid) AS tp_count FROM `mt_itemlog` WHERE ( `typeid` = 1 ) AND ( `type` = 1 ) AND ( `itemid` = 21 ) LIMIT 1   [ RunTime:0.000110s ]
SQL: SELECT * FROM `mt_raty` WHERE ( `itemid` = 21 ) AND ( `typeid` = 1 ) LIMIT 1   [ RunTime:0.000101s ]
NOTIC: [2] Division by zero /var/www/html/lyg/wenku/app/Common/common.php 第 579 行.
SQL: SELECT * FROM `mt_raty` WHERE ( `itemid` = 21 ) AND ( `typeid` = 1 ) LIMIT 1   [ RunTime:0.000099s ]
SQL: SELECT COUNT(*) AS tp_count FROM `mt_comment` WHERE ( `typeid` = 1 ) AND ( `status` = 1 ) AND ( `itemid` = 21 ) LIMIT 1   [ RunTime:0.000126s ]
SQL: SELECT COUNT(itemid) AS tp_count FROM `mt_itemlog` WHERE ( `typeid` = 1 ) AND ( `type` = 2 ) AND ( `itemid` = 21 ) LIMIT 1   [ RunTime:0.000110s ]
SQL: SELECT COUNT(itemid) AS tp_count FROM `mt_itemlog` WHERE ( `typeid` = 1 ) AND ( `type` = 3 ) AND ( `itemid` = 21 ) LIMIT 1   [ RunTime:0.000109s ]
SQL: SELECT COUNT(itemid) AS tp_count FROM `mt_itemlog` WHERE ( `typeid` = 1 ) AND ( `type` = 1 ) AND ( `itemid` = 20 ) LIMIT 1   [ RunTime:0.000108s ]
SQL: SELECT * FROM `mt_raty` WHERE ( `itemid` = 20 ) AND ( `typeid` = 1 ) LIMIT 1   [ RunTime:0.000101s ]
NOTIC: [2] Division by zero /var/www/html/lyg/wenku/app/Common/common.php 第 579 行.
SQL: SELECT * FROM `mt_raty` WHERE ( `itemid` = 20 ) AND ( `typeid` = 1 ) LIMIT 1   [ RunTime:0.000098s ]
SQL: SELECT COUNT(*) AS tp_count FROM `mt_comment` WHERE ( `typeid` = 1 ) AND ( `status` = 1 ) AND ( `itemid` = 20 ) LIMIT 1   [ RunTime:0.000101s ]
SQL: SELECT COUNT(itemid) AS tp_count FROM `mt_itemlog` WHERE ( `typeid` = 1 ) AND ( `type` = 2 ) AND ( `itemid` = 20 ) LIMIT 1   [ RunTime:0.000145s ]
SQL: SELECT COUNT(itemid) AS tp_count FROM `mt_itemlog` WHERE ( `typeid` = 1 ) AND ( `type` = 3 ) AND ( `itemid` = 20 ) LIMIT 1   [ RunTime:0.000131s ]
SQL: SELECT COUNT(itemid) AS tp_count FROM `mt_itemlog` WHERE ( `typeid` = 1 ) AND ( `type` = 1 ) AND ( `itemid` = 19 ) LIMIT 1   [ RunTime:0.000118s ]
SQL: SELECT * FROM `mt_raty` WHERE ( `itemid` = 19 ) AND ( `typeid` = 1 ) LIMIT 1   [ RunTime:0.000140s ]
NOTIC: [2] Division by zero /var/www/html/lyg/wenku/app/Common/common.php 第 579 行.
SQL: SELECT * FROM `mt_raty` WHERE ( `itemid` = 19 ) AND ( `typeid` = 1 ) LIMIT 1   [ RunTime:0.000107s ]
SQL: SELECT COUNT(*) AS tp_count FROM `mt_comment` WHERE ( `typeid` = 1 ) AND ( `status` = 1 ) AND ( `itemid` = 19 ) LIMIT 1   [ RunTime:0.000103s ]
SQL: SELECT COUNT(itemid) AS tp_count FROM `mt_itemlog` WHERE ( `typeid` = 1 ) AND ( `type` = 2 ) AND ( `itemid` = 19 ) LIMIT 1   [ RunTime:0.000115s ]
SQL: SELECT COUNT(itemid) AS tp_count FROM `mt_itemlog` WHERE ( `typeid` = 1 ) AND ( `type` = 3 ) AND ( `itemid` = 19 ) LIMIT 1   [ RunTime:0.000124s ]
SQL: SELECT COUNT(itemid) AS tp_count FROM `mt_itemlog` WHERE ( `typeid` = 1 ) AND ( `type` = 1 ) AND ( `itemid` = 18 ) LIMIT 1   [ RunTime:0.000114s ]
SQL: SELECT * FROM `mt_raty` WHERE ( `itemid` = 18 ) AND ( `typeid` = 1 ) LIMIT 1   [ RunTime:0.000102s ]
NOTIC: [2] Division by zero /var/www/html/lyg/wenku/app/Common/common.php 第 579 行.
SQL: SELECT * FROM `mt_raty` WHERE ( `itemid` = 18 ) AND ( `typeid` = 1 ) LIMIT 1   [ RunTime:0.000101s ]
SQL: SELECT COUNT(*) AS tp_count FROM `mt_comment` WHERE ( `typeid` = 1 ) AND ( `status` = 1 ) AND ( `itemid` = 18 ) LIMIT 1   [ RunTime:0.000102s ]
SQL: SELECT COUNT(itemid) AS tp_count FROM `mt_itemlog` WHERE ( `typeid` = 1 ) AND ( `type` = 2 ) AND ( `itemid` = 18 ) LIMIT 1   [ RunTime:0.000112s ]
SQL: SELECT COUNT(itemid) AS tp_count FROM `mt_itemlog` WHERE ( `typeid` = 1 ) AND ( `type` = 3 ) AND ( `itemid` = 18 ) LIMIT 1   [ RunTime:0.000111s ]
SQL: SELECT COUNT(itemid) AS tp_count FROM `mt_itemlog` WHERE ( `typeid` = 1 ) AND ( `type` = 1 ) AND ( `itemid` = 17 ) LIMIT 1   [ RunTime:0.000114s ]
SQL: SELECT * FROM `mt_raty` WHERE ( `itemid` = 17 ) AND ( `typeid` = 1 ) LIMIT 1   [ RunTime:0.000101s ]
NOTIC: [2] Division by zero /var/www/html/lyg/wenku/app/Common/common.php 第 579 行.
SQL: SELECT * FROM `mt_raty` WHERE ( `itemid` = 17 ) AND ( `typeid` = 1 ) LIMIT 1   [ RunTime:0.000101s ]
SQL: SELECT COUNT(*) AS tp_count FROM `mt_comment` WHERE ( `typeid` = 1 ) AND ( `status` = 1 ) AND ( `itemid` = 17 ) LIMIT 1   [ RunTime:0.000099s ]
SQL: SELECT COUNT(itemid) AS tp_count FROM `mt_itemlog` WHERE ( `typeid` = 1 ) AND ( `type` = 2 ) AND ( `itemid` = 17 ) LIMIT 1   [ RunTime:0.000113s ]
SQL: SELECT COUNT(itemid) AS tp_count FROM `mt_itemlog` WHERE ( `typeid` = 1 ) AND ( `type` = 3 ) AND ( `itemid` = 17 ) LIMIT 1   [ RunTime:0.000111s ]
SQL: SELECT COUNT(itemid) AS tp_count FROM `mt_itemlog` WHERE ( `typeid` = 1 ) AND ( `type` = 1 ) AND ( `itemid` = 16 ) LIMIT 1   [ RunTime:0.000110s ]
SQL: SELECT * FROM `mt_raty` WHERE ( `itemid` = 16 ) AND ( `typeid` = 1 ) LIMIT 1   [ RunTime:0.000133s ]
NOTIC: [2] Division by zero /var/www/html/lyg/wenku/app/Common/common.php 第 579 行.
SQL: SELECT * FROM `mt_raty` WHERE ( `itemid` = 16 ) AND ( `typeid` = 1 ) LIMIT 1   [ RunTime:0.000100s ]
SQL: SELECT COUNT(*) AS tp_count FROM `mt_comment` WHERE ( `typeid` = 1 ) AND ( `status` = 1 ) AND ( `itemid` = 16 ) LIMIT 1   [ RunTime:0.000099s ]
SQL: SELECT COUNT(itemid) AS tp_count FROM `mt_itemlog` WHERE ( `typeid` = 1 ) AND ( `type` = 2 ) AND ( `itemid` = 16 ) LIMIT 1   [ RunTime:0.000114s ]
SQL: SELECT COUNT(itemid) AS tp_count FROM `mt_itemlog` WHERE ( `typeid` = 1 ) AND ( `type` = 3 ) AND ( `itemid` = 16 ) LIMIT 1   [ RunTime:0.000111s ]
SQL: SELECT COUNT(itemid) AS tp_count FROM `mt_itemlog` WHERE ( `typeid` = 1 ) AND ( `type` = 1 ) AND ( `itemid` = 15 ) LIMIT 1   [ RunTime:0.000111s ]
SQL: SELECT * FROM `mt_raty` WHERE ( `itemid` = 15 ) AND ( `typeid` = 1 ) LIMIT 1   [ RunTime:0.000100s ]
NOTIC: [2] Division by zero /var/www/html/lyg/wenku/app/Common/common.php 第 579 行.
SQL: SELECT * FROM `mt_raty` WHERE ( `itemid` = 15 ) AND ( `typeid` = 1 ) LIMIT 1   [ RunTime:0.000100s ]
SQL: SELECT COUNT(*) AS tp_count FROM `mt_comment` WHERE ( `typeid` = 1 ) AND ( `status` = 1 ) AND ( `itemid` = 15 ) LIMIT 1   [ RunTime:0.000099s ]
SQL: SELECT COUNT(itemid) AS tp_count FROM `mt_itemlog` WHERE ( `typeid` = 1 ) AND ( `type` = 2 ) AND ( `itemid` = 15 ) LIMIT 1   [ RunTime:0.000111s ]
SQL: SELECT COUNT(itemid) AS tp_count FROM `mt_itemlog` WHERE ( `typeid` = 1 ) AND ( `type` = 3 ) AND ( `itemid` = 15 ) LIMIT 1   [ RunTime:0.000111s ]
SQL: SELECT COUNT(itemid) AS tp_count FROM `mt_itemlog` WHERE ( `typeid` = 1 ) AND ( `type` = 1 ) AND ( `itemid` = 14 ) LIMIT 1   [ RunTime:0.000128s ]
SQL: SELECT * FROM `mt_raty` WHERE ( `itemid` = 14 ) AND ( `typeid` = 1 ) LIMIT 1   [ RunTime:0.000101s ]
NOTIC: [2] Division by zero /var/www/html/lyg/wenku/app/Common/common.php 第 579 行.
SQL: SELECT * FROM `mt_raty` WHERE ( `itemid` = 14 ) AND ( `typeid` = 1 ) LIMIT 1   [ RunTime:0.000133s ]
SQL: SELECT COUNT(*) AS tp_count FROM `mt_comment` WHERE ( `typeid` = 1 ) AND ( `status` = 1 ) AND ( `itemid` = 14 ) LIMIT 1   [ RunTime:0.000098s ]
SQL: SELECT COUNT(itemid) AS tp_count FROM `mt_itemlog` WHERE ( `typeid` = 1 ) AND ( `type` = 2 ) AND ( `itemid` = 14 ) LIMIT 1   [ RunTime:0.000110s ]
SQL: SELECT COUNT(itemid) AS tp_count FROM `mt_itemlog` WHERE ( `typeid` = 1 ) AND ( `type` = 3 ) AND ( `itemid` = 14 ) LIMIT 1   [ RunTime:0.000110s ]
SQL: SELECT COUNT(itemid) AS tp_count FROM `mt_itemlog` WHERE ( `typeid` = 1 ) AND ( `type` = 1 ) AND ( `itemid` = 13 ) LIMIT 1   [ RunTime:0.000127s ]
SQL: SELECT * FROM `mt_raty` WHERE ( `itemid` = 13 ) AND ( `typeid` = 1 ) LIMIT 1   [ RunTime:0.000100s ]
NOTIC: [2] Division by zero /var/www/html/lyg/wenku/app/Common/common.php 第 579 行.
SQL: SELECT * FROM `mt_raty` WHERE ( `itemid` = 13 ) AND ( `typeid` = 1 ) LIMIT 1   [ RunTime:0.000099s ]
SQL: SELECT COUNT(*) AS tp_count FROM `mt_comment` WHERE ( `typeid` = 1 ) AND ( `status` = 1 ) AND ( `itemid` = 13 ) LIMIT 1   [ RunTime:0.000098s ]
SQL: SELECT COUNT(itemid) AS tp_count FROM `mt_itemlog` WHERE ( `typeid` = 1 ) AND ( `type` = 2 ) AND ( `itemid` = 13 ) LIMIT 1   [ RunTime:0.000110s ]
SQL: SELECT COUNT(itemid) AS tp_count FROM `mt_itemlog` WHERE ( `typeid` = 1 ) AND ( `type` = 3 ) AND ( `itemid` = 13 ) LIMIT 1   [ RunTime:0.000137s ]
SQL: SELECT COUNT(itemid) AS tp_count FROM `mt_itemlog` WHERE ( `typeid` = 1 ) AND ( `type` = 1 ) AND ( `itemid` = 12 ) LIMIT 1   [ RunTime:0.000109s ]
SQL: SELECT * FROM `mt_raty` WHERE ( `itemid` = 12 ) AND ( `typeid` = 1 ) LIMIT 1   [ RunTime:0.000102s ]
NOTIC: [2] Division by zero /var/www/html/lyg/wenku/app/Common/common.php 第 579 行.
SQL: SELECT * FROM `mt_raty` WHERE ( `itemid` = 12 ) AND ( `typeid` = 1 ) LIMIT 1   [ RunTime:0.000100s ]
SQL: SELECT COUNT(*) AS tp_count FROM `mt_comment` WHERE ( `typeid` = 1 ) AND ( `status` = 1 ) AND ( `itemid` = 12 ) LIMIT 1   [ RunTime:0.000100s ]
SQL: SELECT COUNT(itemid) AS tp_count FROM `mt_itemlog` WHERE ( `typeid` = 1 ) AND ( `type` = 2 ) AND ( `itemid` = 12 ) LIMIT 1   [ RunTime:0.000109s ]
SQL: SELECT COUNT(itemid) AS tp_count FROM `mt_itemlog` WHERE ( `typeid` = 1 ) AND ( `type` = 3 ) AND ( `itemid` = 12 ) LIMIT 1   [ RunTime:0.000108s ]
SQL: SELECT COUNT(itemid) AS tp_count FROM `mt_itemlog` WHERE ( `typeid` = 1 ) AND ( `type` = 1 ) AND ( `itemid` = 11 ) LIMIT 1   [ RunTime:0.000158s ]
SQL: SELECT * FROM `mt_raty` WHERE ( `itemid` = 11 ) AND ( `typeid` = 1 ) LIMIT 1   [ RunTime:0.000100s ]
NOTIC: [2] Division by zero /var/www/html/lyg/wenku/app/Common/common.php 第 579 行.
SQL: SELECT * FROM `mt_raty` WHERE ( `itemid` = 11 ) AND ( `typeid` = 1 ) LIMIT 1   [ RunTime:0.000098s ]
SQL: SELECT COUNT(*) AS tp_count FROM `mt_comment` WHERE ( `typeid` = 1 ) AND ( `status` = 1 ) AND ( `itemid` = 11 ) LIMIT 1   [ RunTime:0.000099s ]
SQL: SELECT COUNT(itemid) AS tp_count FROM `mt_itemlog` WHERE ( `typeid` = 1 ) AND ( `type` = 2 ) AND ( `itemid` = 11 ) LIMIT 1   [ RunTime:0.000109s ]
SQL: SELECT COUNT(itemid) AS tp_count FROM `mt_itemlog` WHERE ( `typeid` = 1 ) AND ( `type` = 3 ) AND ( `itemid` = 11 ) LIMIT 1   [ RunTime:0.000109s ]
SQL: SELECT COUNT(itemid) AS tp_count FROM `mt_itemlog` WHERE ( `typeid` = 1 ) AND ( `type` = 1 ) AND ( `itemid` = 10 ) LIMIT 1   [ RunTime:0.000108s ]
SQL: SELECT * FROM `mt_raty` WHERE ( `itemid` = 10 ) AND ( `typeid` = 1 ) LIMIT 1   [ RunTime:0.000132s ]
NOTIC: [2] Division by zero /var/www/html/lyg/wenku/app/Common/common.php 第 579 行.
SQL: SELECT * FROM `mt_raty` WHERE ( `itemid` = 10 ) AND ( `typeid` = 1 ) LIMIT 1   [ RunTime:0.000099s ]
SQL: SELECT COUNT(*) AS tp_count FROM `mt_comment` WHERE ( `typeid` = 1 ) AND ( `status` = 1 ) AND ( `itemid` = 10 ) LIMIT 1   [ RunTime:0.000101s ]
SQL: SELECT COUNT(itemid) AS tp_count FROM `mt_itemlog` WHERE ( `typeid` = 1 ) AND ( `type` = 2 ) AND ( `itemid` = 10 ) LIMIT 1   [ RunTime:0.000114s ]
SQL: SELECT COUNT(itemid) AS tp_count FROM `mt_itemlog` WHERE ( `typeid` = 1 ) AND ( `type` = 3 ) AND ( `itemid` = 10 ) LIMIT 1   [ RunTime:0.000109s ]
SQL: SELECT COUNT(itemid) AS tp_count FROM `mt_itemlog` WHERE ( `typeid` = 1 ) AND ( `type` = 1 ) AND ( `itemid` = 9 ) LIMIT 1   [ RunTime:0.000109s ]
SQL: SELECT * FROM `mt_raty` WHERE ( `itemid` = 9 ) AND ( `typeid` = 1 ) LIMIT 1   [ RunTime:0.000099s ]
NOTIC: [2] Division by zero /var/www/html/lyg/wenku/app/Common/common.php 第 579 行.
SQL: SELECT * FROM `mt_raty` WHERE ( `itemid` = 9 ) AND ( `typeid` = 1 ) LIMIT 1   [ RunTime:0.000106s ]
SQL: SELECT COUNT(*) AS tp_count FROM `mt_comment` WHERE ( `typeid` = 1 ) AND ( `status` = 1 ) AND ( `itemid` = 9 ) LIMIT 1   [ RunTime:0.000099s ]
SQL: SELECT COUNT(itemid) AS tp_count FROM `mt_itemlog` WHERE ( `typeid` = 1 ) AND ( `type` = 2 ) AND ( `itemid` = 9 ) LIMIT 1   [ RunTime:0.000109s ]
SQL: SELECT COUNT(itemid) AS tp_count FROM `mt_itemlog` WHERE ( `typeid` = 1 ) AND ( `type` = 3 ) AND ( `itemid` = 9 ) LIMIT 1   [ RunTime:0.000108s ]
SQL: SELECT COUNT(itemid) AS tp_count FROM `mt_itemlog` WHERE ( `typeid` = 1 ) AND ( `type` = 1 ) AND ( `itemid` = 8 ) LIMIT 1   [ RunTime:0.000125s ]
SQL: SELECT * FROM `mt_raty` WHERE ( `itemid` = 8 ) AND ( `typeid` = 1 ) LIMIT 1   [ RunTime:0.000100s ]
NOTIC: [2] Division by zero /var/www/html/lyg/wenku/app/Common/common.php 第 579 行.
SQL: SELECT * FROM `mt_raty` WHERE ( `itemid` = 8 ) AND ( `typeid` = 1 ) LIMIT 1   [ RunTime:0.000098s ]
SQL: SELECT COUNT(*) AS tp_count FROM `mt_comment` WHERE ( `typeid` = 1 ) AND ( `status` = 1 ) AND ( `itemid` = 8 ) LIMIT 1   [ RunTime:0.000096s ]
SQL: SELECT COUNT(itemid) AS tp_count FROM `mt_itemlog` WHERE ( `typeid` = 1 ) AND ( `type` = 2 ) AND ( `itemid` = 8 ) LIMIT 1   [ RunTime:0.000125s ]
SQL: SELECT COUNT(itemid) AS tp_count FROM `mt_itemlog` WHERE ( `typeid` = 1 ) AND ( `type` = 3 ) AND ( `itemid` = 8 ) LIMIT 1   [ RunTime:0.000108s ]
SQL: SELECT * FROM `mt_raty` WHERE ( `itemid` = 23 ) AND ( `typeid` = 1 ) LIMIT 1   [ RunTime:0.000099s ]
NOTIC: [2] Division by zero /var/www/html/lyg/wenku/app/Common/common.php 第 608 行.
SQL: SELECT * FROM `mt_raty` WHERE ( `itemid` = 22 ) AND ( `typeid` = 1 ) LIMIT 1   [ RunTime:0.000098s ]
NOTIC: [2] Division by zero /var/www/html/lyg/wenku/app/Common/common.php 第 608 行.
SQL: SELECT * FROM `mt_raty` WHERE ( `itemid` = 21 ) AND ( `typeid` = 1 ) LIMIT 1   [ RunTime:0.000098s ]
NOTIC: [2] Division by zero /var/www/html/lyg/wenku/app/Common/common.php 第 608 行.
SQL: SELECT * FROM `mt_raty` WHERE ( `itemid` = 20 ) AND ( `typeid` = 1 ) LIMIT 1   [ RunTime:0.000097s ]
NOTIC: [2] Division by zero /var/www/html/lyg/wenku/app/Common/common.php 第 608 行.
SQL: SELECT * FROM `mt_raty` WHERE ( `itemid` = 19 ) AND ( `typeid` = 1 ) LIMIT 1   [ RunTime:0.000097s ]
NOTIC: [2] Division by zero /var/www/html/lyg/wenku/app/Common/common.php 第 608 行.
SQL: SELECT * FROM `mt_raty` WHERE ( `itemid` = 18 ) AND ( `typeid` = 1 ) LIMIT 1   [ RunTime:0.000097s ]
NOTIC: [2] Division by zero /var/www/html/lyg/wenku/app/Common/common.php 第 608 行.
SQL: SELECT * FROM `mt_raty` WHERE ( `itemid` = 17 ) AND ( `typeid` = 1 ) LIMIT 1   [ RunTime:0.000098s ]
NOTIC: [2] Division by zero /var/www/html/lyg/wenku/app/Common/common.php 第 608 行.
SQL: SELECT * FROM `mt_raty` WHERE ( `itemid` = 16 ) AND ( `typeid` = 1 ) LIMIT 1   [ RunTime:0.000097s ]
NOTIC: [2] Division by zero /var/www/html/lyg/wenku/app/Common/common.php 第 608 行.
SQL: SELECT * FROM `mt_raty` WHERE ( `itemid` = 15 ) AND ( `typeid` = 1 ) LIMIT 1   [ RunTime:0.000099s ]
NOTIC: [2] Division by zero /var/www/html/lyg/wenku/app/Common/common.php 第 608 行.
SQL: SELECT * FROM `mt_raty` WHERE ( `itemid` = 14 ) AND ( `typeid` = 1 ) LIMIT 1   [ RunTime:0.000123s ]
NOTIC: [2] Division by zero /var/www/html/lyg/wenku/app/Common/common.php 第 608 行.
SQL: SELECT * FROM `mt_raty` WHERE ( `itemid` = 13 ) AND ( `typeid` = 1 ) LIMIT 1   [ RunTime:0.000098s ]
NOTIC: [2] Division by zero /var/www/html/lyg/wenku/app/Common/common.php 第 608 行.
SQL: SELECT * FROM `mt_raty` WHERE ( `itemid` = 12 ) AND ( `typeid` = 1 ) LIMIT 1   [ RunTime:0.000097s ]
NOTIC: [2] Division by zero /var/www/html/lyg/wenku/app/Common/common.php 第 608 行.
SQL: SELECT * FROM `mt_raty` WHERE ( `itemid` = 11 ) AND ( `typeid` = 1 ) LIMIT 1   [ RunTime:0.000097s ]
NOTIC: [2] Division by zero /var/www/html/lyg/wenku/app/Common/common.php 第 608 行.
SQL: SELECT * FROM `mt_raty` WHERE ( `itemid` = 10 ) AND ( `typeid` = 1 ) LIMIT 1   [ RunTime:0.000114s ]
NOTIC: [2] Division by zero /var/www/html/lyg/wenku/app/Common/common.php 第 608 行.
SQL: SELECT * FROM `mt_raty` WHERE ( `itemid` = 9 ) AND ( `typeid` = 1 ) LIMIT 1   [ RunTime:0.000097s ]
NOTIC: [2] Division by zero /var/www/html/lyg/wenku/app/Common/common.php 第 608 行.
SQL: SELECT * FROM `mt_raty` WHERE ( `itemid` = 8 ) AND ( `typeid` = 1 ) LIMIT 1   [ RunTime:0.000096s ]
NOTIC: [2] Division by zero /var/www/html/lyg/wenku/app/Common/common.php 第 608 行.
SQL: SELECT * FROM `mt_doc_con` WHERE ( `id` = 12 ) LIMIT 1   [ RunTime:0.000142s ]
SQL: SELECT * FROM `mt_doc_con` WHERE ( `id` = 13 ) LIMIT 1   [ RunTime:0.000124s ]
SQL: SELECT * FROM `mt_doc_con` WHERE ( `id` = 14 ) LIMIT 1   [ RunTime:0.000123s ]
SQL: SELECT * FROM `mt_doc_con` WHERE ( `id` = 11 ) LIMIT 1   [ RunTime:0.000167s ]
SQL: SELECT * FROM `mt_doc_con` WHERE ( `id` = 10 ) LIMIT 1   [ RunTime:0.000125s ]
SQL: SELECT * FROM `mt_doc_con` WHERE ( `id` = 8 ) LIMIT 1   [ RunTime:0.000126s ]
SQL: SELECT * FROM `mt_doc_con` WHERE ( `add_time` <= 1468410012 ) AND ( `status` > 1 ) ORDER BY add_time desc  [ RunTime:0.000203s ]
SQL: SELECT COUNT(itemid) AS tp_count FROM `mt_itemlog` WHERE ( `typeid` = 1 ) AND ( `type` = 1 ) AND ( `itemid` = 23 ) LIMIT 1   [ RunTime:0.000114s ]
SQL: SELECT * FROM `mt_raty` WHERE ( `itemid` = 23 ) AND ( `typeid` = 1 ) LIMIT 1   [ RunTime:0.000101s ]
NOTIC: [2] Division by zero /var/www/html/lyg/wenku/app/Common/common.php 第 579 行.
SQL: SELECT * FROM `mt_raty` WHERE ( `itemid` = 23 ) AND ( `typeid` = 1 ) LIMIT 1   [ RunTime:0.000100s ]
SQL: SELECT COUNT(*) AS tp_count FROM `mt_comment` WHERE ( `typeid` = 1 ) AND ( `status` = 1 ) AND ( `itemid` = 23 ) LIMIT 1   [ RunTime:0.000099s ]
SQL: SELECT COUNT(itemid) AS tp_count FROM `mt_itemlog` WHERE ( `typeid` = 1 ) AND ( `type` = 2 ) AND ( `itemid` = 23 ) LIMIT 1   [ RunTime:0.000111s ]
SQL: SELECT COUNT(itemid) AS tp_count FROM `mt_itemlog` WHERE ( `typeid` = 1 ) AND ( `type` = 3 ) AND ( `itemid` = 23 ) LIMIT 1   [ RunTime:0.000130s ]
SQL: SELECT COUNT(itemid) AS tp_count FROM `mt_itemlog` WHERE ( `typeid` = 1 ) AND ( `type` = 1 ) AND ( `itemid` = 22 ) LIMIT 1   [ RunTime:0.000110s ]
SQL: SELECT * FROM `mt_raty` WHERE ( `itemid` = 22 ) AND ( `typeid` = 1 ) LIMIT 1   [ RunTime:0.000100s ]
NOTIC: [2] Division by zero /var/www/html/lyg/wenku/app/Common/common.php 第 579 行.
SQL: SELECT * FROM `mt_raty` WHERE ( `itemid` = 22 ) AND ( `typeid` = 1 ) LIMIT 1   [ RunTime:0.000120s ]
SQL: SELECT COUNT(*) AS tp_count FROM `mt_comment` WHERE ( `typeid` = 1 ) AND ( `status` = 1 ) AND ( `itemid` = 22 ) LIMIT 1   [ RunTime:0.000103s ]
SQL: SELECT COUNT(itemid) AS tp_count FROM `mt_itemlog` WHERE ( `typeid` = 1 ) AND ( `type` = 2 ) AND ( `itemid` = 22 ) LIMIT 1   [ RunTime:0.000111s ]
SQL: SELECT COUNT(itemid) AS tp_count FROM `mt_itemlog` WHERE ( `typeid` = 1 ) AND ( `type` = 3 ) AND ( `itemid` = 22 ) LIMIT 1   [ RunTime:0.000110s ]
SQL: SELECT COUNT(itemid) AS tp_count FROM `mt_itemlog` WHERE ( `typeid` = 1 ) AND ( `type` = 1 ) AND ( `itemid` = 21 ) LIMIT 1   [ RunTime:0.000109s ]
SQL: SELECT * FROM `mt_raty` WHERE ( `itemid` = 21 ) AND ( `typeid` = 1 ) LIMIT 1   [ RunTime:0.000100s ]
NOTIC: [2] Division by zero /var/www/html/lyg/wenku/app/Common/common.php 第 579 行.
SQL: SELECT * FROM `mt_raty` WHERE ( `itemid` = 21 ) AND ( `typeid` = 1 ) LIMIT 1   [ RunTime:0.000098s ]
SQL: SELECT COUNT(*) AS tp_count FROM `mt_comment` WHERE ( `typeid` = 1 ) AND ( `status` = 1 ) AND ( `itemid` = 21 ) LIMIT 1   [ RunTime:0.000097s ]
SQL: SELECT COUNT(itemid) AS tp_count FROM `mt_itemlog` WHERE ( `typeid` = 1 ) AND ( `type` = 2 ) AND ( `itemid` = 21 ) LIMIT 1   [ RunTime:0.000126s ]
SQL: SELECT COUNT(itemid) AS tp_count FROM `mt_itemlog` WHERE ( `typeid` = 1 ) AND ( `type` = 3 ) AND ( `itemid` = 21 ) LIMIT 1   [ RunTime:0.000109s ]
SQL: SELECT COUNT(itemid) AS tp_count FROM `mt_itemlog` WHERE ( `typeid` = 1 ) AND ( `type` = 1 ) AND ( `itemid` = 20 ) LIMIT 1   [ RunTime:0.000108s ]
SQL: SELECT * FROM `mt_raty` WHERE ( `itemid` = 20 ) AND ( `typeid` = 1 ) LIMIT 1   [ RunTime:0.000100s ]
NOTIC: [2] Division by zero /var/www/html/lyg/wenku/app/Common/common.php 第 579 行.
SQL: SELECT * FROM `mt_raty` WHERE ( `itemid` = 20 ) AND ( `typeid` = 1 ) LIMIT 1   [ RunTime:0.000130s ]
SQL: SELECT COUNT(*) AS tp_count FROM `mt_comment` WHERE ( `typeid` = 1 ) AND ( `status` = 1 ) AND ( `itemid` = 20 ) LIMIT 1   [ RunTime:0.000100s ]
SQL: SELECT COUNT(itemid) AS tp_count FROM `mt_itemlog` WHERE ( `typeid` = 1 ) AND ( `type` = 2 ) AND ( `itemid` = 20 ) LIMIT 1   [ RunTime:0.000109s ]
SQL: SELECT COUNT(itemid) AS tp_count FROM `mt_itemlog` WHERE ( `typeid` = 1 ) AND ( `type` = 3 ) AND ( `itemid` = 20 ) LIMIT 1   [ RunTime:0.000108s ]
SQL: SELECT COUNT(itemid) AS tp_count FROM `mt_itemlog` WHERE ( `typeid` = 1 ) AND ( `type` = 1 ) AND ( `itemid` = 19 ) LIMIT 1   [ RunTime:0.000109s ]
SQL: SELECT * FROM `mt_raty` WHERE ( `itemid` = 19 ) AND ( `typeid` = 1 ) LIMIT 1   [ RunTime:0.000098s ]
NOTIC: [2] Division by zero /var/www/html/lyg/wenku/app/Common/common.php 第 579 行.
SQL: SELECT * FROM `mt_raty` WHERE ( `itemid` = 19 ) AND ( `typeid` = 1 ) LIMIT 1   [ RunTime:0.000098s ]
SQL: SELECT COUNT(*) AS tp_count FROM `mt_comment` WHERE ( `typeid` = 1 ) AND ( `status` = 1 ) AND ( `itemid` = 19 ) LIMIT 1   [ RunTime:0.000096s ]
SQL: SELECT COUNT(itemid) AS tp_count FROM `mt_itemlog` WHERE ( `typeid` = 1 ) AND ( `type` = 2 ) AND ( `itemid` = 19 ) LIMIT 1   [ RunTime:0.000109s ]
SQL: SELECT COUNT(itemid) AS tp_count FROM `mt_itemlog` WHERE ( `typeid` = 1 ) AND ( `type` = 3 ) AND ( `itemid` = 19 ) LIMIT 1   [ RunTime:0.000109s ]
SQL: SELECT COUNT(itemid) AS tp_count FROM `mt_itemlog` WHERE ( `typeid` = 1 ) AND ( `type` = 1 ) AND ( `itemid` = 18 ) LIMIT 1   [ RunTime:0.000107s ]
SQL: SELECT * FROM `mt_raty` WHERE ( `itemid` = 18 ) AND ( `typeid` = 1 ) LIMIT 1   [ RunTime:0.000113s ]
NOTIC: [2] Division by zero /var/www/html/lyg/wenku/app/Common/common.php 第 579 行.
SQL: SELECT * FROM `mt_raty` WHERE ( `itemid` = 18 ) AND ( `typeid` = 1 ) LIMIT 1   [ RunTime:0.000098s ]
SQL: SELECT COUNT(*) AS tp_count FROM `mt_comment` WHERE ( `typeid` = 1 ) AND ( `status` = 1 ) AND ( `itemid` = 18 ) LIMIT 1   [ RunTime:0.000096s ]
SQL: SELECT COUNT(itemid) AS tp_count FROM `mt_itemlog` WHERE ( `typeid` = 1 ) AND ( `type` = 2 ) AND ( `itemid` = 18 ) LIMIT 1   [ RunTime:0.000111s ]
SQL: SELECT COUNT(itemid) AS tp_count FROM `mt_itemlog` WHERE ( `typeid` = 1 ) AND ( `type` = 3 ) AND ( `itemid` = 18 ) LIMIT 1   [ RunTime:0.000126s ]
SQL: SELECT COUNT(itemid) AS tp_count FROM `mt_itemlog` WHERE ( `typeid` = 1 ) AND ( `type` = 1 ) AND ( `itemid` = 17 ) LIMIT 1   [ RunTime:0.000107s ]
SQL: SELECT * FROM `mt_raty` WHERE ( `itemid` = 17 ) AND ( `typeid` = 1 ) LIMIT 1   [ RunTime:0.000137s ]
NOTIC: [2] Division by zero /var/www/html/lyg/wenku/app/Common/common.php 第 579 行.
SQL: SELECT * FROM `mt_raty` WHERE ( `itemid` = 17 ) AND ( `typeid` = 1 ) LIMIT 1   [ RunTime:0.000098s ]
SQL: SELECT COUNT(*) AS tp_count FROM `mt_comment` WHERE ( `typeid` = 1 ) AND ( `status` = 1 ) AND ( `itemid` = 17 ) LIMIT 1   [ RunTime:0.000097s ]
SQL: SELECT COUNT(itemid) AS tp_count FROM `mt_itemlog` WHERE ( `typeid` = 1 ) AND ( `type` = 2 ) AND ( `itemid` = 17 ) LIMIT 1   [ RunTime:0.000108s ]
SQL: SELECT COUNT(itemid) AS tp_count FROM `mt_itemlog` WHERE ( `typeid` = 1 ) AND ( `type` = 3 ) AND ( `itemid` = 17 ) LIMIT 1   [ RunTime:0.000107s ]
SQL: SELECT COUNT(itemid) AS tp_count FROM `mt_itemlog` WHERE ( `typeid` = 1 ) AND ( `type` = 1 ) AND ( `itemid` = 16 ) LIMIT 1   [ RunTime:0.000126s ]
SQL: SELECT * FROM `mt_raty` WHERE ( `itemid` = 16 ) AND ( `typeid` = 1 ) LIMIT 1   [ RunTime:0.000098s ]
NOTIC: [2] Division by zero /var/www/html/lyg/wenku/app/Common/common.php 第 579 行.
SQL: SELECT * FROM `mt_raty` WHERE ( `itemid` = 16 ) AND ( `typeid` = 1 ) LIMIT 1   [ RunTime:0.000097s ]
SQL: SELECT COUNT(*) AS tp_count FROM `mt_comment` WHERE ( `typeid` = 1 ) AND ( `status` = 1 ) AND ( `itemid` = 16 ) LIMIT 1   [ RunTime:0.000096s ]
SQL: SELECT COUNT(itemid) AS tp_count FROM `mt_itemlog` WHERE ( `typeid` = 1 ) AND ( `type` = 2 ) AND ( `itemid` = 16 ) LIMIT 1   [ RunTime:0.000125s ]
SQL: SELECT COUNT(itemid) AS tp_count FROM `mt_itemlog` WHERE ( `typeid` = 1 ) AND ( `type` = 3 ) AND ( `itemid` = 16 ) LIMIT 1   [ RunTime:0.000108s ]
SQL: SELECT COUNT(itemid) AS tp_count FROM `mt_itemlog` WHERE ( `typeid` = 1 ) AND ( `type` = 1 ) AND ( `itemid` = 15 ) LIMIT 1   [ RunTime:0.000108s ]
SQL: SELECT * FROM `mt_raty` WHERE ( `itemid` = 15 ) AND ( `typeid` = 1 ) LIMIT 1   [ RunTime:0.000098s ]
NOTIC: [2] Division by zero /var/www/html/lyg/wenku/app/Common/common.php 第 579 行.
SQL: SELECT * FROM `mt_raty` WHERE ( `itemid` = 15 ) AND ( `typeid` = 1 ) LIMIT 1   [ RunTime:0.000099s ]
SQL: SELECT COUNT(*) AS tp_count FROM `mt_comment` WHERE ( `typeid` = 1 ) AND ( `status` = 1 ) AND ( `itemid` = 15 ) LIMIT 1   [ RunTime:0.000096s ]
SQL: SELECT COUNT(itemid) AS tp_count FROM `mt_itemlog` WHERE ( `typeid` = 1 ) AND ( `type` = 2 ) AND ( `itemid` = 15 ) LIMIT 1   [ RunTime:0.000108s ]
SQL: SELECT COUNT(itemid) AS tp_count FROM `mt_itemlog` WHERE ( `typeid` = 1 ) AND ( `type` = 3 ) AND ( `itemid` = 15 ) LIMIT 1   [ RunTime:0.000107s ]
SQL: SELECT COUNT(itemid) AS tp_count FROM `mt_itemlog` WHERE ( `typeid` = 1 ) AND ( `type` = 1 ) AND ( `itemid` = 14 ) LIMIT 1   [ RunTime:0.000107s ]
SQL: SELECT * FROM `mt_raty` WHERE ( `itemid` = 14 ) AND ( `typeid` = 1 ) LIMIT 1   [ RunTime:0.000101s ]
NOTIC: [2] Division by zero /var/www/html/lyg/wenku/app/Common/common.php 第 579 行.
SQL: SELECT * FROM `mt_raty` WHERE ( `itemid` = 14 ) AND ( `typeid` = 1 ) LIMIT 1   [ RunTime:0.000098s ]
SQL: SELECT COUNT(*) AS tp_count FROM `mt_comment` WHERE ( `typeid` = 1 ) AND ( `status` = 1 ) AND ( `itemid` = 14 ) LIMIT 1   [ RunTime:0.000113s ]
SQL: SELECT COUNT(itemid) AS tp_count FROM `mt_itemlog` WHERE ( `typeid` = 1 ) AND ( `type` = 2 ) AND ( `itemid` = 14 ) LIMIT 1   [ RunTime:0.000109s ]
SQL: SELECT COUNT(itemid) AS tp_count FROM `mt_itemlog` WHERE ( `typeid` = 1 ) AND ( `type` = 3 ) AND ( `itemid` = 14 ) LIMIT 1   [ RunTime:0.000108s ]
SQL: SELECT COUNT(itemid) AS tp_count FROM `mt_itemlog` WHERE ( `typeid` = 1 ) AND ( `type` = 1 ) AND ( `itemid` = 13 ) LIMIT 1   [ RunTime:0.000108s ]
SQL: SELECT * FROM `mt_raty` WHERE ( `itemid` = 13 ) AND ( `typeid` = 1 ) LIMIT 1   [ RunTime:0.000115s ]
NOTIC: [2] Division by zero /var/www/html/lyg/wenku/app/Common/common.php 第 579 行.
SQL: SELECT * FROM `mt_raty` WHERE ( `itemid` = 13 ) AND ( `typeid` = 1 ) LIMIT 1   [ RunTime:0.000098s ]
SQL: SELECT COUNT(*) AS tp_count FROM `mt_comment` WHERE ( `typeid` = 1 ) AND ( `status` = 1 ) AND ( `itemid` = 13 ) LIMIT 1   [ RunTime:0.000096s ]
SQL: SELECT COUNT(itemid) AS tp_count FROM `mt_itemlog` WHERE ( `typeid` = 1 ) AND ( `type` = 2 ) AND ( `itemid` = 13 ) LIMIT 1   [ RunTime:0.000109s ]
SQL: SELECT COUNT(itemid) AS tp_count FROM `mt_itemlog` WHERE ( `typeid` = 1 ) AND ( `type` = 3 ) AND ( `itemid` = 13 ) LIMIT 1   [ RunTime:0.000108s ]
SQL: SELECT COUNT(itemid) AS tp_count FROM `mt_itemlog` WHERE ( `typeid` = 1 ) AND ( `type` = 1 ) AND ( `itemid` = 12 ) LIMIT 1   [ RunTime:0.000107s ]
SQL: SELECT * FROM `mt_raty` WHERE ( `itemid` = 12 ) AND ( `typeid` = 1 ) LIMIT 1   [ RunTime:0.000098s ]
NOTIC: [2] Division by zero /var/www/html/lyg/wenku/app/Common/common.php 第 579 行.
SQL: SELECT * FROM `mt_raty` WHERE ( `itemid` = 12 ) AND ( `typeid` = 1 ) LIMIT 1   [ RunTime:0.000097s ]
SQL: SELECT COUNT(*) AS tp_count FROM `mt_comment` WHERE ( `typeid` = 1 ) AND ( `status` = 1 ) AND ( `itemid` = 12 ) LIMIT 1   [ RunTime:0.000096s ]
SQL: SELECT COUNT(itemid) AS tp_count FROM `mt_itemlog` WHERE ( `typeid` = 1 ) AND ( `type` = 2 ) AND ( `itemid` = 12 ) LIMIT 1   [ RunTime:0.000108s ]
SQL: SELECT COUNT(itemid) AS tp_count FROM `mt_itemlog` WHERE ( `typeid` = 1 ) AND ( `type` = 3 ) AND ( `itemid` = 12 ) LIMIT 1   [ RunTime:0.000108s ]
SQL: SELECT COUNT(itemid) AS tp_count FROM `mt_itemlog` WHERE ( `typeid` = 1 ) AND ( `type` = 1 ) AND ( `itemid` = 11 ) LIMIT 1   [ RunTime:0.000123s ]
SQL: SELECT * FROM `mt_raty` WHERE ( `itemid` = 11 ) AND ( `typeid` = 1 ) LIMIT 1   [ RunTime:0.000099s ]
NOTIC: [2] Division by zero /var/www/html/lyg/wenku/app/Common/common.php 第 579 行.
SQL: SELECT * FROM `mt_raty` WHERE ( `itemid` = 11 ) AND ( `typeid` = 1 ) LIMIT 1   [ RunTime:0.000097s ]
SQL: SELECT COUNT(*) AS tp_count FROM `mt_comment` WHERE ( `typeid` = 1 ) AND ( `status` = 1 ) AND ( `itemid` = 11 ) LIMIT 1   [ RunTime:0.000096s ]
SQL: SELECT COUNT(itemid) AS tp_count FROM `mt_itemlog` WHERE ( `typeid` = 1 ) AND ( `type` = 2 ) AND ( `itemid` = 11 ) LIMIT 1   [ RunTime:0.000126s ]
SQL: SELECT COUNT(itemid) AS tp_count FROM `mt_itemlog` WHERE ( `typeid` = 1 ) AND ( `type` = 3 ) AND ( `itemid` = 11 ) LIMIT 1   [ RunTime:0.000108s ]
SQL: SELECT COUNT(itemid) AS tp_count FROM `mt_itemlog` WHERE ( `typeid` = 1 ) AND ( `type` = 1 ) AND ( `itemid` = 10 ) LIMIT 1   [ RunTime:0.000107s ]
SQL: SELECT * FROM `mt_raty` WHERE ( `itemid` = 10 ) AND ( `typeid` = 1 ) LIMIT 1   [ RunTime:0.000098s ]
NOTIC: [2] Division by zero /var/www/html/lyg/wenku/app/Common/common.php 第 579 行.
SQL: SELECT * FROM `mt_raty` WHERE ( `itemid` = 10 ) AND ( `typeid` = 1 ) LIMIT 1   [ RunTime:0.000098s ]
SQL: SELECT COUNT(*) AS tp_count FROM `mt_comment` WHERE ( `typeid` = 1 ) AND ( `status` = 1 ) AND ( `itemid` = 10 ) LIMIT 1   [ RunTime:0.000095s ]
SQL: SELECT COUNT(itemid) AS tp_count FROM `mt_itemlog` WHERE ( `typeid` = 1 ) AND ( `type` = 2 ) AND ( `itemid` = 10 ) LIMIT 1   [ RunTime:0.000108s ]
SQL: SELECT COUNT(itemid) AS tp_count FROM `mt_itemlog` WHERE ( `typeid` = 1 ) AND ( `type` = 3 ) AND ( `itemid` = 10 ) LIMIT 1   [ RunTime:0.000168s ]
SQL: SELECT COUNT(itemid) AS tp_count FROM `mt_itemlog` WHERE ( `typeid` = 1 ) AND ( `type` = 1 ) AND ( `itemid` = 9 ) LIMIT 1   [ RunTime:0.000110s ]
SQL: SELECT * FROM `mt_raty` WHERE ( `itemid` = 9 ) AND ( `typeid` = 1 ) LIMIT 1   [ RunTime:0.000099s ]
NOTIC: [2] Division by zero /var/www/html/lyg/wenku/app/Common/common.php 第 579 行.
SQL: SELECT * FROM `mt_raty` WHERE ( `itemid` = 9 ) AND ( `typeid` = 1 ) LIMIT 1   [ RunTime:0.000098s ]
SQL: SELECT COUNT(*) AS tp_count FROM `mt_comment` WHERE ( `typeid` = 1 ) AND ( `status` = 1 ) AND ( `itemid` = 9 ) LIMIT 1   [ RunTime:0.000114s ]
SQL: SELECT COUNT(itemid) AS tp_count FROM `mt_itemlog` WHERE ( `typeid` = 1 ) AND ( `type` = 2 ) AND ( `itemid` = 9 ) LIMIT 1   [ RunTime:0.000108s ]
SQL: SELECT COUNT(itemid) AS tp_count FROM `mt_itemlog` WHERE ( `typeid` = 1 ) AND ( `type` = 3 ) AND ( `itemid` = 9 ) LIMIT 1   [ RunTime:0.000107s ]
SQL: SELECT COUNT(itemid) AS tp_count FROM `mt_itemlog` WHERE ( `typeid` = 1 ) AND ( `type` = 1 ) AND ( `itemid` = 8 ) LIMIT 1   [ RunTime:0.000108s ]
SQL: SELECT * FROM `mt_raty` WHERE ( `itemid` = 8 ) AND ( `typeid` = 1 ) LIMIT 1   [ RunTime:0.000098s ]
NOTIC: [2] Division by zero /var/www/html/lyg/wenku/app/Common/common.php 第 579 行.
SQL: SELECT * FROM `mt_raty` WHERE ( `itemid` = 8 ) AND ( `typeid` = 1 ) LIMIT 1   [ RunTime:0.000097s ]
SQL: SELECT COUNT(*) AS tp_count FROM `mt_comment` WHERE ( `typeid` = 1 ) AND ( `status` = 1 ) AND ( `itemid` = 8 ) LIMIT 1   [ RunTime:0.000096s ]
SQL: SELECT COUNT(itemid) AS tp_count FROM `mt_itemlog` WHERE ( `typeid` = 1 ) AND ( `type` = 2 ) AND ( `itemid` = 8 ) LIMIT 1   [ RunTime:0.000107s ]
SQL: SELECT COUNT(itemid) AS tp_count FROM `mt_itemlog` WHERE ( `typeid` = 1 ) AND ( `type` = 3 ) AND ( `itemid` = 8 ) LIMIT 1   [ RunTime:0.000108s ]
SQL: SELECT * FROM `mt_doc_con` WHERE ( `id` = 23 ) LIMIT 1   [ RunTime:0.000127s ]
SQL: SELECT * FROM `mt_doc_con` WHERE ( `id` = 22 ) LIMIT 1   [ RunTime:0.000143s ]
SQL: SELECT * FROM `mt_doc_con` WHERE ( `id` = 21 ) LIMIT 1   [ RunTime:0.000124s ]
SQL: SELECT * FROM `mt_doc_con` WHERE ( `id` = 20 ) LIMIT 1   [ RunTime:0.000124s ]
SQL: SELECT * FROM `mt_doc_con` WHERE ( `id` = 19 ) LIMIT 1   [ RunTime:0.000124s ]
SQL: SELECT * FROM `mt_doc_con` WHERE ( `id` = 18 ) LIMIT 1   [ RunTime:0.000123s ]
SQL: SELECT * FROM `mt_doc_con` WHERE ( `id` = 17 ) LIMIT 1   [ RunTime:0.000140s ]
SQL: SELECT `name` FROM `mt_doc_cate` WHERE ( `id` = 1 ) AND ( `status` = 1 ) LIMIT 1   [ RunTime:0.000114s ]
SQL: SELECT `name` FROM `mt_doc_cate` WHERE ( `id` = 0 ) AND ( `status` = 1 ) LIMIT 1   [ RunTime:0.000103s ]
SQL: SELECT `name` FROM `mt_doc_cate` WHERE ( `id` = 1 ) AND ( `status` = 1 ) LIMIT 1   [ RunTime:0.000108s ]
SQL: SELECT `name` FROM `mt_doc_cate` WHERE ( `id` = 1 ) AND ( `status` = 1 ) LIMIT 1   [ RunTime:0.000107s ]
SQL: SELECT `name` FROM `mt_doc_cate` WHERE ( `id` = 0 ) AND ( `status` = 1 ) LIMIT 1   [ RunTime:0.000097s ]
SQL: SELECT `name` FROM `mt_doc_cate` WHERE ( `id` = 0 ) AND ( `status` = 1 ) LIMIT 1   [ RunTime:0.000098s ]
SQL: SELECT * FROM `mt_doc_con` WHERE ( `add_time` <= 1468410012 ) AND ( `status` > 1 ) ORDER BY hits desc  [ RunTime:0.000203s ]
SQL: SELECT COUNT(itemid) AS tp_count FROM `mt_itemlog` WHERE ( `typeid` = 1 ) AND ( `type` = 1 ) AND ( `itemid` = 8 ) LIMIT 1   [ RunTime:0.000113s ]
SQL: SELECT * FROM `mt_raty` WHERE ( `itemid` = 8 ) AND ( `typeid` = 1 ) LIMIT 1   [ RunTime:0.000101s ]
NOTIC: [2] Division by zero /var/www/html/lyg/wenku/app/Common/common.php 第 579 行.
SQL: SELECT * FROM `mt_raty` WHERE ( `itemid` = 8 ) AND ( `typeid` = 1 ) LIMIT 1   [ RunTime:0.000099s ]
SQL: SELECT COUNT(*) AS tp_count FROM `mt_comment` WHERE ( `typeid` = 1 ) AND ( `status` = 1 ) AND ( `itemid` = 8 ) LIMIT 1   [ RunTime:0.000099s ]
SQL: SELECT COUNT(itemid) AS tp_count FROM `mt_itemlog` WHERE ( `typeid` = 1 ) AND ( `type` = 2 ) AND ( `itemid` = 8 ) LIMIT 1   [ RunTime:0.000129s ]
SQL: SELECT COUNT(itemid) AS tp_count FROM `mt_itemlog` WHERE ( `typeid` = 1 ) AND ( `type` = 3 ) AND ( `itemid` = 8 ) LIMIT 1   [ RunTime:0.000110s ]
SQL: SELECT COUNT(itemid) AS tp_count FROM `mt_itemlog` WHERE ( `typeid` = 1 ) AND ( `type` = 1 ) AND ( `itemid` = 22 ) LIMIT 1   [ RunTime:0.000110s ]
SQL: SELECT * FROM `mt_raty` WHERE ( `itemid` = 22 ) AND ( `typeid` = 1 ) LIMIT 1   [ RunTime:0.000099s ]
NOTIC: [2] Division by zero /var/www/html/lyg/wenku/app/Common/common.php 第 579 行.
SQL: SELECT * FROM `mt_raty` WHERE ( `itemid` = 22 ) AND ( `typeid` = 1 ) LIMIT 1   [ RunTime:0.000099s ]
SQL: SELECT COUNT(*) AS tp_count FROM `mt_comment` WHERE ( `typeid` = 1 ) AND ( `status` = 1 ) AND ( `itemid` = 22 ) LIMIT 1   [ RunTime:0.000097s ]
SQL: SELECT COUNT(itemid) AS tp_count FROM `mt_itemlog` WHERE ( `typeid` = 1 ) AND ( `type` = 2 ) AND ( `itemid` = 22 ) LIMIT 1   [ RunTime:0.000110s ]
SQL: SELECT COUNT(itemid) AS tp_count FROM `mt_itemlog` WHERE ( `typeid` = 1 ) AND ( `type` = 3 ) AND ( `itemid` = 22 ) LIMIT 1   [ RunTime:0.000109s ]
SQL: SELECT COUNT(itemid) AS tp_count FROM `mt_itemlog` WHERE ( `typeid` = 1 ) AND ( `type` = 1 ) AND ( `itemid` = 14 ) LIMIT 1   [ RunTime:0.000109s ]
SQL: SELECT * FROM `mt_raty` WHERE ( `itemid` = 14 ) AND ( `typeid` = 1 ) LIMIT 1   [ RunTime:0.000099s ]
NOTIC: [2] Division by zero /var/www/html/lyg/wenku/app/Common/common.php 第 579 行.
SQL: SELECT * FROM `mt_raty` WHERE ( `itemid` = 14 ) AND ( `typeid` = 1 ) LIMIT 1   [ RunTime:0.000105s ]
SQL: SELECT COUNT(*) AS tp_count FROM `mt_comment` WHERE ( `typeid` = 1 ) AND ( `status` = 1 ) AND ( `itemid` = 14 ) LIMIT 1   [ RunTime:0.000117s ]
SQL: SELECT COUNT(itemid) AS tp_count FROM `mt_itemlog` WHERE ( `typeid` = 1 ) AND ( `type` = 2 ) AND ( `itemid` = 14 ) LIMIT 1   [ RunTime:0.000110s ]
SQL: SELECT COUNT(itemid) AS tp_count FROM `mt_itemlog` WHERE ( `typeid` = 1 ) AND ( `type` = 3 ) AND ( `itemid` = 14 ) LIMIT 1   [ RunTime:0.000109s ]
SQL: SELECT COUNT(itemid) AS tp_count FROM `mt_itemlog` WHERE ( `typeid` = 1 ) AND ( `type` = 1 ) AND ( `itemid` = 10 ) LIMIT 1   [ RunTime:0.000108s ]
SQL: SELECT * FROM `mt_raty` WHERE ( `itemid` = 10 ) AND ( `typeid` = 1 ) LIMIT 1   [ RunTime:0.000100s ]
NOTIC: [2] Division by zero /var/www/html/lyg/wenku/app/Common/common.php 第 579 行.
SQL: SELECT * FROM `mt_raty` WHERE ( `itemid` = 10 ) AND ( `typeid` = 1 ) LIMIT 1   [ RunTime:0.000099s ]
SQL: SELECT COUNT(*) AS tp_count FROM `mt_comment` WHERE ( `typeid` = 1 ) AND ( `status` = 1 ) AND ( `itemid` = 10 ) LIMIT 1   [ RunTime:0.000097s ]
SQL: SELECT COUNT(itemid) AS tp_count FROM `mt_itemlog` WHERE ( `typeid` = 1 ) AND ( `type` = 2 ) AND ( `itemid` = 10 ) LIMIT 1   [ RunTime:0.000125s ]
SQL: SELECT COUNT(itemid) AS tp_count FROM `mt_itemlog` WHERE ( `typeid` = 1 ) AND ( `type` = 3 ) AND ( `itemid` = 10 ) LIMIT 1   [ RunTime:0.000109s ]
SQL: SELECT COUNT(itemid) AS tp_count FROM `mt_itemlog` WHERE ( `typeid` = 1 ) AND ( `type` = 1 ) AND ( `itemid` = 12 ) LIMIT 1   [ RunTime:0.000108s ]
SQL: SELECT * FROM `mt_raty` WHERE ( `itemid` = 12 ) AND ( `typeid` = 1 ) LIMIT 1   [ RunTime:0.000099s ]
NOTIC: [2] Division by zero /var/www/html/lyg/wenku/app/Common/common.php 第 579 行.
SQL: SELECT * FROM `mt_raty` WHERE ( `itemid` = 12 ) AND ( `typeid` = 1 ) LIMIT 1   [ RunTime:0.000132s ]
SQL: SELECT COUNT(*) AS tp_count FROM `mt_comment` WHERE ( `typeid` = 1 ) AND ( `status` = 1 ) AND ( `itemid` = 12 ) LIMIT 1   [ RunTime:0.000098s ]
SQL: SELECT COUNT(itemid) AS tp_count FROM `mt_itemlog` WHERE ( `typeid` = 1 ) AND ( `type` = 2 ) AND ( `itemid` = 12 ) LIMIT 1   [ RunTime:0.000108s ]
SQL: SELECT COUNT(itemid) AS tp_count FROM `mt_itemlog` WHERE ( `typeid` = 1 ) AND ( `type` = 3 ) AND ( `itemid` = 12 ) LIMIT 1   [ RunTime:0.000111s ]
SQL: SELECT COUNT(itemid) AS tp_count FROM `mt_itemlog` WHERE ( `typeid` = 1 ) AND ( `type` = 1 ) AND ( `itemid` = 13 ) LIMIT 1   [ RunTime:0.000109s ]
SQL: SELECT * FROM `mt_raty` WHERE ( `itemid` = 13 ) AND ( `typeid` = 1 ) LIMIT 1   [ RunTime:0.000099s ]
NOTIC: [2] Division by zero /var/www/html/lyg/wenku/app/Common/common.php 第 579 行.
SQL: SELECT * FROM `mt_raty` WHERE ( `itemid` = 13 ) AND ( `typeid` = 1 ) LIMIT 1   [ RunTime:0.000098s ]
SQL: SELECT COUNT(*) AS tp_count FROM `mt_comment` WHERE ( `typeid` = 1 ) AND ( `status` = 1 ) AND ( `itemid` = 13 ) LIMIT 1   [ RunTime:0.000097s ]
SQL: SELECT COUNT(itemid) AS tp_count FROM `mt_itemlog` WHERE ( `typeid` = 1 ) AND ( `type` = 2 ) AND ( `itemid` = 13 ) LIMIT 1   [ RunTime:0.000108s ]
SQL: SELECT COUNT(itemid) AS tp_count FROM `mt_itemlog` WHERE ( `typeid` = 1 ) AND ( `type` = 3 ) AND ( `itemid` = 13 ) LIMIT 1   [ RunTime:0.000107s ]
SQL: SELECT COUNT(itemid) AS tp_count FROM `mt_itemlog` WHERE ( `typeid` = 1 ) AND ( `type` = 1 ) AND ( `itemid` = 11 ) LIMIT 1   [ RunTime:0.000107s ]
SQL: SELECT * FROM `mt_raty` WHERE ( `itemid` = 11 ) AND ( `typeid` = 1 ) LIMIT 1   [ RunTime:0.000114s ]
NOTIC: [2] Division by zero /var/www/html/lyg/wenku/app/Common/common.php 第 579 行.
SQL: SELECT * FROM `mt_raty` WHERE ( `itemid` = 11 ) AND ( `typeid` = 1 ) LIMIT 1   [ RunTime:0.000131s ]
SQL: SELECT COUNT(*) AS tp_count FROM `mt_comment` WHERE ( `typeid` = 1 ) AND ( `status` = 1 ) AND ( `itemid` = 11 ) LIMIT 1   [ RunTime:0.000096s ]
SQL: SELECT COUNT(itemid) AS tp_count FROM `mt_itemlog` WHERE ( `typeid` = 1 ) AND ( `type` = 2 ) AND ( `itemid` = 11 ) LIMIT 1   [ RunTime:0.000107s ]
SQL: SELECT COUNT(itemid) AS tp_count FROM `mt_itemlog` WHERE ( `typeid` = 1 ) AND ( `type` = 3 ) AND ( `itemid` = 11 ) LIMIT 1   [ RunTime:0.000125s ]
SQL: SELECT COUNT(itemid) AS tp_count FROM `mt_itemlog` WHERE ( `typeid` = 1 ) AND ( `type` = 1 ) AND ( `itemid` = 16 ) LIMIT 1   [ RunTime:0.000108s ]
SQL: SELECT * FROM `mt_raty` WHERE ( `itemid` = 16 ) AND ( `typeid` = 1 ) LIMIT 1   [ RunTime:0.000098s ]
NOTIC: [2] Division by zero /var/www/html/lyg/wenku/app/Common/common.php 第 579 行.
SQL: SELECT * FROM `mt_raty` WHERE ( `itemid` = 16 ) AND ( `typeid` = 1 ) LIMIT 1   [ RunTime:0.000097s ]
SQL: SELECT COUNT(*) AS tp_count FROM `mt_comment` WHERE ( `typeid` = 1 ) AND ( `status` = 1 ) AND ( `itemid` = 16 ) LIMIT 1   [ RunTime:0.000097s ]
SQL: SELECT COUNT(itemid) AS tp_count FROM `mt_itemlog` WHERE ( `typeid` = 1 ) AND ( `type` = 2 ) AND ( `itemid` = 16 ) LIMIT 1   [ RunTime:0.000109s ]
SQL: SELECT COUNT(itemid) AS tp_count FROM `mt_itemlog` WHERE ( `typeid` = 1 ) AND ( `type` = 3 ) AND ( `itemid` = 16 ) LIMIT 1   [ RunTime:0.000108s ]
SQL: SELECT COUNT(itemid) AS tp_count FROM `mt_itemlog` WHERE ( `typeid` = 1 ) AND ( `type` = 1 ) AND ( `itemid` = 19 ) LIMIT 1   [ RunTime:0.000107s ]
SQL: SELECT * FROM `mt_raty` WHERE ( `itemid` = 19 ) AND ( `typeid` = 1 ) LIMIT 1   [ RunTime:0.000099s ]
NOTIC: [2] Division by zero /var/www/html/lyg/wenku/app/Common/common.php 第 579 行.
SQL: SELECT * FROM `mt_raty` WHERE ( `itemid` = 19 ) AND ( `typeid` = 1 ) LIMIT 1   [ RunTime:0.000097s ]
SQL: SELECT COUNT(*) AS tp_count FROM `mt_comment` WHERE ( `typeid` = 1 ) AND ( `status` = 1 ) AND ( `itemid` = 19 ) LIMIT 1   [ RunTime:0.000111s ]
SQL: SELECT COUNT(itemid) AS tp_count FROM `mt_itemlog` WHERE ( `typeid` = 1 ) AND ( `type` = 2 ) AND ( `itemid` = 19 ) LIMIT 1   [ RunTime:0.000125s ]
SQL: SELECT COUNT(itemid) AS tp_count FROM `mt_itemlog` WHERE ( `typeid` = 1 ) AND ( `type` = 3 ) AND ( `itemid` = 19 ) LIMIT 1   [ RunTime:0.000108s ]
SQL: SELECT COUNT(itemid) AS tp_count FROM `mt_itemlog` WHERE ( `typeid` = 1 ) AND ( `type` = 1 ) AND ( `itemid` = 21 ) LIMIT 1   [ RunTime:0.000108s ]
SQL: SELECT * FROM `mt_raty` WHERE ( `itemid` = 21 ) AND ( `typeid` = 1 ) LIMIT 1   [ RunTime:0.000100s ]
NOTIC: [2] Division by zero /var/www/html/lyg/wenku/app/Common/common.php 第 579 行.
SQL: SELECT * FROM `mt_raty` WHERE ( `itemid` = 21 ) AND ( `typeid` = 1 ) LIMIT 1   [ RunTime:0.000116s ]
SQL: SELECT COUNT(*) AS tp_count FROM `mt_comment` WHERE ( `typeid` = 1 ) AND ( `status` = 1 ) AND ( `itemid` = 21 ) LIMIT 1   [ RunTime:0.000096s ]
SQL: SELECT COUNT(itemid) AS tp_count FROM `mt_itemlog` WHERE ( `typeid` = 1 ) AND ( `type` = 2 ) AND ( `itemid` = 21 ) LIMIT 1   [ RunTime:0.000108s ]
SQL: SELECT COUNT(itemid) AS tp_count FROM `mt_itemlog` WHERE ( `typeid` = 1 ) AND ( `type` = 3 ) AND ( `itemid` = 21 ) LIMIT 1   [ RunTime:0.000107s ]
SQL: SELECT COUNT(itemid) AS tp_count FROM `mt_itemlog` WHERE ( `typeid` = 1 ) AND ( `type` = 1 ) AND ( `itemid` = 17 ) LIMIT 1   [ RunTime:0.000108s ]
SQL: SELECT * FROM `mt_raty` WHERE ( `itemid` = 17 ) AND ( `typeid` = 1 ) LIMIT 1   [ RunTime:0.000098s ]
NOTIC: [2] Division by zero /var/www/html/lyg/wenku/app/Common/common.php 第 579 行.
SQL: SELECT * FROM `mt_raty` WHERE ( `itemid` = 17 ) AND ( `typeid` = 1 ) LIMIT 1   [ RunTime:0.000098s ]
SQL: SELECT COUNT(*) AS tp_count FROM `mt_comment` WHERE ( `typeid` = 1 ) AND ( `status` = 1 ) AND ( `itemid` = 17 ) LIMIT 1   [ RunTime:0.000096s ]
SQL: SELECT COUNT(itemid) AS tp_count FROM `mt_itemlog` WHERE ( `typeid` = 1 ) AND ( `type` = 2 ) AND ( `itemid` = 17 ) LIMIT 1   [ RunTime:0.000122s ]
SQL: SELECT COUNT(itemid) AS tp_count FROM `mt_itemlog` WHERE ( `typeid` = 1 ) AND ( `type` = 3 ) AND ( `itemid` = 17 ) LIMIT 1   [ RunTime:0.000108s ]
SQL: SELECT COUNT(itemid) AS tp_count FROM `mt_itemlog` WHERE ( `typeid` = 1 ) AND ( `type` = 1 ) AND ( `itemid` = 20 ) LIMIT 1   [ RunTime:0.000107s ]
SQL: SELECT * FROM `mt_raty` WHERE ( `itemid` = 20 ) AND ( `typeid` = 1 ) LIMIT 1   [ RunTime:0.000114s ]
NOTIC: [2] Division by zero /var/www/html/lyg/wenku/app/Common/common.php 第 579 行.
SQL: SELECT * FROM `mt_raty` WHERE ( `itemid` = 20 ) AND ( `typeid` = 1 ) LIMIT 1   [ RunTime:0.000098s ]
SQL: SELECT COUNT(*) AS tp_count FROM `mt_comment` WHERE ( `typeid` = 1 ) AND ( `status` = 1 ) AND ( `itemid` = 20 ) LIMIT 1   [ RunTime:0.000096s ]
SQL: SELECT COUNT(itemid) AS tp_count FROM `mt_itemlog` WHERE ( `typeid` = 1 ) AND ( `type` = 2 ) AND ( `itemid` = 20 ) LIMIT 1   [ RunTime:0.000108s ]
SQL: SELECT COUNT(itemid) AS tp_count FROM `mt_itemlog` WHERE ( `typeid` = 1 ) AND ( `type` = 3 ) AND ( `itemid` = 20 ) LIMIT 1   [ RunTime:0.000126s ]
SQL: SELECT COUNT(itemid) AS tp_count FROM `mt_itemlog` WHERE ( `typeid` = 1 ) AND ( `type` = 1 ) AND ( `itemid` = 23 ) LIMIT 1   [ RunTime:0.000107s ]
SQL: SELECT * FROM `mt_raty` WHERE ( `itemid` = 23 ) AND ( `typeid` = 1 ) LIMIT 1   [ RunTime:0.000097s ]
NOTIC: [2] Division by zero /var/www/html/lyg/wenku/app/Common/common.php 第 579 行.
SQL: SELECT * FROM `mt_raty` WHERE ( `itemid` = 23 ) AND ( `typeid` = 1 ) LIMIT 1   [ RunTime:0.000097s ]
SQL: SELECT COUNT(*) AS tp_count FROM `mt_comment` WHERE ( `typeid` = 1 ) AND ( `status` = 1 ) AND ( `itemid` = 23 ) LIMIT 1   [ RunTime:0.000096s ]
SQL: SELECT COUNT(itemid) AS tp_count FROM `mt_itemlog` WHERE ( `typeid` = 1 ) AND ( `type` = 2 ) AND ( `itemid` = 23 ) LIMIT 1   [ RunTime:0.000108s ]
SQL: SELECT COUNT(itemid) AS tp_count FROM `mt_itemlog` WHERE ( `typeid` = 1 ) AND ( `type` = 3 ) AND ( `itemid` = 23 ) LIMIT 1   [ RunTime:0.000108s ]
SQL: SELECT COUNT(itemid) AS tp_count FROM `mt_itemlog` WHERE ( `typeid` = 1 ) AND ( `type` = 1 ) AND ( `itemid` = 15 ) LIMIT 1   [ RunTime:0.000124s ]
SQL: SELECT * FROM `mt_raty` WHERE ( `itemid` = 15 ) AND ( `typeid` = 1 ) LIMIT 1   [ RunTime:0.000123s ]
NOTIC: [2] Division by zero /var/www/html/lyg/wenku/app/Common/common.php 第 579 行.
SQL: SELECT * FROM `mt_raty` WHERE ( `itemid` = 15 ) AND ( `typeid` = 1 ) LIMIT 1   [ RunTime:0.000098s ]
SQL: SELECT COUNT(*) AS tp_count FROM `mt_comment` WHERE ( `typeid` = 1 ) AND ( `status` = 1 ) AND ( `itemid` = 15 ) LIMIT 1   [ RunTime:0.000096s ]
SQL: SELECT COUNT(itemid) AS tp_count FROM `mt_itemlog` WHERE ( `typeid` = 1 ) AND ( `type` = 2 ) AND ( `itemid` = 15 ) LIMIT 1   [ RunTime:0.000125s ]
SQL: SELECT COUNT(itemid) AS tp_count FROM `mt_itemlog` WHERE ( `typeid` = 1 ) AND ( `type` = 3 ) AND ( `itemid` = 15 ) LIMIT 1   [ RunTime:0.000128s ]
SQL: SELECT COUNT(itemid) AS tp_count FROM `mt_itemlog` WHERE ( `typeid` = 1 ) AND ( `type` = 1 ) AND ( `itemid` = 9 ) LIMIT 1   [ RunTime:0.000108s ]
SQL: SELECT * FROM `mt_raty` WHERE ( `itemid` = 9 ) AND ( `typeid` = 1 ) LIMIT 1   [ RunTime:0.000099s ]
NOTIC: [2] Division by zero /var/www/html/lyg/wenku/app/Common/common.php 第 579 行.
SQL: SELECT * FROM `mt_raty` WHERE ( `itemid` = 9 ) AND ( `typeid` = 1 ) LIMIT 1   [ RunTime:0.000099s ]
SQL: SELECT COUNT(*) AS tp_count FROM `mt_comment` WHERE ( `typeid` = 1 ) AND ( `status` = 1 ) AND ( `itemid` = 9 ) LIMIT 1   [ RunTime:0.000096s ]
SQL: SELECT COUNT(itemid) AS tp_count FROM `mt_itemlog` WHERE ( `typeid` = 1 ) AND ( `type` = 2 ) AND ( `itemid` = 9 ) LIMIT 1   [ RunTime:0.000109s ]
SQL: SELECT COUNT(itemid) AS tp_count FROM `mt_itemlog` WHERE ( `typeid` = 1 ) AND ( `type` = 3 ) AND ( `itemid` = 9 ) LIMIT 1   [ RunTime:0.000109s ]
SQL: SELECT COUNT(itemid) AS tp_count FROM `mt_itemlog` WHERE ( `typeid` = 1 ) AND ( `type` = 1 ) AND ( `itemid` = 18 ) LIMIT 1   [ RunTime:0.000109s ]
SQL: SELECT * FROM `mt_raty` WHERE ( `itemid` = 18 ) AND ( `typeid` = 1 ) LIMIT 1   [ RunTime:0.000098s ]
NOTIC: [2] Division by zero /var/www/html/lyg/wenku/app/Common/common.php 第 579 行.
SQL: SELECT * FROM `mt_raty` WHERE ( `itemid` = 18 ) AND ( `typeid` = 1 ) LIMIT 1   [ RunTime:0.000102s ]
SQL: SELECT COUNT(*) AS tp_count FROM `mt_comment` WHERE ( `typeid` = 1 ) AND ( `status` = 1 ) AND ( `itemid` = 18 ) LIMIT 1   [ RunTime:0.000112s ]
SQL: SELECT COUNT(itemid) AS tp_count FROM `mt_itemlog` WHERE ( `typeid` = 1 ) AND ( `type` = 2 ) AND ( `itemid` = 18 ) LIMIT 1   [ RunTime:0.000109s ]
SQL: SELECT COUNT(itemid) AS tp_count FROM `mt_itemlog` WHERE ( `typeid` = 1 ) AND ( `type` = 3 ) AND ( `itemid` = 18 ) LIMIT 1   [ RunTime:0.000111s ]
SQL: SELECT * FROM `mt_doc_con` WHERE ( `id` = 8 ) LIMIT 1   [ RunTime:0.000127s ]
SQL: SELECT * FROM `mt_doc_con` WHERE ( `id` = 22 ) LIMIT 1   [ RunTime:0.000123s ]
SQL: SELECT * FROM `mt_doc_con` WHERE ( `id` = 14 ) LIMIT 1   [ RunTime:0.000124s ]
SQL: SELECT * FROM `mt_doc_con` WHERE ( `id` = 10 ) LIMIT 1   [ RunTime:0.000154s ]
SQL: SELECT * FROM `mt_doc_con` WHERE ( `id` = 12 ) LIMIT 1   [ RunTime:0.000124s ]
SQL: SELECT * FROM `mt_doc_con` WHERE ( `id` = 13 ) LIMIT 1   [ RunTime:0.000122s ]
SQL: SELECT * FROM `mt_doc_con` WHERE ( `id` = 11 ) LIMIT 1   [ RunTime:0.000137s ]
SQL: SELECT `name` FROM `mt_doc_cate` WHERE ( `id` = 0 ) AND ( `status` = 1 ) LIMIT 1   [ RunTime:0.000099s ]
SQL: SELECT `name` FROM `mt_doc_cate` WHERE ( `id` = 1 ) AND ( `status` = 1 ) LIMIT 1   [ RunTime:0.000106s ]
SQL: SELECT `name` FROM `mt_doc_cate` WHERE ( `id` = 1 ) AND ( `status` = 1 ) LIMIT 1   [ RunTime:0.000106s ]
SQL: SELECT `name` FROM `mt_doc_cate` WHERE ( `id` = 0 ) AND ( `status` = 1 ) LIMIT 1   [ RunTime:0.000097s ]
SQL: SELECT `name` FROM `mt_doc_cate` WHERE ( `id` = 0 ) AND ( `status` = 1 ) LIMIT 1   [ RunTime:0.000096s ]
SQL: SELECT `name` FROM `mt_doc_cate` WHERE ( `id` = 0 ) AND ( `status` = 1 ) LIMIT 1   [ RunTime:0.000116s ]
SQL: SELECT * FROM `mt_doc_con` WHERE ( `add_time` >= 1468064412 ) AND ( `status` > 1 ) ORDER BY hits desc  [ RunTime:0.000148s ]
NOTIC: [2] Invalid argument supplied for foreach() /var/www/html/lyg/wenku/app/Lib/Mtceotag/docTag.class.php 第 197 行.
NOTIC: [2] Invalid argument supplied for foreach() /var/www/html/lyg/wenku/app/Lib/Mtceotag/docTag.class.php 第 232 行.
NOTIC: [2] usort() expects parameter 1 to be array, null given /var/www/html/lyg/wenku/app/Lib/Mtceotag/docTag.class.php 第 236 行.
SQL: SELECT * FROM `mt_doc_con` WHERE ( `add_time` >= 1467805212 ) AND ( `status` > 1 ) ORDER BY hits desc  [ RunTime:0.000140s ]
NOTIC: [2] Invalid argument supplied for foreach() /var/www/html/lyg/wenku/app/Lib/Mtceotag/docTag.class.php 第 197 行.
NOTIC: [2] Invalid argument supplied for foreach() /var/www/html/lyg/wenku/app/Lib/Mtceotag/docTag.class.php 第 232 行.
NOTIC: [2] usort() expects parameter 1 to be array, null given /var/www/html/lyg/wenku/app/Lib/Mtceotag/docTag.class.php 第 236 行.
SQL: SELECT * FROM `mt_doc_con` WHERE ( `add_time` >= 1465818012 ) AND ( `status` > 1 ) ORDER BY hits desc  [ RunTime:0.000140s ]
NOTIC: [2] Invalid argument supplied for foreach() /var/www/html/lyg/wenku/app/Lib/Mtceotag/docTag.class.php 第 197 行.
NOTIC: [2] Invalid argument supplied for foreach() /var/www/html/lyg/wenku/app/Lib/Mtceotag/docTag.class.php 第 232 行.
NOTIC: [2] usort() expects parameter 1 to be array, null given /var/www/html/lyg/wenku/app/Lib/Mtceotag/docTag.class.php 第 236 行.
SQL: SHOW COLUMNS FROM `mt_user` [ RunTime:0.000490s ]
SQL: SELECT * FROM `mt_user` WHERE ( `status` = 1 ) ORDER BY roleid desc  [ RunTime:0.000143s ]
SQL: SHOW COLUMNS FROM `mt_user_scoresum` [ RunTime:0.000432s ]
SQL: SELECT `score` FROM `mt_user_scoresum` WHERE ( `uid` = 2 ) LIMIT 1   [ RunTime:0.000111s ]
SQL: SELECT `score` FROM `mt_user_scoresum` WHERE ( `uid` = 3 ) LIMIT 1   [ RunTime:0.000107s ]
SQL: SELECT `score` FROM `mt_user_scoresum` WHERE ( `uid` = 4 ) LIMIT 1   [ RunTime:0.000099s ]
SQL: SELECT `score` FROM `mt_user_scoresum` WHERE ( `uid` = 5 ) LIMIT 1   [ RunTime:0.000118s ]
SQL: SELECT `score` FROM `mt_user_scoresum` WHERE ( `uid` = 6 ) LIMIT 1   [ RunTime:0.000098s ]
SQL: SELECT `score` FROM `mt_user_scoresum` WHERE ( `uid` = 7 ) LIMIT 1   [ RunTime:0.000097s ]
SQL: SELECT `score` FROM `mt_user_scoresum` WHERE ( `uid` = 8 ) LIMIT 1   [ RunTime:0.000097s ]
SQL: SELECT `score` FROM `mt_user_scoresum` WHERE ( `uid` = 9 ) LIMIT 1   [ RunTime:0.000096s ]
SQL: SELECT `score` FROM `mt_user_scoresum` WHERE ( `uid` = 1 ) LIMIT 1   [ RunTime:0.000098s ]
SQL: SELECT `username` FROM `mt_user` WHERE ( `uid` = 3 ) LIMIT 1   [ RunTime:0.000101s ]
SQL: SELECT `username` FROM `mt_user` WHERE ( `uid` = 1 ) LIMIT 1   [ RunTime:0.000100s ]
SQL: SELECT `username` FROM `mt_user` WHERE ( `uid` = 2 ) LIMIT 1   [ RunTime:0.000117s ]
SQL: SELECT `username` FROM `mt_user` WHERE ( `uid` = 7 ) LIMIT 1   [ RunTime:0.000099s ]
SQL: SELECT `username` FROM `mt_user` WHERE ( `uid` = 4 ) LIMIT 1   [ RunTime:0.000099s ]
SQL: SELECT * FROM `mt_user` WHERE ( `status` = 1 ) ORDER BY roleid desc  [ RunTime:0.000132s ]
SQL: SELECT COUNT(id) AS tp_count FROM `mt_doc_con` WHERE ( `uid` = 2 ) AND ( `status` > 1 ) LIMIT 1   [ RunTime:0.000128s ]
SQL: SELECT COUNT(id) AS tp_count FROM `mt_doc_con` WHERE ( `uid` = 3 ) AND ( `status` > 1 ) LIMIT 1   [ RunTime:0.000122s ]
SQL: SELECT COUNT(id) AS tp_count FROM `mt_doc_con` WHERE ( `uid` = 4 ) AND ( `status` > 1 ) LIMIT 1   [ RunTime:0.000122s ]
SQL: SELECT COUNT(id) AS tp_count FROM `mt_doc_con` WHERE ( `uid` = 5 ) AND ( `status` > 1 ) LIMIT 1   [ RunTime:0.000144s ]
SQL: SELECT COUNT(id) AS tp_count FROM `mt_doc_con` WHERE ( `uid` = 6 ) AND ( `status` > 1 ) LIMIT 1   [ RunTime:0.000121s ]
SQL: SELECT COUNT(id) AS tp_count FROM `mt_doc_con` WHERE ( `uid` = 7 ) AND ( `status` > 1 ) LIMIT 1   [ RunTime:0.000120s ]
SQL: SELECT COUNT(id) AS tp_count FROM `mt_doc_con` WHERE ( `uid` = 8 ) AND ( `status` > 1 ) LIMIT 1   [ RunTime:0.000119s ]
SQL: SELECT COUNT(id) AS tp_count FROM `mt_doc_con` WHERE ( `uid` = 9 ) AND ( `status` > 1 ) LIMIT 1   [ RunTime:0.000119s ]
SQL: SELECT COUNT(id) AS tp_count FROM `mt_doc_con` WHERE ( `uid` = 1 ) AND ( `status` > 1 ) LIMIT 1   [ RunTime:0.000120s ]
SQL: SELECT `username` FROM `mt_user` WHERE ( `uid` = 1 ) LIMIT 1   [ RunTime:0.000104s ]
SQL: SELECT `username` FROM `mt_user` WHERE ( `uid` = 8 ) LIMIT 1   [ RunTime:0.000119s ]
SQL: SELECT `username` FROM `mt_user` WHERE ( `uid` = 9 ) LIMIT 1   [ RunTime:0.000100s ]
SQL: SELECT `username` FROM `mt_user` WHERE ( `uid` = 7 ) LIMIT 1   [ RunTime:0.000099s ]
SQL: SELECT `username` FROM `mt_user` WHERE ( `uid` = 6 ) LIMIT 1   [ RunTime:0.000099s ]
INFO: Run ParseTemplate Behavior [ RunTime:0.152848s ]
INFO: [ view_parse ] --END-- [ RunTime:0.152894s ]
INFO: [ view_filter ] --START--
INFO: Run ContentReplace Behavior [ RunTime:0.000276s ]
INFO: Run TokenBuild Behavior [ RunTime:0.000186s ]
INFO: Run WriteHtmlCache Behavior [ RunTime:0.000110s ]
INFO: Run ShowRuntime Behavior [ RunTime:0.000228s ]
INFO: [ view_filter ] --END-- [ RunTime:0.000918s ]
INFO: [ view_end ] --START--
INFO: Run ShowPageTrace Behavior [ RunTime:0.000297s ]
INFO: [ view_end ] --END-- [ RunTime:0.000337s ]

