[ 2016-05-13T22:28:08+08:00 ] 110.184.61.149 /
INFO: [ app_begin ] --START--
INFO: Run ReadHtmlCache Behavior [ RunTime:0.000468s ]
NOTIC: [8] Undefined variable: global /var/www/html/lyg/wenku/app/Lib/Behavior/check_ipbanBehavior.class.php 第 12 行.
INFO: Run check_ipban Behavior [ RunTime:0.000388s ]
INFO: Run load_lang Behavior [ RunTime:0.000647s ]
INFO: [ app_begin ] --END-- [ RunTime:0.001670s ]
SQL: SHOW COLUMNS FROM `mt_doc_cate` [ RunTime:0.000495s ]
SQL: SELECT * FROM `mt_doc_cate` WHERE ( `pid` = 0 ) AND ( `status` = 1 )  [ RunTime:0.000253s ]
NOTIC: [2] array_merge(): Argument #2 is not an array /var/www/html/lyg/wenku/app/Lib/Action/frontendAction.class.php 第 86 行.
NOTIC: [2] array_values() expects parameter 1 to be array, null given /var/www/html/lyg/wenku/app/Lib/Action/frontendAction.class.php 第 90 行.
NOTIC: [2] implode(): Invalid arguments passed /var/www/html/lyg/wenku/app/Lib/Action/frontendAction.class.php 第 90 行.
NOTIC: [2] Invalid argument supplied for foreach() /var/www/html/lyg/wenku/app/Lib/Action/frontendAction.class.php 第 99 行.
SQL: SELECT * FROM `mt_doc_cate` WHERE ( `pid` = 0 ) AND ( `status` = 1 ) ORDER BY ordid  [ RunTime:0.000169s ]
SQL: SELECT * FROM `mt_doc_cate` WHERE ( `pid` = '1' ) AND ( `status` = 1 ) ORDER BY ordid  [ RunTime:0.000146s ]
NOTIC: [2] Invalid argument supplied for foreach() /var/www/html/lyg/wenku/app/Lib/Action/home/indexAction.class.php 第 19 行.
SQL: SELECT * FROM `mt_doc_cate` WHERE ( `pid` = '2' ) AND ( `status` = 1 ) ORDER BY ordid  [ RunTime:0.000125s ]
NOTIC: [2] Invalid argument supplied for foreach() /var/www/html/lyg/wenku/app/Lib/Action/home/indexAction.class.php 第 19 行.
SQL: SELECT * FROM `mt_doc_cate` WHERE ( `pid` = '3' ) AND ( `status` = 1 ) ORDER BY ordid  [ RunTime:0.000143s ]
NOTIC: [2] Invalid argument supplied for foreach() /var/www/html/lyg/wenku/app/Lib/Action/home/indexAction.class.php 第 19 行.
SQL: SELECT * FROM `mt_doc_cate` WHERE ( `pid` = '4' ) AND ( `status` = 1 ) ORDER BY ordid  [ RunTime:0.000152s ]
NOTIC: [2] Invalid argument supplied for foreach() /var/www/html/lyg/wenku/app/Lib/Action/home/indexAction.class.php 第 19 行.
SQL: SELECT * FROM `mt_doc_cate` WHERE ( `pid` = '5' ) AND ( `status` = 1 ) ORDER BY ordid  [ RunTime:0.000125s ]
NOTIC: [2] Invalid argument supplied for foreach() /var/www/html/lyg/wenku/app/Lib/Action/home/indexAction.class.php 第 19 行.
SQL: SELECT * FROM `mt_doc_cate` WHERE ( `pid` = '6' ) AND ( `status` = 1 ) ORDER BY ordid  [ RunTime:0.000131s ]
NOTIC: [2] Invalid argument supplied for foreach() /var/www/html/lyg/wenku/app/Lib/Action/home/indexAction.class.php 第 19 行.
SQL: SELECT * FROM `mt_doc_cate` WHERE ( `pid` = '7' ) AND ( `status` = 1 ) ORDER BY ordid  [ RunTime:0.000122s ]
NOTIC: [2] Invalid argument supplied for foreach() /var/www/html/lyg/wenku/app/Lib/Action/home/indexAction.class.php 第 19 行.
SQL: SELECT * FROM `mt_doc_cate` WHERE ( `pid` = '8' ) AND ( `status` = 1 ) ORDER BY ordid  [ RunTime:0.000121s ]
NOTIC: [2] Invalid argument supplied for foreach() /var/www/html/lyg/wenku/app/Lib/Action/home/indexAction.class.php 第 19 行.
SQL: SHOW COLUMNS FROM `mt_doc_con` [ RunTime:0.000498s ]
SQL: SELECT COUNT(id) AS tp_count FROM `mt_doc_con` LIMIT 1   [ RunTime:0.000099s ]
SQL: SHOW COLUMNS FROM `mt_flink` [ RunTime:0.000327s ]
SQL: SELECT * FROM `mt_flink` WHERE ( `cate_id` = 2 ) AND ( `status` = 1 ) ORDER BY ordid  [ RunTime:0.000126s ]
SQL: SELECT * FROM `mt_flink` WHERE ( `cate_id` = 1 ) AND ( `status` = 1 ) ORDER BY ordid  [ RunTime:0.000103s ]
INFO: [ view_template ] --START--
INFO: Run basic_template Behavior [ RunTime:0.000242s ]
INFO: [ view_template ] --END-- [ RunTime:0.000286s ]
INFO: [ view_parse ] --START--
SQL: SHOW COLUMNS FROM `mt_doc_con` [ RunTime:0.000638s ]
SQL: SELECT * FROM `mt_doc_con` WHERE ( `add_time` <= 1463149688 ) AND ( `status` = '5' ) ORDER BY id DESC  [ RunTime:0.000225s ]
SQL: SHOW COLUMNS FROM `mt_itemlog` [ RunTime:0.000310s ]
SQL: SELECT COUNT(itemid) AS tp_count FROM `mt_itemlog` WHERE ( `typeid` = 1 ) AND ( `type` = 1 ) AND ( `itemid` = 23 ) LIMIT 1   [ RunTime:0.000134s ]
SQL: SHOW COLUMNS FROM `mt_raty` [ RunTime:0.000296s ]
SQL: SELECT * FROM `mt_raty` WHERE ( `itemid` = 23 ) AND ( `typeid` = 1 ) LIMIT 1   [ RunTime:0.000108s ]
NOTIC: [2] Division by zero /var/www/html/lyg/wenku/app/Common/common.php 第 579 行.
SQL: SELECT * FROM `mt_raty` WHERE ( `itemid` = 23 ) AND ( `typeid` = 1 ) LIMIT 1   [ RunTime:0.000110s ]
SQL: SHOW COLUMNS FROM `mt_comment` [ RunTime:0.000358s ]
SQL: SELECT COUNT(*) AS tp_count FROM `mt_comment` WHERE ( `typeid` = 1 ) AND ( `status` = 1 ) AND ( `itemid` = 23 ) LIMIT 1   [ RunTime:0.000110s ]
SQL: SELECT COUNT(itemid) AS tp_count FROM `mt_itemlog` WHERE ( `typeid` = 1 ) AND ( `type` = 2 ) AND ( `itemid` = 23 ) LIMIT 1   [ RunTime:0.000113s ]
SQL: SELECT COUNT(itemid) AS tp_count FROM `mt_itemlog` WHERE ( `typeid` = 1 ) AND ( `type` = 3 ) AND ( `itemid` = 23 ) LIMIT 1   [ RunTime:0.000110s ]
SQL: SELECT COUNT(itemid) AS tp_count FROM `mt_itemlog` WHERE ( `typeid` = 1 ) AND ( `type` = 1 ) AND ( `itemid` = 22 ) LIMIT 1   [ RunTime:0.000110s ]
SQL: SELECT * FROM `mt_raty` WHERE ( `itemid` = 22 ) AND ( `typeid` = 1 ) LIMIT 1   [ RunTime:0.000101s ]
NOTIC: [2] Division by zero /var/www/html/lyg/wenku/app/Common/common.php 第 579 行.
SQL: SELECT * FROM `mt_raty` WHERE ( `itemid` = 22 ) AND ( `typeid` = 1 ) LIMIT 1   [ RunTime:0.000099s ]
SQL: SELECT COUNT(*) AS tp_count FROM `mt_comment` WHERE ( `typeid` = 1 ) AND ( `status` = 1 ) AND ( `itemid` = 22 ) LIMIT 1   [ RunTime:0.000097s ]
SQL: SELECT COUNT(itemid) AS tp_count FROM `mt_itemlog` WHERE ( `typeid` = 1 ) AND ( `type` = 2 ) AND ( `itemid` = 22 ) LIMIT 1   [ RunTime:0.000117s ]
SQL: SELECT COUNT(itemid) AS tp_count FROM `mt_itemlog` WHERE ( `typeid` = 1 ) AND ( `type` = 3 ) AND ( `itemid` = 22 ) LIMIT 1   [ RunTime:0.000110s ]
SQL: SELECT COUNT(itemid) AS tp_count FROM `mt_itemlog` WHERE ( `typeid` = 1 ) AND ( `type` = 1 ) AND ( `itemid` = 21 ) LIMIT 1   [ RunTime:0.000107s ]
SQL: SELECT * FROM `mt_raty` WHERE ( `itemid` = 21 ) AND ( `typeid` = 1 ) LIMIT 1   [ RunTime:0.000103s ]
NOTIC: [2] Division by zero /var/www/html/lyg/wenku/app/Common/common.php 第 579 行.
SQL: SELECT * FROM `mt_raty` WHERE ( `itemid` = 21 ) AND ( `typeid` = 1 ) LIMIT 1   [ RunTime:0.000103s ]
SQL: SELECT COUNT(*) AS tp_count FROM `mt_comment` WHERE ( `typeid` = 1 ) AND ( `status` = 1 ) AND ( `itemid` = 21 ) LIMIT 1   [ RunTime:0.000101s ]
SQL: SELECT COUNT(itemid) AS tp_count FROM `mt_itemlog` WHERE ( `typeid` = 1 ) AND ( `type` = 2 ) AND ( `itemid` = 21 ) LIMIT 1   [ RunTime:0.000112s ]
SQL: SELECT COUNT(itemid) AS tp_count FROM `mt_itemlog` WHERE ( `typeid` = 1 ) AND ( `type` = 3 ) AND ( `itemid` = 21 ) LIMIT 1   [ RunTime:0.000120s ]
SQL: SELECT COUNT(itemid) AS tp_count FROM `mt_itemlog` WHERE ( `typeid` = 1 ) AND ( `type` = 1 ) AND ( `itemid` = 19 ) LIMIT 1   [ RunTime:0.000139s ]
SQL: SELECT * FROM `mt_raty` WHERE ( `itemid` = 19 ) AND ( `typeid` = 1 ) LIMIT 1   [ RunTime:0.000103s ]
NOTIC: [2] Division by zero /var/www/html/lyg/wenku/app/Common/common.php 第 579 行.
SQL: SELECT * FROM `mt_raty` WHERE ( `itemid` = 19 ) AND ( `typeid` = 1 ) LIMIT 1   [ RunTime:0.000101s ]
SQL: SELECT COUNT(*) AS tp_count FROM `mt_comment` WHERE ( `typeid` = 1 ) AND ( `status` = 1 ) AND ( `itemid` = 19 ) LIMIT 1   [ RunTime:0.000101s ]
SQL: SELECT COUNT(itemid) AS tp_count FROM `mt_itemlog` WHERE ( `typeid` = 1 ) AND ( `type` = 2 ) AND ( `itemid` = 19 ) LIMIT 1   [ RunTime:0.000113s ]
SQL: SELECT COUNT(itemid) AS tp_count FROM `mt_itemlog` WHERE ( `typeid` = 1 ) AND ( `type` = 3 ) AND ( `itemid` = 19 ) LIMIT 1   [ RunTime:0.000113s ]
SQL: SELECT COUNT(itemid) AS tp_count FROM `mt_itemlog` WHERE ( `typeid` = 1 ) AND ( `type` = 1 ) AND ( `itemid` = 17 ) LIMIT 1   [ RunTime:0.000123s ]
SQL: SELECT * FROM `mt_raty` WHERE ( `itemid` = 17 ) AND ( `typeid` = 1 ) LIMIT 1   [ RunTime:0.000138s ]
NOTIC: [2] Division by zero /var/www/html/lyg/wenku/app/Common/common.php 第 579 行.
SQL: SELECT * FROM `mt_raty` WHERE ( `itemid` = 17 ) AND ( `typeid` = 1 ) LIMIT 1   [ RunTime:0.000102s ]
SQL: SELECT COUNT(*) AS tp_count FROM `mt_comment` WHERE ( `typeid` = 1 ) AND ( `status` = 1 ) AND ( `itemid` = 17 ) LIMIT 1   [ RunTime:0.000099s ]
SQL: SELECT COUNT(itemid) AS tp_count FROM `mt_itemlog` WHERE ( `typeid` = 1 ) AND ( `type` = 2 ) AND ( `itemid` = 17 ) LIMIT 1   [ RunTime:0.000112s ]
SQL: SELECT COUNT(itemid) AS tp_count FROM `mt_itemlog` WHERE ( `typeid` = 1 ) AND ( `type` = 3 ) AND ( `itemid` = 17 ) LIMIT 1   [ RunTime:0.000111s ]
SQL: SELECT COUNT(itemid) AS tp_count FROM `mt_itemlog` WHERE ( `typeid` = 1 ) AND ( `type` = 1 ) AND ( `itemid` = 14 ) LIMIT 1   [ RunTime:0.000110s ]
SQL: SELECT * FROM `mt_raty` WHERE ( `itemid` = 14 ) AND ( `typeid` = 1 ) LIMIT 1   [ RunTime:0.000107s ]
NOTIC: [2] Division by zero /var/www/html/lyg/wenku/app/Common/common.php 第 579 行.
SQL: SELECT * FROM `mt_raty` WHERE ( `itemid` = 14 ) AND ( `typeid` = 1 ) LIMIT 1   [ RunTime:0.000100s ]
SQL: SELECT COUNT(*) AS tp_count FROM `mt_comment` WHERE ( `typeid` = 1 ) AND ( `status` = 1 ) AND ( `itemid` = 14 ) LIMIT 1   [ RunTime:0.000100s ]
SQL: SELECT COUNT(itemid) AS tp_count FROM `mt_itemlog` WHERE ( `typeid` = 1 ) AND ( `type` = 2 ) AND ( `itemid` = 14 ) LIMIT 1   [ RunTime:0.000112s ]
SQL: SELECT COUNT(itemid) AS tp_count FROM `mt_itemlog` WHERE ( `typeid` = 1 ) AND ( `type` = 3 ) AND ( `itemid` = 14 ) LIMIT 1   [ RunTime:0.000111s ]
SQL: SELECT COUNT(itemid) AS tp_count FROM `mt_itemlog` WHERE ( `typeid` = 1 ) AND ( `type` = 1 ) AND ( `itemid` = 13 ) LIMIT 1   [ RunTime:0.000128s ]
SQL: SELECT * FROM `mt_raty` WHERE ( `itemid` = 13 ) AND ( `typeid` = 1 ) LIMIT 1   [ RunTime:0.000101s ]
NOTIC: [2] Division by zero /var/www/html/lyg/wenku/app/Common/common.php 第 579 行.
SQL: SELECT * FROM `mt_raty` WHERE ( `itemid` = 13 ) AND ( `typeid` = 1 ) LIMIT 1   [ RunTime:0.000109s ]
SQL: SELECT COUNT(*) AS tp_count FROM `mt_comment` WHERE ( `typeid` = 1 ) AND ( `status` = 1 ) AND ( `itemid` = 13 ) LIMIT 1   [ RunTime:0.000099s ]
SQL: SELECT COUNT(itemid) AS tp_count FROM `mt_itemlog` WHERE ( `typeid` = 1 ) AND ( `type` = 2 ) AND ( `itemid` = 13 ) LIMIT 1   [ RunTime:0.000111s ]
SQL: SELECT COUNT(itemid) AS tp_count FROM `mt_itemlog` WHERE ( `typeid` = 1 ) AND ( `type` = 3 ) AND ( `itemid` = 13 ) LIMIT 1   [ RunTime:0.000110s ]
SQL: SELECT COUNT(itemid) AS tp_count FROM `mt_itemlog` WHERE ( `typeid` = 1 ) AND ( `type` = 1 ) AND ( `itemid` = 12 ) LIMIT 1   [ RunTime:0.000111s ]
SQL: SELECT * FROM `mt_raty` WHERE ( `itemid` = 12 ) AND ( `typeid` = 1 ) LIMIT 1   [ RunTime:0.000117s ]
NOTIC: [2] Division by zero /var/www/html/lyg/wenku/app/Common/common.php 第 579 行.
SQL: SELECT * FROM `mt_raty` WHERE ( `itemid` = 12 ) AND ( `typeid` = 1 ) LIMIT 1   [ RunTime:0.000102s ]
SQL: SELECT COUNT(*) AS tp_count FROM `mt_comment` WHERE ( `typeid` = 1 ) AND ( `status` = 1 ) AND ( `itemid` = 12 ) LIMIT 1   [ RunTime:0.000105s ]
SQL: SELECT COUNT(itemid) AS tp_count FROM `mt_itemlog` WHERE ( `typeid` = 1 ) AND ( `type` = 2 ) AND ( `itemid` = 12 ) LIMIT 1   [ RunTime:0.000111s ]
SQL: SELECT COUNT(itemid) AS tp_count FROM `mt_itemlog` WHERE ( `typeid` = 1 ) AND ( `type` = 3 ) AND ( `itemid` = 12 ) LIMIT 1   [ RunTime:0.000126s ]
SQL: SELECT COUNT(itemid) AS tp_count FROM `mt_itemlog` WHERE ( `typeid` = 1 ) AND ( `type` = 1 ) AND ( `itemid` = 8 ) LIMIT 1   [ RunTime:0.000110s ]
SQL: SELECT * FROM `mt_raty` WHERE ( `itemid` = 8 ) AND ( `typeid` = 1 ) LIMIT 1   [ RunTime:0.000102s ]
NOTIC: [2] Division by zero /var/www/html/lyg/wenku/app/Common/common.php 第 579 行.
SQL: SELECT * FROM `mt_raty` WHERE ( `itemid` = 8 ) AND ( `typeid` = 1 ) LIMIT 1   [ RunTime:0.000099s ]
SQL: SELECT COUNT(*) AS tp_count FROM `mt_comment` WHERE ( `typeid` = 1 ) AND ( `status` = 1 ) AND ( `itemid` = 8 ) LIMIT 1   [ RunTime:0.000099s ]
SQL: SELECT COUNT(itemid) AS tp_count FROM `mt_itemlog` WHERE ( `typeid` = 1 ) AND ( `type` = 2 ) AND ( `itemid` = 8 ) LIMIT 1   [ RunTime:0.000114s ]
SQL: SELECT COUNT(itemid) AS tp_count FROM `mt_itemlog` WHERE ( `typeid` = 1 ) AND ( `type` = 3 ) AND ( `itemid` = 8 ) LIMIT 1   [ RunTime:0.000110s ]
SQL: SELECT * FROM `mt_doc_con` WHERE ( `id` = 23 ) LIMIT 1   [ RunTime:0.000166s ]
SQL: SHOW COLUMNS FROM `mt_user` [ RunTime:0.000362s ]
SQL: SELECT `username` FROM `mt_user` WHERE ( `uid` = 1 ) LIMIT 1   [ RunTime:0.000112s ]
SQL: SELECT * FROM `mt_doc_con` WHERE ( `id` = 22 ) LIMIT 1   [ RunTime:0.000132s ]
SQL: SELECT `username` FROM `mt_user` WHERE ( `uid` = 1 ) LIMIT 1   [ RunTime:0.000106s ]
SQL: SELECT * FROM `mt_doc_con` WHERE ( `id` = 21 ) LIMIT 1   [ RunTime:0.000126s ]
SQL: SELECT `username` FROM `mt_user` WHERE ( `uid` = 1 ) LIMIT 1   [ RunTime:0.000105s ]
SQL: SELECT * FROM `mt_doc_con` WHERE ( `id` = 19 ) LIMIT 1   [ RunTime:0.000126s ]
SQL: SELECT `username` FROM `mt_user` WHERE ( `uid` = 1 ) LIMIT 1   [ RunTime:0.000104s ]
SQL: SELECT * FROM `mt_doc_con` WHERE ( `id` = 17 ) LIMIT 1   [ RunTime:0.000125s ]
SQL: SELECT `username` FROM `mt_user` WHERE ( `uid` = 1 ) LIMIT 1   [ RunTime:0.000104s ]
SQL: SELECT * FROM `mt_doc_con` WHERE ( `id` = 14 ) LIMIT 1   [ RunTime:0.000125s ]
SQL: SELECT `username` FROM `mt_user` WHERE ( `uid` = 1 ) LIMIT 1   [ RunTime:0.000105s ]
SQL: SELECT * FROM `mt_doc_con` WHERE ( `id` = 13 ) LIMIT 1   [ RunTime:0.000125s ]
SQL: SELECT `username` FROM `mt_user` WHERE ( `uid` = 1 ) LIMIT 1   [ RunTime:0.000103s ]
SQL: SELECT * FROM `mt_doc_con` WHERE ( `id` = 12 ) LIMIT 1   [ RunTime:0.000124s ]
SQL: SELECT `username` FROM `mt_user` WHERE ( `uid` = 1 ) LIMIT 1   [ RunTime:0.000103s ]
SQL: SELECT * FROM `mt_doc_con` WHERE ( `add_time` <= 1463149688 ) AND ( `status` > 1 ) ORDER BY id DESC  [ RunTime:0.000211s ]
SQL: SELECT COUNT(itemid) AS tp_count FROM `mt_itemlog` WHERE ( `typeid` = 1 ) AND ( `type` = 1 ) AND ( `itemid` = 23 ) LIMIT 1   [ RunTime:0.000118s ]
SQL: SELECT * FROM `mt_raty` WHERE ( `itemid` = 23 ) AND ( `typeid` = 1 ) LIMIT 1   [ RunTime:0.000104s ]
NOTIC: [2] Division by zero /var/www/html/lyg/wenku/app/Common/common.php 第 579 行.
SQL: SELECT * FROM `mt_raty` WHERE ( `itemid` = 23 ) AND ( `typeid` = 1 ) LIMIT 1   [ RunTime:0.000103s ]
SQL: SELECT COUNT(*) AS tp_count FROM `mt_comment` WHERE ( `typeid` = 1 ) AND ( `status` = 1 ) AND ( `itemid` = 23 ) LIMIT 1   [ RunTime:0.000102s ]
SQL: SELECT COUNT(itemid) AS tp_count FROM `mt_itemlog` WHERE ( `typeid` = 1 ) AND ( `type` = 2 ) AND ( `itemid` = 23 ) LIMIT 1   [ RunTime:0.000114s ]
SQL: SELECT COUNT(itemid) AS tp_count FROM `mt_itemlog` WHERE ( `typeid` = 1 ) AND ( `type` = 3 ) AND ( `itemid` = 23 ) LIMIT 1   [ RunTime:0.000143s ]
SQL: SELECT COUNT(itemid) AS tp_count FROM `mt_itemlog` WHERE ( `typeid` = 1 ) AND ( `type` = 1 ) AND ( `itemid` = 22 ) LIMIT 1   [ RunTime:0.000123s ]
SQL: SELECT * FROM `mt_raty` WHERE ( `itemid` = 22 ) AND ( `typeid` = 1 ) LIMIT 1   [ RunTime:0.000102s ]
NOTIC: [2] Division by zero /var/www/html/lyg/wenku/app/Common/common.php 第 579 行.
SQL: SELECT * FROM `mt_raty` WHERE ( `itemid` = 22 ) AND ( `typeid` = 1 ) LIMIT 1   [ RunTime:0.000101s ]
SQL: SELECT COUNT(*) AS tp_count FROM `mt_comment` WHERE ( `typeid` = 1 ) AND ( `status` = 1 ) AND ( `itemid` = 22 ) LIMIT 1   [ RunTime:0.000100s ]
SQL: SELECT COUNT(itemid) AS tp_count FROM `mt_itemlog` WHERE ( `typeid` = 1 ) AND ( `type` = 2 ) AND ( `itemid` = 22 ) LIMIT 1   [ RunTime:0.000113s ]
SQL: SELECT COUNT(itemid) AS tp_count FROM `mt_itemlog` WHERE ( `typeid` = 1 ) AND ( `type` = 3 ) AND ( `itemid` = 22 ) LIMIT 1   [ RunTime:0.000111s ]
SQL: SELECT COUNT(itemid) AS tp_count FROM `mt_itemlog` WHERE ( `typeid` = 1 ) AND ( `type` = 1 ) AND ( `itemid` = 21 ) LIMIT 1   [ RunTime:0.000110s ]
SQL: SELECT * FROM `mt_raty` WHERE ( `itemid` = 21 ) AND ( `typeid` = 1 ) LIMIT 1   [ RunTime:0.000109s ]
NOTIC: [2] Division by zero /var/www/html/lyg/wenku/app/Common/common.php 第 579 行.
SQL: SELECT * FROM `mt_raty` WHERE ( `itemid` = 21 ) AND ( `typeid` = 1 ) LIMIT 1   [ RunTime:0.000101s ]
SQL: SELECT COUNT(*) AS tp_count FROM `mt_comment` WHERE ( `typeid` = 1 ) AND ( `status` = 1 ) AND ( `itemid` = 21 ) LIMIT 1   [ RunTime:0.000098s ]
SQL: SELECT COUNT(itemid) AS tp_count FROM `mt_itemlog` WHERE ( `typeid` = 1 ) AND ( `type` = 2 ) AND ( `itemid` = 21 ) LIMIT 1   [ RunTime:0.000140s ]
SQL: SELECT COUNT(itemid) AS tp_count FROM `mt_itemlog` WHERE ( `typeid` = 1 ) AND ( `type` = 3 ) AND ( `itemid` = 21 ) LIMIT 1   [ RunTime:0.000138s ]
SQL: SELECT COUNT(itemid) AS tp_count FROM `mt_itemlog` WHERE ( `typeid` = 1 ) AND ( `type` = 1 ) AND ( `itemid` = 20 ) LIMIT 1   [ RunTime:0.000131s ]
SQL: SELECT * FROM `mt_raty` WHERE ( `itemid` = 20 ) AND ( `typeid` = 1 ) LIMIT 1   [ RunTime:0.000154s ]
NOTIC: [2] Division by zero /var/www/html/lyg/wenku/app/Common/common.php 第 579 行.
SQL: SELECT * FROM `mt_raty` WHERE ( `itemid` = 20 ) AND ( `typeid` = 1 ) LIMIT 1   [ RunTime:0.000118s ]
SQL: SELECT COUNT(*) AS tp_count FROM `mt_comment` WHERE ( `typeid` = 1 ) AND ( `status` = 1 ) AND ( `itemid` = 20 ) LIMIT 1   [ RunTime:0.000115s ]
SQL: SELECT COUNT(itemid) AS tp_count FROM `mt_itemlog` WHERE ( `typeid` = 1 ) AND ( `type` = 2 ) AND ( `itemid` = 20 ) LIMIT 1   [ RunTime:0.000130s ]
SQL: SELECT COUNT(itemid) AS tp_count FROM `mt_itemlog` WHERE ( `typeid` = 1 ) AND ( `type` = 3 ) AND ( `itemid` = 20 ) LIMIT 1   [ RunTime:0.000130s ]
SQL: SELECT COUNT(itemid) AS tp_count FROM `mt_itemlog` WHERE ( `typeid` = 1 ) AND ( `type` = 1 ) AND ( `itemid` = 19 ) LIMIT 1   [ RunTime:0.000111s ]
SQL: SELECT * FROM `mt_raty` WHERE ( `itemid` = 19 ) AND ( `typeid` = 1 ) LIMIT 1   [ RunTime:0.000129s ]
NOTIC: [2] Division by zero /var/www/html/lyg/wenku/app/Common/common.php 第 579 行.
SQL: SELECT * FROM `mt_raty` WHERE ( `itemid` = 19 ) AND ( `typeid` = 1 ) LIMIT 1   [ RunTime:0.000102s ]
SQL: SELECT COUNT(*) AS tp_count FROM `mt_comment` WHERE ( `typeid` = 1 ) AND ( `status` = 1 ) AND ( `itemid` = 19 ) LIMIT 1   [ RunTime:0.000099s ]
SQL: SELECT COUNT(itemid) AS tp_count FROM `mt_itemlog` WHERE ( `typeid` = 1 ) AND ( `type` = 2 ) AND ( `itemid` = 19 ) LIMIT 1   [ RunTime:0.000110s ]
SQL: SELECT COUNT(itemid) AS tp_count FROM `mt_itemlog` WHERE ( `typeid` = 1 ) AND ( `type` = 3 ) AND ( `itemid` = 19 ) LIMIT 1   [ RunTime:0.000118s ]
SQL: SELECT COUNT(itemid) AS tp_count FROM `mt_itemlog` WHERE ( `typeid` = 1 ) AND ( `type` = 1 ) AND ( `itemid` = 18 ) LIMIT 1   [ RunTime:0.000111s ]
SQL: SELECT * FROM `mt_raty` WHERE ( `itemid` = 18 ) AND ( `typeid` = 1 ) LIMIT 1   [ RunTime:0.000100s ]
NOTIC: [2] Division by zero /var/www/html/lyg/wenku/app/Common/common.php 第 579 行.
SQL: SELECT * FROM `mt_raty` WHERE ( `itemid` = 18 ) AND ( `typeid` = 1 ) LIMIT 1   [ RunTime:0.000100s ]
SQL: SELECT COUNT(*) AS tp_count FROM `mt_comment` WHERE ( `typeid` = 1 ) AND ( `status` = 1 ) AND ( `itemid` = 18 ) LIMIT 1   [ RunTime:0.000100s ]
SQL: SELECT COUNT(itemid) AS tp_count FROM `mt_itemlog` WHERE ( `typeid` = 1 ) AND ( `type` = 2 ) AND ( `itemid` = 18 ) LIMIT 1   [ RunTime:0.000111s ]
SQL: SELECT COUNT(itemid) AS tp_count FROM `mt_itemlog` WHERE ( `typeid` = 1 ) AND ( `type` = 3 ) AND ( `itemid` = 18 ) LIMIT 1   [ RunTime:0.000109s ]
SQL: SELECT COUNT(itemid) AS tp_count FROM `mt_itemlog` WHERE ( `typeid` = 1 ) AND ( `type` = 1 ) AND ( `itemid` = 17 ) LIMIT 1   [ RunTime:0.000118s ]
SQL: SELECT * FROM `mt_raty` WHERE ( `itemid` = 17 ) AND ( `typeid` = 1 ) LIMIT 1   [ RunTime:0.000101s ]
NOTIC: [2] Division by zero /var/www/html/lyg/wenku/app/Common/common.php 第 579 行.
SQL: SELECT * FROM `mt_raty` WHERE ( `itemid` = 17 ) AND ( `typeid` = 1 ) LIMIT 1   [ RunTime:0.000101s ]
SQL: SELECT COUNT(*) AS tp_count FROM `mt_comment` WHERE ( `typeid` = 1 ) AND ( `status` = 1 ) AND ( `itemid` = 17 ) LIMIT 1   [ RunTime:0.000098s ]
SQL: SELECT COUNT(itemid) AS tp_count FROM `mt_itemlog` WHERE ( `typeid` = 1 ) AND ( `type` = 2 ) AND ( `itemid` = 17 ) LIMIT 1   [ RunTime:0.000112s ]
SQL: SELECT COUNT(itemid) AS tp_count FROM `mt_itemlog` WHERE ( `typeid` = 1 ) AND ( `type` = 3 ) AND ( `itemid` = 17 ) LIMIT 1   [ RunTime:0.000113s ]
SQL: SELECT COUNT(itemid) AS tp_count FROM `mt_itemlog` WHERE ( `typeid` = 1 ) AND ( `type` = 1 ) AND ( `itemid` = 16 ) LIMIT 1   [ RunTime:0.000110s ]
SQL: SELECT * FROM `mt_raty` WHERE ( `itemid` = 16 ) AND ( `typeid` = 1 ) LIMIT 1   [ RunTime:0.000122s ]
NOTIC: [2] Division by zero /var/www/html/lyg/wenku/app/Common/common.php 第 579 行.
SQL: SELECT * FROM `mt_raty` WHERE ( `itemid` = 16 ) AND ( `typeid` = 1 ) LIMIT 1   [ RunTime:0.000102s ]
SQL: SELECT COUNT(*) AS tp_count FROM `mt_comment` WHERE ( `typeid` = 1 ) AND ( `status` = 1 ) AND ( `itemid` = 16 ) LIMIT 1   [ RunTime:0.000098s ]
SQL: SELECT COUNT(itemid) AS tp_count FROM `mt_itemlog` WHERE ( `typeid` = 1 ) AND ( `type` = 2 ) AND ( `itemid` = 16 ) LIMIT 1   [ RunTime:0.000110s ]
SQL: SELECT COUNT(itemid) AS tp_count FROM `mt_itemlog` WHERE ( `typeid` = 1 ) AND ( `type` = 3 ) AND ( `itemid` = 16 ) LIMIT 1   [ RunTime:0.000111s ]
SQL: SELECT COUNT(itemid) AS tp_count FROM `mt_itemlog` WHERE ( `typeid` = 1 ) AND ( `type` = 1 ) AND ( `itemid` = 15 ) LIMIT 1   [ RunTime:0.000109s ]
SQL: SELECT * FROM `mt_raty` WHERE ( `itemid` = 15 ) AND ( `typeid` = 1 ) LIMIT 1   [ RunTime:0.000101s ]
NOTIC: [2] Division by zero /var/www/html/lyg/wenku/app/Common/common.php 第 579 行.
SQL: SELECT * FROM `mt_raty` WHERE ( `itemid` = 15 ) AND ( `typeid` = 1 ) LIMIT 1   [ RunTime:0.000099s ]
SQL: SELECT COUNT(*) AS tp_count FROM `mt_comment` WHERE ( `typeid` = 1 ) AND ( `status` = 1 ) AND ( `itemid` = 15 ) LIMIT 1   [ RunTime:0.000100s ]
SQL: SELECT COUNT(itemid) AS tp_count FROM `mt_itemlog` WHERE ( `typeid` = 1 ) AND ( `type` = 2 ) AND ( `itemid` = 15 ) LIMIT 1   [ RunTime:0.000111s ]
SQL: SELECT COUNT(itemid) AS tp_count FROM `mt_itemlog` WHERE ( `typeid` = 1 ) AND ( `type` = 3 ) AND ( `itemid` = 15 ) LIMIT 1   [ RunTime:0.000110s ]
SQL: SELECT COUNT(itemid) AS tp_count FROM `mt_itemlog` WHERE ( `typeid` = 1 ) AND ( `type` = 1 ) AND ( `itemid` = 14 ) LIMIT 1   [ RunTime:0.000144s ]
SQL: SELECT * FROM `mt_raty` WHERE ( `itemid` = 14 ) AND ( `typeid` = 1 ) LIMIT 1   [ RunTime:0.000100s ]
NOTIC: [2] Division by zero /var/www/html/lyg/wenku/app/Common/common.php 第 579 行.
SQL: SELECT * FROM `mt_raty` WHERE ( `itemid` = 14 ) AND ( `typeid` = 1 ) LIMIT 1   [ RunTime:0.000099s ]
SQL: SELECT COUNT(*) AS tp_count FROM `mt_comment` WHERE ( `typeid` = 1 ) AND ( `status` = 1 ) AND ( `itemid` = 14 ) LIMIT 1   [ RunTime:0.000097s ]
SQL: SELECT COUNT(itemid) AS tp_count FROM `mt_itemlog` WHERE ( `typeid` = 1 ) AND ( `type` = 2 ) AND ( `itemid` = 14 ) LIMIT 1   [ RunTime:0.000111s ]
SQL: SELECT COUNT(itemid) AS tp_count FROM `mt_itemlog` WHERE ( `typeid` = 1 ) AND ( `type` = 3 ) AND ( `itemid` = 14 ) LIMIT 1   [ RunTime:0.000109s ]
SQL: SELECT COUNT(itemid) AS tp_count FROM `mt_itemlog` WHERE ( `typeid` = 1 ) AND ( `type` = 1 ) AND ( `itemid` = 13 ) LIMIT 1   [ RunTime:0.000108s ]
SQL: SELECT * FROM `mt_raty` WHERE ( `itemid` = 13 ) AND ( `typeid` = 1 ) LIMIT 1   [ RunTime:0.000106s ]
NOTIC: [2] Division by zero /var/www/html/lyg/wenku/app/Common/common.php 第 579 行.
SQL: SELECT * FROM `mt_raty` WHERE ( `itemid` = 13 ) AND ( `typeid` = 1 ) LIMIT 1   [ RunTime:0.000099s ]
SQL: SELECT COUNT(*) AS tp_count FROM `mt_comment` WHERE ( `typeid` = 1 ) AND ( `status` = 1 ) AND ( `itemid` = 13 ) LIMIT 1   [ RunTime:0.000097s ]
SQL: SELECT COUNT(itemid) AS tp_count FROM `mt_itemlog` WHERE ( `typeid` = 1 ) AND ( `type` = 2 ) AND ( `itemid` = 13 ) LIMIT 1   [ RunTime:0.000109s ]
SQL: SELECT COUNT(itemid) AS tp_count FROM `mt_itemlog` WHERE ( `typeid` = 1 ) AND ( `type` = 3 ) AND ( `itemid` = 13 ) LIMIT 1   [ RunTime:0.000136s ]
SQL: SELECT COUNT(itemid) AS tp_count FROM `mt_itemlog` WHERE ( `typeid` = 1 ) AND ( `type` = 1 ) AND ( `itemid` = 12 ) LIMIT 1   [ RunTime:0.000109s ]
SQL: SELECT * FROM `mt_raty` WHERE ( `itemid` = 12 ) AND ( `typeid` = 1 ) LIMIT 1   [ RunTime:0.000099s ]
NOTIC: [2] Division by zero /var/www/html/lyg/wenku/app/Common/common.php 第 579 行.
SQL: SELECT * FROM `mt_raty` WHERE ( `itemid` = 12 ) AND ( `typeid` = 1 ) LIMIT 1   [ RunTime:0.000098s ]
SQL: SELECT COUNT(*) AS tp_count FROM `mt_comment` WHERE ( `typeid` = 1 ) AND ( `status` = 1 ) AND ( `itemid` = 12 ) LIMIT 1   [ RunTime:0.000097s ]
SQL: SELECT COUNT(itemid) AS tp_count FROM `mt_itemlog` WHERE ( `typeid` = 1 ) AND ( `type` = 2 ) AND ( `itemid` = 12 ) LIMIT 1   [ RunTime:0.000109s ]
SQL: SELECT COUNT(itemid) AS tp_count FROM `mt_itemlog` WHERE ( `typeid` = 1 ) AND ( `type` = 3 ) AND ( `itemid` = 12 ) LIMIT 1   [ RunTime:0.000108s ]
SQL: SELECT COUNT(itemid) AS tp_count FROM `mt_itemlog` WHERE ( `typeid` = 1 ) AND ( `type` = 1 ) AND ( `itemid` = 11 ) LIMIT 1   [ RunTime:0.000110s ]
SQL: SELECT * FROM `mt_raty` WHERE ( `itemid` = 11 ) AND ( `typeid` = 1 ) LIMIT 1   [ RunTime:0.000101s ]
NOTIC: [2] Division by zero /var/www/html/lyg/wenku/app/Common/common.php 第 579 行.
SQL: SELECT * FROM `mt_raty` WHERE ( `itemid` = 11 ) AND ( `typeid` = 1 ) LIMIT 1   [ RunTime:0.000099s ]
SQL: SELECT COUNT(*) AS tp_count FROM `mt_comment` WHERE ( `typeid` = 1 ) AND ( `status` = 1 ) AND ( `itemid` = 11 ) LIMIT 1   [ RunTime:0.000096s ]
SQL: SELECT COUNT(itemid) AS tp_count FROM `mt_itemlog` WHERE ( `typeid` = 1 ) AND ( `type` = 2 ) AND ( `itemid` = 11 ) LIMIT 1   [ RunTime:0.000126s ]
SQL: SELECT COUNT(itemid) AS tp_count FROM `mt_itemlog` WHERE ( `typeid` = 1 ) AND ( `type` = 3 ) AND ( `itemid` = 11 ) LIMIT 1   [ RunTime:0.000109s ]
SQL: SELECT COUNT(itemid) AS tp_count FROM `mt_itemlog` WHERE ( `typeid` = 1 ) AND ( `type` = 1 ) AND ( `itemid` = 10 ) LIMIT 1   [ RunTime:0.000112s ]
SQL: SELECT * FROM `mt_raty` WHERE ( `itemid` = 10 ) AND ( `typeid` = 1 ) LIMIT 1   [ RunTime:0.000107s ]
NOTIC: [2] Division by zero /var/www/html/lyg/wenku/app/Common/common.php 第 579 行.
SQL: SELECT * FROM `mt_raty` WHERE ( `itemid` = 10 ) AND ( `typeid` = 1 ) LIMIT 1   [ RunTime:0.000126s ]
SQL: SELECT COUNT(*) AS tp_count FROM `mt_comment` WHERE ( `typeid` = 1 ) AND ( `status` = 1 ) AND ( `itemid` = 10 ) LIMIT 1   [ RunTime:0.000096s ]
SQL: SELECT COUNT(itemid) AS tp_count FROM `mt_itemlog` WHERE ( `typeid` = 1 ) AND ( `type` = 2 ) AND ( `itemid` = 10 ) LIMIT 1   [ RunTime:0.000153s ]
SQL: SELECT COUNT(itemid) AS tp_count FROM `mt_itemlog` WHERE ( `typeid` = 1 ) AND ( `type` = 3 ) AND ( `itemid` = 10 ) LIMIT 1   [ RunTime:0.000110s ]
SQL: SELECT COUNT(itemid) AS tp_count FROM `mt_itemlog` WHERE ( `typeid` = 1 ) AND ( `type` = 1 ) AND ( `itemid` = 9 ) LIMIT 1   [ RunTime:0.000109s ]
SQL: SELECT * FROM `mt_raty` WHERE ( `itemid` = 9 ) AND ( `typeid` = 1 ) LIMIT 1   [ RunTime:0.000103s ]
NOTIC: [2] Division by zero /var/www/html/lyg/wenku/app/Common/common.php 第 579 行.
SQL: SELECT * FROM `mt_raty` WHERE ( `itemid` = 9 ) AND ( `typeid` = 1 ) LIMIT 1   [ RunTime:0.000106s ]
SQL: SELECT COUNT(*) AS tp_count FROM `mt_comment` WHERE ( `typeid` = 1 ) AND ( `status` = 1 ) AND ( `itemid` = 9 ) LIMIT 1   [ RunTime:0.000125s ]
SQL: SELECT COUNT(itemid) AS tp_count FROM `mt_itemlog` WHERE ( `typeid` = 1 ) AND ( `type` = 2 ) AND ( `itemid` = 9 ) LIMIT 1   [ RunTime:0.000110s ]
SQL: SELECT COUNT(itemid) AS tp_count FROM `mt_itemlog` WHERE ( `typeid` = 1 ) AND ( `type` = 3 ) AND ( `itemid` = 9 ) LIMIT 1   [ RunTime:0.000109s ]
SQL: SELECT COUNT(itemid) AS tp_count FROM `mt_itemlog` WHERE ( `typeid` = 1 ) AND ( `type` = 1 ) AND ( `itemid` = 8 ) LIMIT 1   [ RunTime:0.000110s ]
SQL: SELECT * FROM `mt_raty` WHERE ( `itemid` = 8 ) AND ( `typeid` = 1 ) LIMIT 1   [ RunTime:0.000099s ]
NOTIC: [2] Division by zero /var/www/html/lyg/wenku/app/Common/common.php 第 579 行.
SQL: SELECT * FROM `mt_raty` WHERE ( `itemid` = 8 ) AND ( `typeid` = 1 ) LIMIT 1   [ RunTime:0.000098s ]
SQL: SELECT COUNT(*) AS tp_count FROM `mt_comment` WHERE ( `typeid` = 1 ) AND ( `status` = 1 ) AND ( `itemid` = 8 ) LIMIT 1   [ RunTime:0.000105s ]
SQL: SELECT COUNT(itemid) AS tp_count FROM `mt_itemlog` WHERE ( `typeid` = 1 ) AND ( `type` = 2 ) AND ( `itemid` = 8 ) LIMIT 1   [ RunTime:0.000173s ]
SQL: SELECT COUNT(itemid) AS tp_count FROM `mt_itemlog` WHERE ( `typeid` = 1 ) AND ( `type` = 3 ) AND ( `itemid` = 8 ) LIMIT 1   [ RunTime:0.000110s ]
SQL: SELECT * FROM `mt_raty` WHERE ( `itemid` = 23 ) AND ( `typeid` = 1 ) LIMIT 1   [ RunTime:0.000106s ]
NOTIC: [2] Division by zero /var/www/html/lyg/wenku/app/Common/common.php 第 608 行.
SQL: SELECT * FROM `mt_raty` WHERE ( `itemid` = 22 ) AND ( `typeid` = 1 ) LIMIT 1   [ RunTime:0.000099s ]
NOTIC: [2] Division by zero /var/www/html/lyg/wenku/app/Common/common.php 第 608 行.
SQL: SELECT * FROM `mt_raty` WHERE ( `itemid` = 21 ) AND ( `typeid` = 1 ) LIMIT 1   [ RunTime:0.000099s ]
NOTIC: [2] Division by zero /var/www/html/lyg/wenku/app/Common/common.php 第 608 行.
SQL: SELECT * FROM `mt_raty` WHERE ( `itemid` = 20 ) AND ( `typeid` = 1 ) LIMIT 1   [ RunTime:0.000097s ]
NOTIC: [2] Division by zero /var/www/html/lyg/wenku/app/Common/common.php 第 608 行.
SQL: SELECT * FROM `mt_raty` WHERE ( `itemid` = 19 ) AND ( `typeid` = 1 ) LIMIT 1   [ RunTime:0.000099s ]
NOTIC: [2] Division by zero /var/www/html/lyg/wenku/app/Common/common.php 第 608 行.
SQL: SELECT * FROM `mt_raty` WHERE ( `itemid` = 18 ) AND ( `typeid` = 1 ) LIMIT 1   [ RunTime:0.000114s ]
NOTIC: [2] Division by zero /var/www/html/lyg/wenku/app/Common/common.php 第 608 行.
SQL: SELECT * FROM `mt_raty` WHERE ( `itemid` = 17 ) AND ( `typeid` = 1 ) LIMIT 1   [ RunTime:0.000099s ]
NOTIC: [2] Division by zero /var/www/html/lyg/wenku/app/Common/common.php 第 608 行.
SQL: SELECT * FROM `mt_raty` WHERE ( `itemid` = 16 ) AND ( `typeid` = 1 ) LIMIT 1   [ RunTime:0.000097s ]
NOTIC: [2] Division by zero /var/www/html/lyg/wenku/app/Common/common.php 第 608 行.
SQL: SELECT * FROM `mt_raty` WHERE ( `itemid` = 15 ) AND ( `typeid` = 1 ) LIMIT 1   [ RunTime:0.000098s ]
NOTIC: [2] Division by zero /var/www/html/lyg/wenku/app/Common/common.php 第 608 行.
SQL: SELECT * FROM `mt_raty` WHERE ( `itemid` = 14 ) AND ( `typeid` = 1 ) LIMIT 1   [ RunTime:0.000124s ]
NOTIC: [2] Division by zero /var/www/html/lyg/wenku/app/Common/common.php 第 608 行.
SQL: SELECT * FROM `mt_raty` WHERE ( `itemid` = 13 ) AND ( `typeid` = 1 ) LIMIT 1   [ RunTime:0.000098s ]
NOTIC: [2] Division by zero /var/www/html/lyg/wenku/app/Common/common.php 第 608 行.
SQL: SELECT * FROM `mt_raty` WHERE ( `itemid` = 12 ) AND ( `typeid` = 1 ) LIMIT 1   [ RunTime:0.000105s ]
NOTIC: [2] Division by zero /var/www/html/lyg/wenku/app/Common/common.php 第 608 行.
SQL: SELECT * FROM `mt_raty` WHERE ( `itemid` = 11 ) AND ( `typeid` = 1 ) LIMIT 1   [ RunTime:0.000097s ]
NOTIC: [2] Division by zero /var/www/html/lyg/wenku/app/Common/common.php 第 608 行.
SQL: SELECT * FROM `mt_raty` WHERE ( `itemid` = 10 ) AND ( `typeid` = 1 ) LIMIT 1   [ RunTime:0.000098s ]
NOTIC: [2] Division by zero /var/www/html/lyg/wenku/app/Common/common.php 第 608 行.
SQL: SELECT * FROM `mt_raty` WHERE ( `itemid` = 9 ) AND ( `typeid` = 1 ) LIMIT 1   [ RunTime:0.000096s ]
NOTIC: [2] Division by zero /var/www/html/lyg/wenku/app/Common/common.php 第 608 行.
SQL: SELECT * FROM `mt_raty` WHERE ( `itemid` = 8 ) AND ( `typeid` = 1 ) LIMIT 1   [ RunTime:0.000097s ]
NOTIC: [2] Division by zero /var/www/html/lyg/wenku/app/Common/common.php 第 608 行.
SQL: SELECT * FROM `mt_doc_con` WHERE ( `id` = 12 ) LIMIT 1   [ RunTime:0.000133s ]
SQL: SELECT * FROM `mt_doc_con` WHERE ( `id` = 13 ) LIMIT 1   [ RunTime:0.000128s ]
SQL: SELECT * FROM `mt_doc_con` WHERE ( `id` = 14 ) LIMIT 1   [ RunTime:0.000125s ]
SQL: SELECT * FROM `mt_doc_con` WHERE ( `id` = 11 ) LIMIT 1   [ RunTime:0.000124s ]
SQL: SELECT * FROM `mt_doc_con` WHERE ( `id` = 10 ) LIMIT 1   [ RunTime:0.000130s ]
SQL: SELECT * FROM `mt_doc_con` WHERE ( `id` = 8 ) LIMIT 1   [ RunTime:0.000123s ]
SQL: SELECT * FROM `mt_doc_con` WHERE ( `add_time` <= 1463149688 ) AND ( `status` > 1 ) ORDER BY add_time desc  [ RunTime:0.000210s ]
SQL: SELECT COUNT(itemid) AS tp_count FROM `mt_itemlog` WHERE ( `typeid` = 1 ) AND ( `type` = 1 ) AND ( `itemid` = 23 ) LIMIT 1   [ RunTime:0.000116s ]
SQL: SELECT * FROM `mt_raty` WHERE ( `itemid` = 23 ) AND ( `typeid` = 1 ) LIMIT 1   [ RunTime:0.000129s ]
NOTIC: [2] Division by zero /var/www/html/lyg/wenku/app/Common/common.php 第 579 行.
SQL: SELECT * FROM `mt_raty` WHERE ( `itemid` = 23 ) AND ( `typeid` = 1 ) LIMIT 1   [ RunTime:0.000100s ]
SQL: SELECT COUNT(*) AS tp_count FROM `mt_comment` WHERE ( `typeid` = 1 ) AND ( `status` = 1 ) AND ( `itemid` = 23 ) LIMIT 1   [ RunTime:0.000101s ]
SQL: SELECT COUNT(itemid) AS tp_count FROM `mt_itemlog` WHERE ( `typeid` = 1 ) AND ( `type` = 2 ) AND ( `itemid` = 23 ) LIMIT 1   [ RunTime:0.000111s ]
SQL: SELECT COUNT(itemid) AS tp_count FROM `mt_itemlog` WHERE ( `typeid` = 1 ) AND ( `type` = 3 ) AND ( `itemid` = 23 ) LIMIT 1   [ RunTime:0.000112s ]
SQL: SELECT COUNT(itemid) AS tp_count FROM `mt_itemlog` WHERE ( `typeid` = 1 ) AND ( `type` = 1 ) AND ( `itemid` = 22 ) LIMIT 1   [ RunTime:0.000120s ]
SQL: SELECT * FROM `mt_raty` WHERE ( `itemid` = 22 ) AND ( `typeid` = 1 ) LIMIT 1   [ RunTime:0.000099s ]
NOTIC: [2] Division by zero /var/www/html/lyg/wenku/app/Common/common.php 第 579 行.
SQL: SELECT * FROM `mt_raty` WHERE ( `itemid` = 22 ) AND ( `typeid` = 1 ) LIMIT 1   [ RunTime:0.000134s ]
SQL: SELECT COUNT(*) AS tp_count FROM `mt_comment` WHERE ( `typeid` = 1 ) AND ( `status` = 1 ) AND ( `itemid` = 22 ) LIMIT 1   [ RunTime:0.000132s ]
SQL: SELECT COUNT(itemid) AS tp_count FROM `mt_itemlog` WHERE ( `typeid` = 1 ) AND ( `type` = 2 ) AND ( `itemid` = 22 ) LIMIT 1   [ RunTime:0.000120s ]
SQL: SELECT COUNT(itemid) AS tp_count FROM `mt_itemlog` WHERE ( `typeid` = 1 ) AND ( `type` = 3 ) AND ( `itemid` = 22 ) LIMIT 1   [ RunTime:0.000132s ]
SQL: SELECT COUNT(itemid) AS tp_count FROM `mt_itemlog` WHERE ( `typeid` = 1 ) AND ( `type` = 1 ) AND ( `itemid` = 21 ) LIMIT 1   [ RunTime:0.000113s ]
SQL: SELECT * FROM `mt_raty` WHERE ( `itemid` = 21 ) AND ( `typeid` = 1 ) LIMIT 1   [ RunTime:0.000104s ]
NOTIC: [2] Division by zero /var/www/html/lyg/wenku/app/Common/common.php 第 579 行.
SQL: SELECT * FROM `mt_raty` WHERE ( `itemid` = 21 ) AND ( `typeid` = 1 ) LIMIT 1   [ RunTime:0.000101s ]
SQL: SELECT COUNT(*) AS tp_count FROM `mt_comment` WHERE ( `typeid` = 1 ) AND ( `status` = 1 ) AND ( `itemid` = 21 ) LIMIT 1   [ RunTime:0.000099s ]
SQL: SELECT COUNT(itemid) AS tp_count FROM `mt_itemlog` WHERE ( `typeid` = 1 ) AND ( `type` = 2 ) AND ( `itemid` = 21 ) LIMIT 1   [ RunTime:0.000113s ]
SQL: SELECT COUNT(itemid) AS tp_count FROM `mt_itemlog` WHERE ( `typeid` = 1 ) AND ( `type` = 3 ) AND ( `itemid` = 21 ) LIMIT 1   [ RunTime:0.000112s ]
SQL: SELECT COUNT(itemid) AS tp_count FROM `mt_itemlog` WHERE ( `typeid` = 1 ) AND ( `type` = 1 ) AND ( `itemid` = 20 ) LIMIT 1   [ RunTime:0.000129s ]
SQL: SELECT * FROM `mt_raty` WHERE ( `itemid` = 20 ) AND ( `typeid` = 1 ) LIMIT 1   [ RunTime:0.000101s ]
NOTIC: [2] Division by zero /var/www/html/lyg/wenku/app/Common/common.php 第 579 行.
SQL: SELECT * FROM `mt_raty` WHERE ( `itemid` = 20 ) AND ( `typeid` = 1 ) LIMIT 1   [ RunTime:0.000099s ]
SQL: SELECT COUNT(*) AS tp_count FROM `mt_comment` WHERE ( `typeid` = 1 ) AND ( `status` = 1 ) AND ( `itemid` = 20 ) LIMIT 1   [ RunTime:0.000098s ]
SQL: SELECT COUNT(itemid) AS tp_count FROM `mt_itemlog` WHERE ( `typeid` = 1 ) AND ( `type` = 2 ) AND ( `itemid` = 20 ) LIMIT 1   [ RunTime:0.000155s ]
SQL: SELECT COUNT(itemid) AS tp_count FROM `mt_itemlog` WHERE ( `typeid` = 1 ) AND ( `type` = 3 ) AND ( `itemid` = 20 ) LIMIT 1   [ RunTime:0.000110s ]
SQL: SELECT COUNT(itemid) AS tp_count FROM `mt_itemlog` WHERE ( `typeid` = 1 ) AND ( `type` = 1 ) AND ( `itemid` = 19 ) LIMIT 1   [ RunTime:0.000110s ]
SQL: SELECT * FROM `mt_raty` WHERE ( `itemid` = 19 ) AND ( `typeid` = 1 ) LIMIT 1   [ RunTime:0.000099s ]
NOTIC: [2] Division by zero /var/www/html/lyg/wenku/app/Common/common.php 第 579 行.
SQL: SELECT * FROM `mt_raty` WHERE ( `itemid` = 19 ) AND ( `typeid` = 1 ) LIMIT 1   [ RunTime:0.000100s ]
SQL: SELECT COUNT(*) AS tp_count FROM `mt_comment` WHERE ( `typeid` = 1 ) AND ( `status` = 1 ) AND ( `itemid` = 19 ) LIMIT 1   [ RunTime:0.000097s ]
SQL: SELECT COUNT(itemid) AS tp_count FROM `mt_itemlog` WHERE ( `typeid` = 1 ) AND ( `type` = 2 ) AND ( `itemid` = 19 ) LIMIT 1   [ RunTime:0.000109s ]
SQL: SELECT COUNT(itemid) AS tp_count FROM `mt_itemlog` WHERE ( `typeid` = 1 ) AND ( `type` = 3 ) AND ( `itemid` = 19 ) LIMIT 1   [ RunTime:0.000125s ]
SQL: SELECT COUNT(itemid) AS tp_count FROM `mt_itemlog` WHERE ( `typeid` = 1 ) AND ( `type` = 1 ) AND ( `itemid` = 18 ) LIMIT 1   [ RunTime:0.000109s ]
SQL: SELECT * FROM `mt_raty` WHERE ( `itemid` = 18 ) AND ( `typeid` = 1 ) LIMIT 1   [ RunTime:0.000098s ]
NOTIC: [2] Division by zero /var/www/html/lyg/wenku/app/Common/common.php 第 579 行.
SQL: SELECT * FROM `mt_raty` WHERE ( `itemid` = 18 ) AND ( `typeid` = 1 ) LIMIT 1   [ RunTime:0.000098s ]
SQL: SELECT COUNT(*) AS tp_count FROM `mt_comment` WHERE ( `typeid` = 1 ) AND ( `status` = 1 ) AND ( `itemid` = 18 ) LIMIT 1   [ RunTime:0.000114s ]
SQL: SELECT COUNT(itemid) AS tp_count FROM `mt_itemlog` WHERE ( `typeid` = 1 ) AND ( `type` = 2 ) AND ( `itemid` = 18 ) LIMIT 1   [ RunTime:0.000111s ]
SQL: SELECT COUNT(itemid) AS tp_count FROM `mt_itemlog` WHERE ( `typeid` = 1 ) AND ( `type` = 3 ) AND ( `itemid` = 18 ) LIMIT 1   [ RunTime:0.000108s ]
SQL: SELECT COUNT(itemid) AS tp_count FROM `mt_itemlog` WHERE ( `typeid` = 1 ) AND ( `type` = 1 ) AND ( `itemid` = 17 ) LIMIT 1   [ RunTime:0.000108s ]
SQL: SELECT * FROM `mt_raty` WHERE ( `itemid` = 17 ) AND ( `typeid` = 1 ) LIMIT 1   [ RunTime:0.000099s ]
NOTIC: [2] Division by zero /var/www/html/lyg/wenku/app/Common/common.php 第 579 行.
SQL: SELECT * FROM `mt_raty` WHERE ( `itemid` = 17 ) AND ( `typeid` = 1 ) LIMIT 1   [ RunTime:0.000097s ]
SQL: SELECT COUNT(*) AS tp_count FROM `mt_comment` WHERE ( `typeid` = 1 ) AND ( `status` = 1 ) AND ( `itemid` = 17 ) LIMIT 1   [ RunTime:0.000099s ]
SQL: SELECT COUNT(itemid) AS tp_count FROM `mt_itemlog` WHERE ( `typeid` = 1 ) AND ( `type` = 2 ) AND ( `itemid` = 17 ) LIMIT 1   [ RunTime:0.000109s ]
SQL: SELECT COUNT(itemid) AS tp_count FROM `mt_itemlog` WHERE ( `typeid` = 1 ) AND ( `type` = 3 ) AND ( `itemid` = 17 ) LIMIT 1   [ RunTime:0.000109s ]
SQL: SELECT COUNT(itemid) AS tp_count FROM `mt_itemlog` WHERE ( `typeid` = 1 ) AND ( `type` = 1 ) AND ( `itemid` = 16 ) LIMIT 1   [ RunTime:0.000108s ]
SQL: SELECT * FROM `mt_raty` WHERE ( `itemid` = 16 ) AND ( `typeid` = 1 ) LIMIT 1   [ RunTime:0.000098s ]
NOTIC: [2] Division by zero /var/www/html/lyg/wenku/app/Common/common.php 第 579 行.
SQL: SELECT * FROM `mt_raty` WHERE ( `itemid` = 16 ) AND ( `typeid` = 1 ) LIMIT 1   [ RunTime:0.000132s ]
SQL: SELECT COUNT(*) AS tp_count FROM `mt_comment` WHERE ( `typeid` = 1 ) AND ( `status` = 1 ) AND ( `itemid` = 16 ) LIMIT 1   [ RunTime:0.000098s ]
SQL: SELECT COUNT(itemid) AS tp_count FROM `mt_itemlog` WHERE ( `typeid` = 1 ) AND ( `type` = 2 ) AND ( `itemid` = 16 ) LIMIT 1   [ RunTime:0.000111s ]
SQL: SELECT COUNT(itemid) AS tp_count FROM `mt_itemlog` WHERE ( `typeid` = 1 ) AND ( `type` = 3 ) AND ( `itemid` = 16 ) LIMIT 1   [ RunTime:0.000108s ]
SQL: SELECT COUNT(itemid) AS tp_count FROM `mt_itemlog` WHERE ( `typeid` = 1 ) AND ( `type` = 1 ) AND ( `itemid` = 15 ) LIMIT 1   [ RunTime:0.000109s ]
SQL: SELECT * FROM `mt_raty` WHERE ( `itemid` = 15 ) AND ( `typeid` = 1 ) LIMIT 1   [ RunTime:0.000098s ]
NOTIC: [2] Division by zero /var/www/html/lyg/wenku/app/Common/common.php 第 579 行.
SQL: SELECT * FROM `mt_raty` WHERE ( `itemid` = 15 ) AND ( `typeid` = 1 ) LIMIT 1   [ RunTime:0.000098s ]
SQL: SELECT COUNT(*) AS tp_count FROM `mt_comment` WHERE ( `typeid` = 1 ) AND ( `status` = 1 ) AND ( `itemid` = 15 ) LIMIT 1   [ RunTime:0.000112s ]
SQL: SELECT COUNT(itemid) AS tp_count FROM `mt_itemlog` WHERE ( `typeid` = 1 ) AND ( `type` = 2 ) AND ( `itemid` = 15 ) LIMIT 1   [ RunTime:0.000108s ]
SQL: SELECT COUNT(itemid) AS tp_count FROM `mt_itemlog` WHERE ( `typeid` = 1 ) AND ( `type` = 3 ) AND ( `itemid` = 15 ) LIMIT 1   [ RunTime:0.000108s ]
SQL: SELECT COUNT(itemid) AS tp_count FROM `mt_itemlog` WHERE ( `typeid` = 1 ) AND ( `type` = 1 ) AND ( `itemid` = 14 ) LIMIT 1   [ RunTime:0.000108s ]
SQL: SELECT * FROM `mt_raty` WHERE ( `itemid` = 14 ) AND ( `typeid` = 1 ) LIMIT 1   [ RunTime:0.000101s ]
NOTIC: [2] Division by zero /var/www/html/lyg/wenku/app/Common/common.php 第 579 行.
SQL: SELECT * FROM `mt_raty` WHERE ( `itemid` = 14 ) AND ( `typeid` = 1 ) LIMIT 1   [ RunTime:0.000098s ]
SQL: SELECT COUNT(*) AS tp_count FROM `mt_comment` WHERE ( `typeid` = 1 ) AND ( `status` = 1 ) AND ( `itemid` = 14 ) LIMIT 1   [ RunTime:0.000096s ]
SQL: SELECT COUNT(itemid) AS tp_count FROM `mt_itemlog` WHERE ( `typeid` = 1 ) AND ( `type` = 2 ) AND ( `itemid` = 14 ) LIMIT 1   [ RunTime:0.000109s ]
SQL: SELECT COUNT(itemid) AS tp_count FROM `mt_itemlog` WHERE ( `typeid` = 1 ) AND ( `type` = 3 ) AND ( `itemid` = 14 ) LIMIT 1   [ RunTime:0.000108s ]
SQL: SELECT COUNT(itemid) AS tp_count FROM `mt_itemlog` WHERE ( `typeid` = 1 ) AND ( `type` = 1 ) AND ( `itemid` = 13 ) LIMIT 1   [ RunTime:0.000107s ]
SQL: SELECT * FROM `mt_raty` WHERE ( `itemid` = 13 ) AND ( `typeid` = 1 ) LIMIT 1   [ RunTime:0.000101s ]
NOTIC: [2] Division by zero /var/www/html/lyg/wenku/app/Common/common.php 第 579 行.
SQL: SELECT * FROM `mt_raty` WHERE ( `itemid` = 13 ) AND ( `typeid` = 1 ) LIMIT 1   [ RunTime:0.000098s ]
SQL: SELECT COUNT(*) AS tp_count FROM `mt_comment` WHERE ( `typeid` = 1 ) AND ( `status` = 1 ) AND ( `itemid` = 13 ) LIMIT 1   [ RunTime:0.000097s ]
SQL: SELECT COUNT(itemid) AS tp_count FROM `mt_itemlog` WHERE ( `typeid` = 1 ) AND ( `type` = 2 ) AND ( `itemid` = 13 ) LIMIT 1   [ RunTime:0.000108s ]
SQL: SELECT COUNT(itemid) AS tp_count FROM `mt_itemlog` WHERE ( `typeid` = 1 ) AND ( `type` = 3 ) AND ( `itemid` = 13 ) LIMIT 1   [ RunTime:0.000107s ]
SQL: SELECT COUNT(itemid) AS tp_count FROM `mt_itemlog` WHERE ( `typeid` = 1 ) AND ( `type` = 1 ) AND ( `itemid` = 12 ) LIMIT 1   [ RunTime:0.000135s ]
SQL: SELECT * FROM `mt_raty` WHERE ( `itemid` = 12 ) AND ( `typeid` = 1 ) LIMIT 1   [ RunTime:0.000099s ]
NOTIC: [2] Division by zero /var/www/html/lyg/wenku/app/Common/common.php 第 579 行.
SQL: SELECT * FROM `mt_raty` WHERE ( `itemid` = 12 ) AND ( `typeid` = 1 ) LIMIT 1   [ RunTime:0.000097s ]
SQL: SELECT COUNT(*) AS tp_count FROM `mt_comment` WHERE ( `typeid` = 1 ) AND ( `status` = 1 ) AND ( `itemid` = 12 ) LIMIT 1   [ RunTime:0.000095s ]
SQL: SELECT COUNT(itemid) AS tp_count FROM `mt_itemlog` WHERE ( `typeid` = 1 ) AND ( `type` = 2 ) AND ( `itemid` = 12 ) LIMIT 1   [ RunTime:0.000130s ]
SQL: SELECT COUNT(itemid) AS tp_count FROM `mt_itemlog` WHERE ( `typeid` = 1 ) AND ( `type` = 3 ) AND ( `itemid` = 12 ) LIMIT 1   [ RunTime:0.000109s ]
SQL: SELECT COUNT(itemid) AS tp_count FROM `mt_itemlog` WHERE ( `typeid` = 1 ) AND ( `type` = 1 ) AND ( `itemid` = 11 ) LIMIT 1   [ RunTime:0.000110s ]
SQL: SELECT * FROM `mt_raty` WHERE ( `itemid` = 11 ) AND ( `typeid` = 1 ) LIMIT 1   [ RunTime:0.000114s ]
NOTIC: [2] Division by zero /var/www/html/lyg/wenku/app/Common/common.php 第 579 行.
SQL: SELECT * FROM `mt_raty` WHERE ( `itemid` = 11 ) AND ( `typeid` = 1 ) LIMIT 1   [ RunTime:0.000098s ]
SQL: SELECT COUNT(*) AS tp_count FROM `mt_comment` WHERE ( `typeid` = 1 ) AND ( `status` = 1 ) AND ( `itemid` = 11 ) LIMIT 1   [ RunTime:0.000096s ]
SQL: SELECT COUNT(itemid) AS tp_count FROM `mt_itemlog` WHERE ( `typeid` = 1 ) AND ( `type` = 2 ) AND ( `itemid` = 11 ) LIMIT 1   [ RunTime:0.000108s ]
SQL: SELECT COUNT(itemid) AS tp_count FROM `mt_itemlog` WHERE ( `typeid` = 1 ) AND ( `type` = 3 ) AND ( `itemid` = 11 ) LIMIT 1   [ RunTime:0.000142s ]
SQL: SELECT COUNT(itemid) AS tp_count FROM `mt_itemlog` WHERE ( `typeid` = 1 ) AND ( `type` = 1 ) AND ( `itemid` = 10 ) LIMIT 1   [ RunTime:0.000108s ]
SQL: SELECT * FROM `mt_raty` WHERE ( `itemid` = 10 ) AND ( `typeid` = 1 ) LIMIT 1   [ RunTime:0.000098s ]
NOTIC: [2] Division by zero /var/www/html/lyg/wenku/app/Common/common.php 第 579 行.
SQL: SELECT * FROM `mt_raty` WHERE ( `itemid` = 10 ) AND ( `typeid` = 1 ) LIMIT 1   [ RunTime:0.000098s ]
SQL: SELECT COUNT(*) AS tp_count FROM `mt_comment` WHERE ( `typeid` = 1 ) AND ( `status` = 1 ) AND ( `itemid` = 10 ) LIMIT 1   [ RunTime:0.000097s ]
SQL: SELECT COUNT(itemid) AS tp_count FROM `mt_itemlog` WHERE ( `typeid` = 1 ) AND ( `type` = 2 ) AND ( `itemid` = 10 ) LIMIT 1   [ RunTime:0.000108s ]
SQL: SELECT COUNT(itemid) AS tp_count FROM `mt_itemlog` WHERE ( `typeid` = 1 ) AND ( `type` = 3 ) AND ( `itemid` = 10 ) LIMIT 1   [ RunTime:0.000109s ]
SQL: SELECT COUNT(itemid) AS tp_count FROM `mt_itemlog` WHERE ( `typeid` = 1 ) AND ( `type` = 1 ) AND ( `itemid` = 9 ) LIMIT 1   [ RunTime:0.000124s ]
SQL: SELECT * FROM `mt_raty` WHERE ( `itemid` = 9 ) AND ( `typeid` = 1 ) LIMIT 1   [ RunTime:0.000098s ]
NOTIC: [2] Division by zero /var/www/html/lyg/wenku/app/Common/common.php 第 579 行.
SQL: SELECT * FROM `mt_raty` WHERE ( `itemid` = 9 ) AND ( `typeid` = 1 ) LIMIT 1   [ RunTime:0.000098s ]
SQL: SELECT COUNT(*) AS tp_count FROM `mt_comment` WHERE ( `typeid` = 1 ) AND ( `status` = 1 ) AND ( `itemid` = 9 ) LIMIT 1   [ RunTime:0.000096s ]
SQL: SELECT COUNT(itemid) AS tp_count FROM `mt_itemlog` WHERE ( `typeid` = 1 ) AND ( `type` = 2 ) AND ( `itemid` = 9 ) LIMIT 1   [ RunTime:0.000189s ]
SQL: SELECT COUNT(itemid) AS tp_count FROM `mt_itemlog` WHERE ( `typeid` = 1 ) AND ( `type` = 3 ) AND ( `itemid` = 9 ) LIMIT 1   [ RunTime:0.000241s ]
SQL: SELECT COUNT(itemid) AS tp_count FROM `mt_itemlog` WHERE ( `typeid` = 1 ) AND ( `type` = 1 ) AND ( `itemid` = 8 ) LIMIT 1   [ RunTime:0.000118s ]
SQL: SELECT * FROM `mt_raty` WHERE ( `itemid` = 8 ) AND ( `typeid` = 1 ) LIMIT 1   [ RunTime:0.000111s ]
NOTIC: [2] Division by zero /var/www/html/lyg/wenku/app/Common/common.php 第 579 行.
SQL: SELECT * FROM `mt_raty` WHERE ( `itemid` = 8 ) AND ( `typeid` = 1 ) LIMIT 1   [ RunTime:0.000105s ]
SQL: SELECT COUNT(*) AS tp_count FROM `mt_comment` WHERE ( `typeid` = 1 ) AND ( `status` = 1 ) AND ( `itemid` = 8 ) LIMIT 1   [ RunTime:0.000105s ]
SQL: SELECT COUNT(itemid) AS tp_count FROM `mt_itemlog` WHERE ( `typeid` = 1 ) AND ( `type` = 2 ) AND ( `itemid` = 8 ) LIMIT 1   [ RunTime:0.000114s ]
SQL: SELECT COUNT(itemid) AS tp_count FROM `mt_itemlog` WHERE ( `typeid` = 1 ) AND ( `type` = 3 ) AND ( `itemid` = 8 ) LIMIT 1   [ RunTime:0.000112s ]
SQL: SELECT * FROM `mt_doc_con` WHERE ( `id` = 23 ) LIMIT 1   [ RunTime:0.000146s ]
SQL: SELECT * FROM `mt_doc_con` WHERE ( `id` = 22 ) LIMIT 1   [ RunTime:0.000145s ]
SQL: SELECT * FROM `mt_doc_con` WHERE ( `id` = 21 ) LIMIT 1   [ RunTime:0.000182s ]
SQL: SELECT * FROM `mt_doc_con` WHERE ( `id` = 20 ) LIMIT 1   [ RunTime:0.000162s ]
SQL: SELECT * FROM `mt_doc_con` WHERE ( `id` = 19 ) LIMIT 1   [ RunTime:0.000137s ]
SQL: SELECT * FROM `mt_doc_con` WHERE ( `id` = 18 ) LIMIT 1   [ RunTime:0.000130s ]
SQL: SELECT * FROM `mt_doc_con` WHERE ( `id` = 17 ) LIMIT 1   [ RunTime:0.000137s ]
SQL: SELECT `name` FROM `mt_doc_cate` WHERE ( `id` = 1 ) AND ( `status` = 1 ) LIMIT 1   [ RunTime:0.000120s ]
SQL: SELECT `name` FROM `mt_doc_cate` WHERE ( `id` = 0 ) AND ( `status` = 1 ) LIMIT 1   [ RunTime:0.000103s ]
SQL: SELECT `name` FROM `mt_doc_cate` WHERE ( `id` = 1 ) AND ( `status` = 1 ) LIMIT 1   [ RunTime:0.000110s ]
SQL: SELECT `name` FROM `mt_doc_cate` WHERE ( `id` = 1 ) AND ( `status` = 1 ) LIMIT 1   [ RunTime:0.000111s ]
SQL: SELECT `name` FROM `mt_doc_cate` WHERE ( `id` = 0 ) AND ( `status` = 1 ) LIMIT 1   [ RunTime:0.000100s ]
SQL: SELECT `name` FROM `mt_doc_cate` WHERE ( `id` = 0 ) AND ( `status` = 1 ) LIMIT 1   [ RunTime:0.000108s ]
SQL: SELECT * FROM `mt_doc_con` WHERE ( `add_time` <= 1463149688 ) AND ( `status` > 1 ) ORDER BY hits desc  [ RunTime:0.000212s ]
SQL: SELECT COUNT(itemid) AS tp_count FROM `mt_itemlog` WHERE ( `typeid` = 1 ) AND ( `type` = 1 ) AND ( `itemid` = 14 ) LIMIT 1   [ RunTime:0.000119s ]
SQL: SELECT * FROM `mt_raty` WHERE ( `itemid` = 14 ) AND ( `typeid` = 1 ) LIMIT 1   [ RunTime:0.000105s ]
NOTIC: [2] Division by zero /var/www/html/lyg/wenku/app/Common/common.php 第 579 行.
SQL: SELECT * FROM `mt_raty` WHERE ( `itemid` = 14 ) AND ( `typeid` = 1 ) LIMIT 1   [ RunTime:0.000102s ]
SQL: SELECT COUNT(*) AS tp_count FROM `mt_comment` WHERE ( `typeid` = 1 ) AND ( `status` = 1 ) AND ( `itemid` = 14 ) LIMIT 1   [ RunTime:0.000109s ]
SQL: SELECT COUNT(itemid) AS tp_count FROM `mt_itemlog` WHERE ( `typeid` = 1 ) AND ( `type` = 2 ) AND ( `itemid` = 14 ) LIMIT 1   [ RunTime:0.000142s ]
SQL: SELECT COUNT(itemid) AS tp_count FROM `mt_itemlog` WHERE ( `typeid` = 1 ) AND ( `type` = 3 ) AND ( `itemid` = 14 ) LIMIT 1   [ RunTime:0.000112s ]
SQL: SELECT COUNT(itemid) AS tp_count FROM `mt_itemlog` WHERE ( `typeid` = 1 ) AND ( `type` = 1 ) AND ( `itemid` = 22 ) LIMIT 1   [ RunTime:0.000110s ]
SQL: SELECT * FROM `mt_raty` WHERE ( `itemid` = 22 ) AND ( `typeid` = 1 ) LIMIT 1   [ RunTime:0.000102s ]
NOTIC: [2] Division by zero /var/www/html/lyg/wenku/app/Common/common.php 第 579 行.
SQL: SELECT * FROM `mt_raty` WHERE ( `itemid` = 22 ) AND ( `typeid` = 1 ) LIMIT 1   [ RunTime:0.000101s ]
SQL: SELECT COUNT(*) AS tp_count FROM `mt_comment` WHERE ( `typeid` = 1 ) AND ( `status` = 1 ) AND ( `itemid` = 22 ) LIMIT 1   [ RunTime:0.000099s ]
SQL: SELECT COUNT(itemid) AS tp_count FROM `mt_itemlog` WHERE ( `typeid` = 1 ) AND ( `type` = 2 ) AND ( `itemid` = 22 ) LIMIT 1   [ RunTime:0.000119s ]
SQL: SELECT COUNT(itemid) AS tp_count FROM `mt_itemlog` WHERE ( `typeid` = 1 ) AND ( `type` = 3 ) AND ( `itemid` = 22 ) LIMIT 1   [ RunTime:0.000126s ]
SQL: SELECT COUNT(itemid) AS tp_count FROM `mt_itemlog` WHERE ( `typeid` = 1 ) AND ( `type` = 1 ) AND ( `itemid` = 10 ) LIMIT 1   [ RunTime:0.000110s ]
SQL: SELECT * FROM `mt_raty` WHERE ( `itemid` = 10 ) AND ( `typeid` = 1 ) LIMIT 1   [ RunTime:0.000100s ]
NOTIC: [2] Division by zero /var/www/html/lyg/wenku/app/Common/common.php 第 579 行.
SQL: SELECT * FROM `mt_raty` WHERE ( `itemid` = 10 ) AND ( `typeid` = 1 ) LIMIT 1   [ RunTime:0.000101s ]
SQL: SELECT COUNT(*) AS tp_count FROM `mt_comment` WHERE ( `typeid` = 1 ) AND ( `status` = 1 ) AND ( `itemid` = 10 ) LIMIT 1   [ RunTime:0.000114s ]
SQL: SELECT COUNT(itemid) AS tp_count FROM `mt_itemlog` WHERE ( `typeid` = 1 ) AND ( `type` = 2 ) AND ( `itemid` = 10 ) LIMIT 1   [ RunTime:0.000110s ]
SQL: SELECT COUNT(itemid) AS tp_count FROM `mt_itemlog` WHERE ( `typeid` = 1 ) AND ( `type` = 3 ) AND ( `itemid` = 10 ) LIMIT 1   [ RunTime:0.000118s ]
SQL: SELECT COUNT(itemid) AS tp_count FROM `mt_itemlog` WHERE ( `typeid` = 1 ) AND ( `type` = 1 ) AND ( `itemid` = 9 ) LIMIT 1   [ RunTime:0.000110s ]
SQL: SELECT * FROM `mt_raty` WHERE ( `itemid` = 9 ) AND ( `typeid` = 1 ) LIMIT 1   [ RunTime:0.000100s ]
NOTIC: [2] Division by zero /var/www/html/lyg/wenku/app/Common/common.php 第 579 行.
SQL: SELECT * FROM `mt_raty` WHERE ( `itemid` = 9 ) AND ( `typeid` = 1 ) LIMIT 1   [ RunTime:0.000098s ]
SQL: SELECT COUNT(*) AS tp_count FROM `mt_comment` WHERE ( `typeid` = 1 ) AND ( `status` = 1 ) AND ( `itemid` = 9 ) LIMIT 1   [ RunTime:0.000147s ]
SQL: SELECT COUNT(itemid) AS tp_count FROM `mt_itemlog` WHERE ( `typeid` = 1 ) AND ( `type` = 2 ) AND ( `itemid` = 9 ) LIMIT 1   [ RunTime:0.000126s ]
SQL: SELECT COUNT(itemid) AS tp_count FROM `mt_itemlog` WHERE ( `typeid` = 1 ) AND ( `type` = 3 ) AND ( `itemid` = 9 ) LIMIT 1   [ RunTime:0.000109s ]
SQL: SELECT COUNT(itemid) AS tp_count FROM `mt_itemlog` WHERE ( `typeid` = 1 ) AND ( `type` = 1 ) AND ( `itemid` = 13 ) LIMIT 1   [ RunTime:0.000109s ]
SQL: SELECT * FROM `mt_raty` WHERE ( `itemid` = 13 ) AND ( `typeid` = 1 ) LIMIT 1   [ RunTime:0.000100s ]
NOTIC: [2] Division by zero /var/www/html/lyg/wenku/app/Common/common.php 第 579 行.
SQL: SELECT * FROM `mt_raty` WHERE ( `itemid` = 13 ) AND ( `typeid` = 1 ) LIMIT 1   [ RunTime:0.000099s ]
SQL: SELECT COUNT(*) AS tp_count FROM `mt_comment` WHERE ( `typeid` = 1 ) AND ( `status` = 1 ) AND ( `itemid` = 13 ) LIMIT 1   [ RunTime:0.000097s ]
SQL: SELECT COUNT(itemid) AS tp_count FROM `mt_itemlog` WHERE ( `typeid` = 1 ) AND ( `type` = 2 ) AND ( `itemid` = 13 ) LIMIT 1   [ RunTime:0.000111s ]
SQL: SELECT COUNT(itemid) AS tp_count FROM `mt_itemlog` WHERE ( `typeid` = 1 ) AND ( `type` = 3 ) AND ( `itemid` = 13 ) LIMIT 1   [ RunTime:0.000125s ]
SQL: SELECT COUNT(itemid) AS tp_count FROM `mt_itemlog` WHERE ( `typeid` = 1 ) AND ( `type` = 1 ) AND ( `itemid` = 8 ) LIMIT 1   [ RunTime:0.000109s ]
SQL: SELECT * FROM `mt_raty` WHERE ( `itemid` = 8 ) AND ( `typeid` = 1 ) LIMIT 1   [ RunTime:0.000106s ]
NOTIC: [2] Division by zero /var/www/html/lyg/wenku/app/Common/common.php 第 579 行.
SQL: SELECT * FROM `mt_raty` WHERE ( `itemid` = 8 ) AND ( `typeid` = 1 ) LIMIT 1   [ RunTime:0.000098s ]
SQL: SELECT COUNT(*) AS tp_count FROM `mt_comment` WHERE ( `typeid` = 1 ) AND ( `status` = 1 ) AND ( `itemid` = 8 ) LIMIT 1   [ RunTime:0.000115s ]
SQL: SELECT COUNT(itemid) AS tp_count FROM `mt_itemlog` WHERE ( `typeid` = 1 ) AND ( `type` = 2 ) AND ( `itemid` = 8 ) LIMIT 1   [ RunTime:0.000109s ]
SQL: SELECT COUNT(itemid) AS tp_count FROM `mt_itemlog` WHERE ( `typeid` = 1 ) AND ( `type` = 3 ) AND ( `itemid` = 8 ) LIMIT 1   [ RunTime:0.000109s ]
SQL: SELECT COUNT(itemid) AS tp_count FROM `mt_itemlog` WHERE ( `typeid` = 1 ) AND ( `type` = 1 ) AND ( `itemid` = 15 ) LIMIT 1   [ RunTime:0.000108s ]
SQL: SELECT * FROM `mt_raty` WHERE ( `itemid` = 15 ) AND ( `typeid` = 1 ) LIMIT 1   [ RunTime:0.000100s ]
NOTIC: [2] Division by zero /var/www/html/lyg/wenku/app/Common/common.php 第 579 行.
SQL: SELECT * FROM `mt_raty` WHERE ( `itemid` = 15 ) AND ( `typeid` = 1 ) LIMIT 1   [ RunTime:0.000106s ]
SQL: SELECT COUNT(*) AS tp_count FROM `mt_comment` WHERE ( `typeid` = 1 ) AND ( `status` = 1 ) AND ( `itemid` = 15 ) LIMIT 1   [ RunTime:0.000097s ]
SQL: SELECT COUNT(itemid) AS tp_count FROM `mt_itemlog` WHERE ( `typeid` = 1 ) AND ( `type` = 2 ) AND ( `itemid` = 15 ) LIMIT 1   [ RunTime:0.000110s ]
SQL: SELECT COUNT(itemid) AS tp_count FROM `mt_itemlog` WHERE ( `typeid` = 1 ) AND ( `type` = 3 ) AND ( `itemid` = 15 ) LIMIT 1   [ RunTime:0.000110s ]
SQL: SELECT COUNT(itemid) AS tp_count FROM `mt_itemlog` WHERE ( `typeid` = 1 ) AND ( `type` = 1 ) AND ( `itemid` = 16 ) LIMIT 1   [ RunTime:0.000110s ]
SQL: SELECT * FROM `mt_raty` WHERE ( `itemid` = 16 ) AND ( `typeid` = 1 ) LIMIT 1   [ RunTime:0.000099s ]
NOTIC: [2] Division by zero /var/www/html/lyg/wenku/app/Common/common.php 第 579 行.
SQL: SELECT * FROM `mt_raty` WHERE ( `itemid` = 16 ) AND ( `typeid` = 1 ) LIMIT 1   [ RunTime:0.000116s ]
SQL: SELECT COUNT(*) AS tp_count FROM `mt_comment` WHERE ( `typeid` = 1 ) AND ( `status` = 1 ) AND ( `itemid` = 16 ) LIMIT 1   [ RunTime:0.000098s ]
SQL: SELECT COUNT(itemid) AS tp_count FROM `mt_itemlog` WHERE ( `typeid` = 1 ) AND ( `type` = 2 ) AND ( `itemid` = 16 ) LIMIT 1   [ RunTime:0.000110s ]
SQL: SELECT COUNT(itemid) AS tp_count FROM `mt_itemlog` WHERE ( `typeid` = 1 ) AND ( `type` = 3 ) AND ( `itemid` = 16 ) LIMIT 1   [ RunTime:0.000108s ]
SQL: SELECT COUNT(itemid) AS tp_count FROM `mt_itemlog` WHERE ( `typeid` = 1 ) AND ( `type` = 1 ) AND ( `itemid` = 17 ) LIMIT 1   [ RunTime:0.000108s ]
SQL: SELECT * FROM `mt_raty` WHERE ( `itemid` = 17 ) AND ( `typeid` = 1 ) LIMIT 1   [ RunTime:0.000102s ]
NOTIC: [2] Division by zero /var/www/html/lyg/wenku/app/Common/common.php 第 579 行.
SQL: SELECT * FROM `mt_raty` WHERE ( `itemid` = 17 ) AND ( `typeid` = 1 ) LIMIT 1   [ RunTime:0.000099s ]
SQL: SELECT COUNT(*) AS tp_count FROM `mt_comment` WHERE ( `typeid` = 1 ) AND ( `status` = 1 ) AND ( `itemid` = 17 ) LIMIT 1   [ RunTime:0.000096s ]
SQL: SELECT COUNT(itemid) AS tp_count FROM `mt_itemlog` WHERE ( `typeid` = 1 ) AND ( `type` = 2 ) AND ( `itemid` = 17 ) LIMIT 1   [ RunTime:0.000109s ]
SQL: SELECT COUNT(itemid) AS tp_count FROM `mt_itemlog` WHERE ( `typeid` = 1 ) AND ( `type` = 3 ) AND ( `itemid` = 17 ) LIMIT 1   [ RunTime:0.000113s ]
SQL: SELECT COUNT(itemid) AS tp_count FROM `mt_itemlog` WHERE ( `typeid` = 1 ) AND ( `type` = 1 ) AND ( `itemid` = 18 ) LIMIT 1   [ RunTime:0.000108s ]
SQL: SELECT * FROM `mt_raty` WHERE ( `itemid` = 18 ) AND ( `typeid` = 1 ) LIMIT 1   [ RunTime:0.000116s ]
NOTIC: [2] Division by zero /var/www/html/lyg/wenku/app/Common/common.php 第 579 行.
SQL: SELECT * FROM `mt_raty` WHERE ( `itemid` = 18 ) AND ( `typeid` = 1 ) LIMIT 1   [ RunTime:0.000107s ]
SQL: SELECT COUNT(*) AS tp_count FROM `mt_comment` WHERE ( `typeid` = 1 ) AND ( `status` = 1 ) AND ( `itemid` = 18 ) LIMIT 1   [ RunTime:0.000097s ]
SQL: SELECT COUNT(itemid) AS tp_count FROM `mt_itemlog` WHERE ( `typeid` = 1 ) AND ( `type` = 2 ) AND ( `itemid` = 18 ) LIMIT 1   [ RunTime:0.000109s ]
SQL: SELECT COUNT(itemid) AS tp_count FROM `mt_itemlog` WHERE ( `typeid` = 1 ) AND ( `type` = 3 ) AND ( `itemid` = 18 ) LIMIT 1   [ RunTime:0.000108s ]
SQL: SELECT COUNT(itemid) AS tp_count FROM `mt_itemlog` WHERE ( `typeid` = 1 ) AND ( `type` = 1 ) AND ( `itemid` = 19 ) LIMIT 1   [ RunTime:0.000109s ]
SQL: SELECT * FROM `mt_raty` WHERE ( `itemid` = 19 ) AND ( `typeid` = 1 ) LIMIT 1   [ RunTime:0.000099s ]
NOTIC: [2] Division by zero /var/www/html/lyg/wenku/app/Common/common.php 第 579 行.
SQL: SELECT * FROM `mt_raty` WHERE ( `itemid` = 19 ) AND ( `typeid` = 1 ) LIMIT 1   [ RunTime:0.000098s ]
SQL: SELECT COUNT(*) AS tp_count FROM `mt_comment` WHERE ( `typeid` = 1 ) AND ( `status` = 1 ) AND ( `itemid` = 19 ) LIMIT 1   [ RunTime:0.000100s ]
SQL: SELECT COUNT(itemid) AS tp_count FROM `mt_itemlog` WHERE ( `typeid` = 1 ) AND ( `type` = 2 ) AND ( `itemid` = 19 ) LIMIT 1   [ RunTime:0.000112s ]
SQL: SELECT COUNT(itemid) AS tp_count FROM `mt_itemlog` WHERE ( `typeid` = 1 ) AND ( `type` = 3 ) AND ( `itemid` = 19 ) LIMIT 1   [ RunTime:0.000107s ]
SQL: SELECT COUNT(itemid) AS tp_count FROM `mt_itemlog` WHERE ( `typeid` = 1 ) AND ( `type` = 1 ) AND ( `itemid` = 20 ) LIMIT 1   [ RunTime:0.000125s ]
SQL: SELECT * FROM `mt_raty` WHERE ( `itemid` = 20 ) AND ( `typeid` = 1 ) LIMIT 1   [ RunTime:0.000100s ]
NOTIC: [2] Division by zero /var/www/html/lyg/wenku/app/Common/common.php 第 579 行.
SQL: SELECT * FROM `mt_raty` WHERE ( `itemid` = 20 ) AND ( `typeid` = 1 ) LIMIT 1   [ RunTime:0.000098s ]
SQL: SELECT COUNT(*) AS tp_count FROM `mt_comment` WHERE ( `typeid` = 1 ) AND ( `status` = 1 ) AND ( `itemid` = 20 ) LIMIT 1   [ RunTime:0.000097s ]
SQL: SELECT COUNT(itemid) AS tp_count FROM `mt_itemlog` WHERE ( `typeid` = 1 ) AND ( `type` = 2 ) AND ( `itemid` = 20 ) LIMIT 1   [ RunTime:0.000108s ]
SQL: SELECT COUNT(itemid) AS tp_count FROM `mt_itemlog` WHERE ( `typeid` = 1 ) AND ( `type` = 3 ) AND ( `itemid` = 20 ) LIMIT 1   [ RunTime:0.000109s ]
SQL: SELECT COUNT(itemid) AS tp_count FROM `mt_itemlog` WHERE ( `typeid` = 1 ) AND ( `type` = 1 ) AND ( `itemid` = 21 ) LIMIT 1   [ RunTime:0.000107s ]
SQL: SELECT * FROM `mt_raty` WHERE ( `itemid` = 21 ) AND ( `typeid` = 1 ) LIMIT 1   [ RunTime:0.000099s ]
NOTIC: [2] Division by zero /var/www/html/lyg/wenku/app/Common/common.php 第 579 行.
SQL: SELECT * FROM `mt_raty` WHERE ( `itemid` = 21 ) AND ( `typeid` = 1 ) LIMIT 1   [ RunTime:0.000108s ]
SQL: SELECT COUNT(*) AS tp_count FROM `mt_comment` WHERE ( `typeid` = 1 ) AND ( `status` = 1 ) AND ( `itemid` = 21 ) LIMIT 1   [ RunTime:0.000097s ]
SQL: SELECT COUNT(itemid) AS tp_count FROM `mt_itemlog` WHERE ( `typeid` = 1 ) AND ( `type` = 2 ) AND ( `itemid` = 21 ) LIMIT 1   [ RunTime:0.000109s ]
SQL: SELECT COUNT(itemid) AS tp_count FROM `mt_itemlog` WHERE ( `typeid` = 1 ) AND ( `type` = 3 ) AND ( `itemid` = 21 ) LIMIT 1   [ RunTime:0.000126s ]
SQL: SELECT COUNT(itemid) AS tp_count FROM `mt_itemlog` WHERE ( `typeid` = 1 ) AND ( `type` = 1 ) AND ( `itemid` = 23 ) LIMIT 1   [ RunTime:0.000109s ]
SQL: SELECT * FROM `mt_raty` WHERE ( `itemid` = 23 ) AND ( `typeid` = 1 ) LIMIT 1   [ RunTime:0.000099s ]
NOTIC: [2] Division by zero /var/www/html/lyg/wenku/app/Common/common.php 第 579 行.
SQL: SELECT * FROM `mt_raty` WHERE ( `itemid` = 23 ) AND ( `typeid` = 1 ) LIMIT 1   [ RunTime:0.000098s ]
SQL: SELECT COUNT(*) AS tp_count FROM `mt_comment` WHERE ( `typeid` = 1 ) AND ( `status` = 1 ) AND ( `itemid` = 23 ) LIMIT 1   [ RunTime:0.000096s ]
SQL: SELECT COUNT(itemid) AS tp_count FROM `mt_itemlog` WHERE ( `typeid` = 1 ) AND ( `type` = 2 ) AND ( `itemid` = 23 ) LIMIT 1   [ RunTime:0.000110s ]
SQL: SELECT COUNT(itemid) AS tp_count FROM `mt_itemlog` WHERE ( `typeid` = 1 ) AND ( `type` = 3 ) AND ( `itemid` = 23 ) LIMIT 1   [ RunTime:0.000108s ]
SQL: SELECT COUNT(itemid) AS tp_count FROM `mt_itemlog` WHERE ( `typeid` = 1 ) AND ( `type` = 1 ) AND ( `itemid` = 11 ) LIMIT 1   [ RunTime:0.000108s ]
SQL: SELECT * FROM `mt_raty` WHERE ( `itemid` = 11 ) AND ( `typeid` = 1 ) LIMIT 1   [ RunTime:0.000103s ]
NOTIC: [2] Division by zero /var/www/html/lyg/wenku/app/Common/common.php 第 579 行.
SQL: SELECT * FROM `mt_raty` WHERE ( `itemid` = 11 ) AND ( `typeid` = 1 ) LIMIT 1   [ RunTime:0.000098s ]
SQL: SELECT COUNT(*) AS tp_count FROM `mt_comment` WHERE ( `typeid` = 1 ) AND ( `status` = 1 ) AND ( `itemid` = 11 ) LIMIT 1   [ RunTime:0.000096s ]
SQL: SELECT COUNT(itemid) AS tp_count FROM `mt_itemlog` WHERE ( `typeid` = 1 ) AND ( `type` = 2 ) AND ( `itemid` = 11 ) LIMIT 1   [ RunTime:0.000124s ]
SQL: SELECT COUNT(itemid) AS tp_count FROM `mt_itemlog` WHERE ( `typeid` = 1 ) AND ( `type` = 3 ) AND ( `itemid` = 11 ) LIMIT 1   [ RunTime:0.000109s ]
SQL: SELECT COUNT(itemid) AS tp_count FROM `mt_itemlog` WHERE ( `typeid` = 1 ) AND ( `type` = 1 ) AND ( `itemid` = 12 ) LIMIT 1   [ RunTime:0.000112s ]
SQL: SELECT * FROM `mt_raty` WHERE ( `itemid` = 12 ) AND ( `typeid` = 1 ) LIMIT 1   [ RunTime:0.000098s ]
NOTIC: [2] Division by zero /var/www/html/lyg/wenku/app/Common/common.php 第 579 行.
SQL: SELECT * FROM `mt_raty` WHERE ( `itemid` = 12 ) AND ( `typeid` = 1 ) LIMIT 1   [ RunTime:0.000123s ]
SQL: SELECT COUNT(*) AS tp_count FROM `mt_comment` WHERE ( `typeid` = 1 ) AND ( `status` = 1 ) AND ( `itemid` = 12 ) LIMIT 1   [ RunTime:0.000098s ]
SQL: SELECT COUNT(itemid) AS tp_count FROM `mt_itemlog` WHERE ( `typeid` = 1 ) AND ( `type` = 2 ) AND ( `itemid` = 12 ) LIMIT 1   [ RunTime:0.000110s ]
SQL: SELECT COUNT(itemid) AS tp_count FROM `mt_itemlog` WHERE ( `typeid` = 1 ) AND ( `type` = 3 ) AND ( `itemid` = 12 ) LIMIT 1   [ RunTime:0.000108s ]
SQL: SELECT * FROM `mt_doc_con` WHERE ( `id` = 14 ) LIMIT 1   [ RunTime:0.000133s ]
SQL: SELECT * FROM `mt_doc_con` WHERE ( `id` = 22 ) LIMIT 1   [ RunTime:0.000124s ]
SQL: SELECT * FROM `mt_doc_con` WHERE ( `id` = 10 ) LIMIT 1   [ RunTime:0.000150s ]
SQL: SELECT * FROM `mt_doc_con` WHERE ( `id` = 9 ) LIMIT 1   [ RunTime:0.000124s ]
SQL: SELECT * FROM `mt_doc_con` WHERE ( `id` = 13 ) LIMIT 1   [ RunTime:0.000123s ]
SQL: SELECT * FROM `mt_doc_con` WHERE ( `id` = 8 ) LIMIT 1   [ RunTime:0.000123s ]
SQL: SELECT * FROM `mt_doc_con` WHERE ( `id` = 15 ) LIMIT 1   [ RunTime:0.000123s ]
SQL: SELECT `name` FROM `mt_doc_cate` WHERE ( `id` = 0 ) AND ( `status` = 1 ) LIMIT 1   [ RunTime:0.000100s ]
SQL: SELECT `name` FROM `mt_doc_cate` WHERE ( `id` = 1 ) AND ( `status` = 1 ) LIMIT 1   [ RunTime:0.000109s ]
SQL: SELECT `name` FROM `mt_doc_cate` WHERE ( `id` = 1 ) AND ( `status` = 1 ) LIMIT 1   [ RunTime:0.000108s ]
SQL: SELECT `name` FROM `mt_doc_cate` WHERE ( `id` = 0 ) AND ( `status` = 1 ) LIMIT 1   [ RunTime:0.000098s ]
SQL: SELECT `name` FROM `mt_doc_cate` WHERE ( `id` = 1 ) AND ( `status` = 1 ) LIMIT 1   [ RunTime:0.000107s ]
SQL: SELECT `name` FROM `mt_doc_cate` WHERE ( `id` = 0 ) AND ( `status` = 1 ) LIMIT 1   [ RunTime:0.000097s ]
SQL: SELECT * FROM `mt_doc_con` WHERE ( `add_time` >= 1462804088 ) AND ( `status` > 1 ) ORDER BY hits desc  [ RunTime:0.000179s ]
NOTIC: [2] Invalid argument supplied for foreach() /var/www/html/lyg/wenku/app/Lib/Mtceotag/docTag.class.php 第 197 行.
NOTIC: [2] Invalid argument supplied for foreach() /var/www/html/lyg/wenku/app/Lib/Mtceotag/docTag.class.php 第 232 行.
NOTIC: [2] usort() expects parameter 1 to be array, null given /var/www/html/lyg/wenku/app/Lib/Mtceotag/docTag.class.php 第 236 行.
SQL: SELECT * FROM `mt_doc_con` WHERE ( `add_time` >= 1462544888 ) AND ( `status` > 1 ) ORDER BY hits desc  [ RunTime:0.000142s ]
NOTIC: [2] Invalid argument supplied for foreach() /var/www/html/lyg/wenku/app/Lib/Mtceotag/docTag.class.php 第 197 行.
NOTIC: [2] Invalid argument supplied for foreach() /var/www/html/lyg/wenku/app/Lib/Mtceotag/docTag.class.php 第 232 行.
NOTIC: [2] usort() expects parameter 1 to be array, null given /var/www/html/lyg/wenku/app/Lib/Mtceotag/docTag.class.php 第 236 行.
SQL: SELECT * FROM `mt_doc_con` WHERE ( `add_time` >= 1460557688 ) AND ( `status` > 1 ) ORDER BY hits desc  [ RunTime:0.000197s ]
SQL: SELECT COUNT(itemid) AS tp_count FROM `mt_itemlog` WHERE ( `typeid` = 1 ) AND ( `type` = 1 ) AND ( `itemid` = 14 ) LIMIT 1   [ RunTime:0.000115s ]
SQL: SELECT * FROM `mt_raty` WHERE ( `itemid` = 14 ) AND ( `typeid` = 1 ) LIMIT 1   [ RunTime:0.000102s ]
NOTIC: [2] Division by zero /var/www/html/lyg/wenku/app/Common/common.php 第 579 行.
SQL: SELECT * FROM `mt_raty` WHERE ( `itemid` = 14 ) AND ( `typeid` = 1 ) LIMIT 1   [ RunTime:0.000101s ]
SQL: SELECT COUNT(*) AS tp_count FROM `mt_comment` WHERE ( `typeid` = 1 ) AND ( `status` = 1 ) AND ( `itemid` = 14 ) LIMIT 1   [ RunTime:0.000105s ]
SQL: SELECT COUNT(itemid) AS tp_count FROM `mt_itemlog` WHERE ( `typeid` = 1 ) AND ( `type` = 2 ) AND ( `itemid` = 14 ) LIMIT 1   [ RunTime:0.000112s ]
SQL: SELECT COUNT(itemid) AS tp_count FROM `mt_itemlog` WHERE ( `typeid` = 1 ) AND ( `type` = 3 ) AND ( `itemid` = 14 ) LIMIT 1   [ RunTime:0.000110s ]
SQL: SELECT COUNT(itemid) AS tp_count FROM `mt_itemlog` WHERE ( `typeid` = 1 ) AND ( `type` = 1 ) AND ( `itemid` = 22 ) LIMIT 1   [ RunTime:0.000110s ]
SQL: SELECT * FROM `mt_raty` WHERE ( `itemid` = 22 ) AND ( `typeid` = 1 ) LIMIT 1   [ RunTime:0.000121s ]
NOTIC: [2] Division by zero /var/www/html/lyg/wenku/app/Common/common.php 第 579 行.
SQL: SELECT * FROM `mt_raty` WHERE ( `itemid` = 22 ) AND ( `typeid` = 1 ) LIMIT 1   [ RunTime:0.000100s ]
SQL: SELECT COUNT(*) AS tp_count FROM `mt_comment` WHERE ( `typeid` = 1 ) AND ( `status` = 1 ) AND ( `itemid` = 22 ) LIMIT 1   [ RunTime:0.000098s ]
SQL: SELECT COUNT(itemid) AS tp_count FROM `mt_itemlog` WHERE ( `typeid` = 1 ) AND ( `type` = 2 ) AND ( `itemid` = 22 ) LIMIT 1   [ RunTime:0.000119s ]
SQL: SELECT COUNT(itemid) AS tp_count FROM `mt_itemlog` WHERE ( `typeid` = 1 ) AND ( `type` = 3 ) AND ( `itemid` = 22 ) LIMIT 1   [ RunTime:0.000110s ]
SQL: SELECT COUNT(itemid) AS tp_count FROM `mt_itemlog` WHERE ( `typeid` = 1 ) AND ( `type` = 1 ) AND ( `itemid` = 10 ) LIMIT 1   [ RunTime:0.000110s ]
SQL: SELECT * FROM `mt_raty` WHERE ( `itemid` = 10 ) AND ( `typeid` = 1 ) LIMIT 1   [ RunTime:0.000099s ]
NOTIC: [2] Division by zero /var/www/html/lyg/wenku/app/Common/common.php 第 579 行.
SQL: SELECT * FROM `mt_raty` WHERE ( `itemid` = 10 ) AND ( `typeid` = 1 ) LIMIT 1   [ RunTime:0.000116s ]
SQL: SELECT COUNT(*) AS tp_count FROM `mt_comment` WHERE ( `typeid` = 1 ) AND ( `status` = 1 ) AND ( `itemid` = 10 ) LIMIT 1   [ RunTime:0.000097s ]
SQL: SELECT COUNT(itemid) AS tp_count FROM `mt_itemlog` WHERE ( `typeid` = 1 ) AND ( `type` = 2 ) AND ( `itemid` = 10 ) LIMIT 1   [ RunTime:0.000110s ]
SQL: SELECT COUNT(itemid) AS tp_count FROM `mt_itemlog` WHERE ( `typeid` = 1 ) AND ( `type` = 3 ) AND ( `itemid` = 10 ) LIMIT 1   [ RunTime:0.000118s ]
SQL: SELECT COUNT(itemid) AS tp_count FROM `mt_itemlog` WHERE ( `typeid` = 1 ) AND ( `type` = 1 ) AND ( `itemid` = 9 ) LIMIT 1   [ RunTime:0.000109s ]
SQL: SELECT * FROM `mt_raty` WHERE ( `itemid` = 9 ) AND ( `typeid` = 1 ) LIMIT 1   [ RunTime:0.000099s ]
NOTIC: [2] Division by zero /var/www/html/lyg/wenku/app/Common/common.php 第 579 行.
SQL: SELECT * FROM `mt_raty` WHERE ( `itemid` = 9 ) AND ( `typeid` = 1 ) LIMIT 1   [ RunTime:0.000098s ]
SQL: SELECT COUNT(*) AS tp_count FROM `mt_comment` WHERE ( `typeid` = 1 ) AND ( `status` = 1 ) AND ( `itemid` = 9 ) LIMIT 1   [ RunTime:0.000097s ]
SQL: SELECT COUNT(itemid) AS tp_count FROM `mt_itemlog` WHERE ( `typeid` = 1 ) AND ( `type` = 2 ) AND ( `itemid` = 9 ) LIMIT 1   [ RunTime:0.000110s ]
SQL: SELECT COUNT(itemid) AS tp_count FROM `mt_itemlog` WHERE ( `typeid` = 1 ) AND ( `type` = 3 ) AND ( `itemid` = 9 ) LIMIT 1   [ RunTime:0.000109s ]
SQL: SELECT COUNT(itemid) AS tp_count FROM `mt_itemlog` WHERE ( `typeid` = 1 ) AND ( `type` = 1 ) AND ( `itemid` = 13 ) LIMIT 1   [ RunTime:0.000114s ]
SQL: SELECT * FROM `mt_raty` WHERE ( `itemid` = 13 ) AND ( `typeid` = 1 ) LIMIT 1   [ RunTime:0.000117s ]
NOTIC: [2] Division by zero /var/www/html/lyg/wenku/app/Common/common.php 第 579 行.
SQL: SELECT * FROM `mt_raty` WHERE ( `itemid` = 13 ) AND ( `typeid` = 1 ) LIMIT 1   [ RunTime:0.000099s ]
SQL: SELECT COUNT(*) AS tp_count FROM `mt_comment` WHERE ( `typeid` = 1 ) AND ( `status` = 1 ) AND ( `itemid` = 13 ) LIMIT 1   [ RunTime:0.000097s ]
SQL: SELECT COUNT(itemid) AS tp_count FROM `mt_itemlog` WHERE ( `typeid` = 1 ) AND ( `type` = 2 ) AND ( `itemid` = 13 ) LIMIT 1   [ RunTime:0.000116s ]
SQL: SELECT COUNT(itemid) AS tp_count FROM `mt_itemlog` WHERE ( `typeid` = 1 ) AND ( `type` = 3 ) AND ( `itemid` = 13 ) LIMIT 1   [ RunTime:0.000125s ]
SQL: SELECT COUNT(itemid) AS tp_count FROM `mt_itemlog` WHERE ( `typeid` = 1 ) AND ( `type` = 1 ) AND ( `itemid` = 8 ) LIMIT 1   [ RunTime:0.000108s ]
SQL: SELECT * FROM `mt_raty` WHERE ( `itemid` = 8 ) AND ( `typeid` = 1 ) LIMIT 1   [ RunTime:0.000099s ]
NOTIC: [2] Division by zero /var/www/html/lyg/wenku/app/Common/common.php 第 579 行.
SQL: SELECT * FROM `mt_raty` WHERE ( `itemid` = 8 ) AND ( `typeid` = 1 ) LIMIT 1   [ RunTime:0.000099s ]
SQL: SELECT COUNT(*) AS tp_count FROM `mt_comment` WHERE ( `typeid` = 1 ) AND ( `status` = 1 ) AND ( `itemid` = 8 ) LIMIT 1   [ RunTime:0.000097s ]
SQL: SELECT COUNT(itemid) AS tp_count FROM `mt_itemlog` WHERE ( `typeid` = 1 ) AND ( `type` = 2 ) AND ( `itemid` = 8 ) LIMIT 1   [ RunTime:0.000110s ]
SQL: SELECT COUNT(itemid) AS tp_count FROM `mt_itemlog` WHERE ( `typeid` = 1 ) AND ( `type` = 3 ) AND ( `itemid` = 8 ) LIMIT 1   [ RunTime:0.000117s ]
SQL: SELECT COUNT(itemid) AS tp_count FROM `mt_itemlog` WHERE ( `typeid` = 1 ) AND ( `type` = 1 ) AND ( `itemid` = 15 ) LIMIT 1   [ RunTime:0.000124s ]
SQL: SELECT * FROM `mt_raty` WHERE ( `itemid` = 15 ) AND ( `typeid` = 1 ) LIMIT 1   [ RunTime:0.000100s ]
NOTIC: [2] Division by zero /var/www/html/lyg/wenku/app/Common/common.php 第 579 行.
SQL: SELECT * FROM `mt_raty` WHERE ( `itemid` = 15 ) AND ( `typeid` = 1 ) LIMIT 1   [ RunTime:0.000099s ]
SQL: SELECT COUNT(*) AS tp_count FROM `mt_comment` WHERE ( `typeid` = 1 ) AND ( `status` = 1 ) AND ( `itemid` = 15 ) LIMIT 1   [ RunTime:0.000098s ]
SQL: SELECT COUNT(itemid) AS tp_count FROM `mt_itemlog` WHERE ( `typeid` = 1 ) AND ( `type` = 2 ) AND ( `itemid` = 15 ) LIMIT 1   [ RunTime:0.000126s ]
SQL: SELECT COUNT(itemid) AS tp_count FROM `mt_itemlog` WHERE ( `typeid` = 1 ) AND ( `type` = 3 ) AND ( `itemid` = 15 ) LIMIT 1   [ RunTime:0.000109s ]
SQL: SELECT COUNT(itemid) AS tp_count FROM `mt_itemlog` WHERE ( `typeid` = 1 ) AND ( `type` = 1 ) AND ( `itemid` = 16 ) LIMIT 1   [ RunTime:0.000113s ]
SQL: SELECT * FROM `mt_raty` WHERE ( `itemid` = 16 ) AND ( `typeid` = 1 ) LIMIT 1   [ RunTime:0.000100s ]
NOTIC: [2] Division by zero /var/www/html/lyg/wenku/app/Common/common.php 第 579 行.
SQL: SELECT * FROM `mt_raty` WHERE ( `itemid` = 16 ) AND ( `typeid` = 1 ) LIMIT 1   [ RunTime:0.000099s ]
SQL: SELECT COUNT(*) AS tp_count FROM `mt_comment` WHERE ( `typeid` = 1 ) AND ( `status` = 1 ) AND ( `itemid` = 16 ) LIMIT 1   [ RunTime:0.000097s ]
SQL: SELECT COUNT(itemid) AS tp_count FROM `mt_itemlog` WHERE ( `typeid` = 1 ) AND ( `type` = 2 ) AND ( `itemid` = 16 ) LIMIT 1   [ RunTime:0.000116s ]
SQL: SELECT COUNT(itemid) AS tp_count FROM `mt_itemlog` WHERE ( `typeid` = 1 ) AND ( `type` = 3 ) AND ( `itemid` = 16 ) LIMIT 1   [ RunTime:0.000108s ]
SQL: SELECT COUNT(itemid) AS tp_count FROM `mt_itemlog` WHERE ( `typeid` = 1 ) AND ( `type` = 1 ) AND ( `itemid` = 17 ) LIMIT 1   [ RunTime:0.000108s ]
SQL: SELECT * FROM `mt_raty` WHERE ( `itemid` = 17 ) AND ( `typeid` = 1 ) LIMIT 1   [ RunTime:0.000099s ]
NOTIC: [2] Division by zero /var/www/html/lyg/wenku/app/Common/common.php 第 579 行.
SQL: SELECT * FROM `mt_raty` WHERE ( `itemid` = 17 ) AND ( `typeid` = 1 ) LIMIT 1   [ RunTime:0.000099s ]
SQL: SELECT COUNT(*) AS tp_count FROM `mt_comment` WHERE ( `typeid` = 1 ) AND ( `status` = 1 ) AND ( `itemid` = 17 ) LIMIT 1   [ RunTime:0.000114s ]
SQL: SELECT COUNT(itemid) AS tp_count FROM `mt_itemlog` WHERE ( `typeid` = 1 ) AND ( `type` = 2 ) AND ( `itemid` = 17 ) LIMIT 1   [ RunTime:0.000110s ]
SQL: SELECT COUNT(itemid) AS tp_count FROM `mt_itemlog` WHERE ( `typeid` = 1 ) AND ( `type` = 3 ) AND ( `itemid` = 17 ) LIMIT 1   [ RunTime:0.000117s ]
SQL: SELECT COUNT(itemid) AS tp_count FROM `mt_itemlog` WHERE ( `typeid` = 1 ) AND ( `type` = 1 ) AND ( `itemid` = 18 ) LIMIT 1   [ RunTime:0.000108s ]
SQL: SELECT * FROM `mt_raty` WHERE ( `itemid` = 18 ) AND ( `typeid` = 1 ) LIMIT 1   [ RunTime:0.000100s ]
NOTIC: [2] Division by zero /var/www/html/lyg/wenku/app/Common/common.php 第 579 行.
SQL: SELECT * FROM `mt_raty` WHERE ( `itemid` = 18 ) AND ( `typeid` = 1 ) LIMIT 1   [ RunTime:0.000098s ]
SQL: SELECT COUNT(*) AS tp_count FROM `mt_comment` WHERE ( `typeid` = 1 ) AND ( `status` = 1 ) AND ( `itemid` = 18 ) LIMIT 1   [ RunTime:0.000097s ]
SQL: SELECT COUNT(itemid) AS tp_count FROM `mt_itemlog` WHERE ( `typeid` = 1 ) AND ( `type` = 2 ) AND ( `itemid` = 18 ) LIMIT 1   [ RunTime:0.000109s ]
SQL: SELECT COUNT(itemid) AS tp_count FROM `mt_itemlog` WHERE ( `typeid` = 1 ) AND ( `type` = 3 ) AND ( `itemid` = 18 ) LIMIT 1   [ RunTime:0.000109s ]
SQL: SELECT COUNT(itemid) AS tp_count FROM `mt_itemlog` WHERE ( `typeid` = 1 ) AND ( `type` = 1 ) AND ( `itemid` = 19 ) LIMIT 1   [ RunTime:0.000114s ]
SQL: SELECT * FROM `mt_raty` WHERE ( `itemid` = 19 ) AND ( `typeid` = 1 ) LIMIT 1   [ RunTime:0.000100s ]
NOTIC: [2] Division by zero /var/www/html/lyg/wenku/app/Common/common.php 第 579 行.
SQL: SELECT * FROM `mt_raty` WHERE ( `itemid` = 19 ) AND ( `typeid` = 1 ) LIMIT 1   [ RunTime:0.000126s ]
SQL: SELECT COUNT(*) AS tp_count FROM `mt_comment` WHERE ( `typeid` = 1 ) AND ( `status` = 1 ) AND ( `itemid` = 19 ) LIMIT 1   [ RunTime:0.000097s ]
SQL: SELECT COUNT(itemid) AS tp_count FROM `mt_itemlog` WHERE ( `typeid` = 1 ) AND ( `type` = 2 ) AND ( `itemid` = 19 ) LIMIT 1   [ RunTime:0.000113s ]
SQL: SELECT COUNT(itemid) AS tp_count FROM `mt_itemlog` WHERE ( `typeid` = 1 ) AND ( `type` = 3 ) AND ( `itemid` = 19 ) LIMIT 1   [ RunTime:0.000108s ]
SQL: SELECT COUNT(itemid) AS tp_count FROM `mt_itemlog` WHERE ( `typeid` = 1 ) AND ( `type` = 1 ) AND ( `itemid` = 20 ) LIMIT 1   [ RunTime:0.000108s ]
SQL: SELECT * FROM `mt_raty` WHERE ( `itemid` = 20 ) AND ( `typeid` = 1 ) LIMIT 1   [ RunTime:0.000099s ]
NOTIC: [2] Division by zero /var/www/html/lyg/wenku/app/Common/common.php 第 579 行.
SQL: SELECT * FROM `mt_raty` WHERE ( `itemid` = 20 ) AND ( `typeid` = 1 ) LIMIT 1   [ RunTime:0.000099s ]
SQL: SELECT COUNT(*) AS tp_count FROM `mt_comment` WHERE ( `typeid` = 1 ) AND ( `status` = 1 ) AND ( `itemid` = 20 ) LIMIT 1   [ RunTime:0.000096s ]
SQL: SELECT COUNT(itemid) AS tp_count FROM `mt_itemlog` WHERE ( `typeid` = 1 ) AND ( `type` = 2 ) AND ( `itemid` = 20 ) LIMIT 1   [ RunTime:0.000109s ]
SQL: SELECT COUNT(itemid) AS tp_count FROM `mt_itemlog` WHERE ( `typeid` = 1 ) AND ( `type` = 3 ) AND ( `itemid` = 20 ) LIMIT 1   [ RunTime:0.000117s ]
SQL: SELECT COUNT(itemid) AS tp_count FROM `mt_itemlog` WHERE ( `typeid` = 1 ) AND ( `type` = 1 ) AND ( `itemid` = 21 ) LIMIT 1   [ RunTime:0.000108s ]
SQL: SELECT * FROM `mt_raty` WHERE ( `itemid` = 21 ) AND ( `typeid` = 1 ) LIMIT 1   [ RunTime:0.000114s ]
NOTIC: [2] Division by zero /var/www/html/lyg/wenku/app/Common/common.php 第 579 行.
SQL: SELECT * FROM `mt_raty` WHERE ( `itemid` = 21 ) AND ( `typeid` = 1 ) LIMIT 1   [ RunTime:0.000098s ]
SQL: SELECT COUNT(*) AS tp_count FROM `mt_comment` WHERE ( `typeid` = 1 ) AND ( `status` = 1 ) AND ( `itemid` = 21 ) LIMIT 1   [ RunTime:0.000097s ]
SQL: SELECT COUNT(itemid) AS tp_count FROM `mt_itemlog` WHERE ( `typeid` = 1 ) AND ( `type` = 2 ) AND ( `itemid` = 21 ) LIMIT 1   [ RunTime:0.000108s ]
SQL: SELECT COUNT(itemid) AS tp_count FROM `mt_itemlog` WHERE ( `typeid` = 1 ) AND ( `type` = 3 ) AND ( `itemid` = 21 ) LIMIT 1   [ RunTime:0.000108s ]
SQL: SELECT COUNT(itemid) AS tp_count FROM `mt_itemlog` WHERE ( `typeid` = 1 ) AND ( `type` = 1 ) AND ( `itemid` = 23 ) LIMIT 1   [ RunTime:0.000122s ]
SQL: SELECT * FROM `mt_raty` WHERE ( `itemid` = 23 ) AND ( `typeid` = 1 ) LIMIT 1   [ RunTime:0.000101s ]
NOTIC: [2] Division by zero /var/www/html/lyg/wenku/app/Common/common.php 第 579 行.
SQL: SELECT * FROM `mt_raty` WHERE ( `itemid` = 23 ) AND ( `typeid` = 1 ) LIMIT 1   [ RunTime:0.000098s ]
SQL: SELECT COUNT(*) AS tp_count FROM `mt_comment` WHERE ( `typeid` = 1 ) AND ( `status` = 1 ) AND ( `itemid` = 23 ) LIMIT 1   [ RunTime:0.000097s ]
SQL: SELECT COUNT(itemid) AS tp_count FROM `mt_itemlog` WHERE ( `typeid` = 1 ) AND ( `type` = 2 ) AND ( `itemid` = 23 ) LIMIT 1   [ RunTime:0.000114s ]
SQL: SELECT COUNT(itemid) AS tp_count FROM `mt_itemlog` WHERE ( `typeid` = 1 ) AND ( `type` = 3 ) AND ( `itemid` = 23 ) LIMIT 1   [ RunTime:0.000108s ]
SQL: SELECT COUNT(itemid) AS tp_count FROM `mt_itemlog` WHERE ( `typeid` = 1 ) AND ( `type` = 1 ) AND ( `itemid` = 11 ) LIMIT 1   [ RunTime:0.000126s ]
SQL: SELECT * FROM `mt_raty` WHERE ( `itemid` = 11 ) AND ( `typeid` = 1 ) LIMIT 1   [ RunTime:0.000105s ]
NOTIC: [2] Division by zero /var/www/html/lyg/wenku/app/Common/common.php 第 579 行.
SQL: SELECT * FROM `mt_raty` WHERE ( `itemid` = 11 ) AND ( `typeid` = 1 ) LIMIT 1   [ RunTime:0.000099s ]
SQL: SELECT COUNT(*) AS tp_count FROM `mt_comment` WHERE ( `typeid` = 1 ) AND ( `status` = 1 ) AND ( `itemid` = 11 ) LIMIT 1   [ RunTime:0.000141s ]
SQL: SELECT COUNT(itemid) AS tp_count FROM `mt_itemlog` WHERE ( `typeid` = 1 ) AND ( `type` = 2 ) AND ( `itemid` = 11 ) LIMIT 1   [ RunTime:0.000110s ]
SQL: SELECT COUNT(itemid) AS tp_count FROM `mt_itemlog` WHERE ( `typeid` = 1 ) AND ( `type` = 3 ) AND ( `itemid` = 11 ) LIMIT 1   [ RunTime:0.000109s ]
SQL: SELECT COUNT(itemid) AS tp_count FROM `mt_itemlog` WHERE ( `typeid` = 1 ) AND ( `type` = 1 ) AND ( `itemid` = 12 ) LIMIT 1   [ RunTime:0.000109s ]
SQL: SELECT * FROM `mt_raty` WHERE ( `itemid` = 12 ) AND ( `typeid` = 1 ) LIMIT 1   [ RunTime:0.000118s ]
NOTIC: [2] Division by zero /var/www/html/lyg/wenku/app/Common/common.php 第 579 行.
SQL: SELECT * FROM `mt_raty` WHERE ( `itemid` = 12 ) AND ( `typeid` = 1 ) LIMIT 1   [ RunTime:0.000101s ]
SQL: SELECT COUNT(*) AS tp_count FROM `mt_comment` WHERE ( `typeid` = 1 ) AND ( `status` = 1 ) AND ( `itemid` = 12 ) LIMIT 1   [ RunTime:0.000099s ]
SQL: SELECT COUNT(itemid) AS tp_count FROM `mt_itemlog` WHERE ( `typeid` = 1 ) AND ( `type` = 2 ) AND ( `itemid` = 12 ) LIMIT 1   [ RunTime:0.000109s ]
SQL: SELECT COUNT(itemid) AS tp_count FROM `mt_itemlog` WHERE ( `typeid` = 1 ) AND ( `type` = 3 ) AND ( `itemid` = 12 ) LIMIT 1   [ RunTime:0.000138s ]
SQL: SELECT COUNT(itemid) AS tp_count FROM `mt_itemlog` WHERE ( `typeid` = 1 ) AND ( `type` = 1 ) AND ( `itemid` = 14 ) LIMIT 1   [ RunTime:0.000110s ]
SQL: SELECT COUNT(itemid) AS tp_count FROM `mt_itemlog` WHERE ( `typeid` = 1 ) AND ( `type` = 1 ) AND ( `itemid` = 22 ) LIMIT 1   [ RunTime:0.000109s ]
SQL: SELECT COUNT(itemid) AS tp_count FROM `mt_itemlog` WHERE ( `typeid` = 1 ) AND ( `type` = 1 ) AND ( `itemid` = 10 ) LIMIT 1   [ RunTime:0.000109s ]
SQL: SELECT COUNT(itemid) AS tp_count FROM `mt_itemlog` WHERE ( `typeid` = 1 ) AND ( `type` = 1 ) AND ( `itemid` = 9 ) LIMIT 1   [ RunTime:0.000116s ]
SQL: SELECT COUNT(itemid) AS tp_count FROM `mt_itemlog` WHERE ( `typeid` = 1 ) AND ( `type` = 1 ) AND ( `itemid` = 13 ) LIMIT 1   [ RunTime:0.000108s ]
SQL: SELECT COUNT(itemid) AS tp_count FROM `mt_itemlog` WHERE ( `typeid` = 1 ) AND ( `type` = 1 ) AND ( `itemid` = 8 ) LIMIT 1   [ RunTime:0.000108s ]
SQL: SELECT COUNT(itemid) AS tp_count FROM `mt_itemlog` WHERE ( `typeid` = 1 ) AND ( `type` = 1 ) AND ( `itemid` = 15 ) LIMIT 1   [ RunTime:0.000108s ]
SQL: SELECT COUNT(itemid) AS tp_count FROM `mt_itemlog` WHERE ( `typeid` = 1 ) AND ( `type` = 1 ) AND ( `itemid` = 16 ) LIMIT 1   [ RunTime:0.000109s ]
SQL: SELECT COUNT(itemid) AS tp_count FROM `mt_itemlog` WHERE ( `typeid` = 1 ) AND ( `type` = 1 ) AND ( `itemid` = 17 ) LIMIT 1   [ RunTime:0.000107s ]
SQL: SELECT COUNT(itemid) AS tp_count FROM `mt_itemlog` WHERE ( `typeid` = 1 ) AND ( `type` = 1 ) AND ( `itemid` = 18 ) LIMIT 1   [ RunTime:0.000107s ]
SQL: SELECT COUNT(itemid) AS tp_count FROM `mt_itemlog` WHERE ( `typeid` = 1 ) AND ( `type` = 1 ) AND ( `itemid` = 19 ) LIMIT 1   [ RunTime:0.000115s ]
SQL: SELECT COUNT(itemid) AS tp_count FROM `mt_itemlog` WHERE ( `typeid` = 1 ) AND ( `type` = 1 ) AND ( `itemid` = 20 ) LIMIT 1   [ RunTime:0.000107s ]
SQL: SELECT COUNT(itemid) AS tp_count FROM `mt_itemlog` WHERE ( `typeid` = 1 ) AND ( `type` = 1 ) AND ( `itemid` = 21 ) LIMIT 1   [ RunTime:0.000109s ]
SQL: SELECT COUNT(itemid) AS tp_count FROM `mt_itemlog` WHERE ( `typeid` = 1 ) AND ( `type` = 1 ) AND ( `itemid` = 23 ) LIMIT 1   [ RunTime:0.000135s ]
SQL: SELECT COUNT(itemid) AS tp_count FROM `mt_itemlog` WHERE ( `typeid` = 1 ) AND ( `type` = 1 ) AND ( `itemid` = 11 ) LIMIT 1   [ RunTime:0.000109s ]
SQL: SELECT COUNT(itemid) AS tp_count FROM `mt_itemlog` WHERE ( `typeid` = 1 ) AND ( `type` = 1 ) AND ( `itemid` = 12 ) LIMIT 1   [ RunTime:0.000107s ]
SQL: SHOW COLUMNS FROM `mt_user` [ RunTime:0.000453s ]
SQL: SELECT * FROM `mt_user` WHERE ( `status` = 1 ) ORDER BY roleid desc  [ RunTime:0.000148s ]
SQL: SHOW COLUMNS FROM `mt_user_scoresum` [ RunTime:0.000408s ]
SQL: SELECT `score` FROM `mt_user_scoresum` WHERE ( `uid` = 2 ) LIMIT 1   [ RunTime:0.000111s ]
SQL: SELECT `score` FROM `mt_user_scoresum` WHERE ( `uid` = 3 ) LIMIT 1   [ RunTime:0.000101s ]
SQL: SELECT `score` FROM `mt_user_scoresum` WHERE ( `uid` = 4 ) LIMIT 1   [ RunTime:0.000100s ]
SQL: SELECT `score` FROM `mt_user_scoresum` WHERE ( `uid` = 1 ) LIMIT 1   [ RunTime:0.000098s ]
SQL: SELECT `username` FROM `mt_user` WHERE ( `uid` = 3 ) LIMIT 1   [ RunTime:0.000106s ]
SQL: SELECT `username` FROM `mt_user` WHERE ( `uid` = 1 ) LIMIT 1   [ RunTime:0.000102s ]
SQL: SELECT `username` FROM `mt_user` WHERE ( `uid` = 2 ) LIMIT 1   [ RunTime:0.000101s ]
SQL: SELECT `username` FROM `mt_user` WHERE ( `uid` = 4 ) LIMIT 1   [ RunTime:0.000101s ]
SQL: SELECT * FROM `mt_user` WHERE ( `status` = 1 ) ORDER BY roleid desc  [ RunTime:0.000124s ]
SQL: SELECT COUNT(id) AS tp_count FROM `mt_doc_con` WHERE ( `uid` = 2 ) AND ( `status` > 1 ) LIMIT 1   [ RunTime:0.000148s ]
SQL: SELECT COUNT(id) AS tp_count FROM `mt_doc_con` WHERE ( `uid` = 3 ) AND ( `status` > 1 ) LIMIT 1   [ RunTime:0.000141s ]
SQL: SELECT COUNT(id) AS tp_count FROM `mt_doc_con` WHERE ( `uid` = 4 ) AND ( `status` > 1 ) LIMIT 1   [ RunTime:0.000122s ]
SQL: SELECT COUNT(id) AS tp_count FROM `mt_doc_con` WHERE ( `uid` = 1 ) AND ( `status` > 1 ) LIMIT 1   [ RunTime:0.000121s ]
SQL: SELECT `username` FROM `mt_user` WHERE ( `uid` = 1 ) LIMIT 1   [ RunTime:0.000102s ]
SQL: SELECT `username` FROM `mt_user` WHERE ( `uid` = 4 ) LIMIT 1   [ RunTime:0.000100s ]
SQL: SELECT `username` FROM `mt_user` WHERE ( `uid` = 3 ) LIMIT 1   [ RunTime:0.000101s ]
SQL: SELECT `username` FROM `mt_user` WHERE ( `uid` = 2 ) LIMIT 1   [ RunTime:0.000101s ]
INFO: Run ParseTemplate Behavior [ RunTime:0.185051s ]
INFO: [ view_parse ] --END-- [ RunTime:0.185099s ]
INFO: [ view_filter ] --START--
INFO: Run ContentReplace Behavior [ RunTime:0.000324s ]
INFO: Run TokenBuild Behavior [ RunTime:0.000192s ]
INFO: Run WriteHtmlCache Behavior [ RunTime:0.000112s ]
INFO: Run ShowRuntime Behavior [ RunTime:0.000223s ]
INFO: [ view_filter ] --END-- [ RunTime:0.000974s ]
INFO: [ view_end ] --START--
INFO: Run ShowPageTrace Behavior [ RunTime:0.000314s ]
INFO: [ view_end ] --END-- [ RunTime:0.000355s ]

