[ 2016-08-11T13:33:37+08:00 ] 220.181.108.115 /index.php?m=doc&a=doclist&id=4
INFO: [ app_begin ] --START--
INFO: Run ReadHtmlCache Behavior [ RunTime:0.000272s ]
NOTIC: [8] Undefined variable: global /var/www/html/lyg/wenku/app/Lib/Behavior/check_ipbanBehavior.class.php 第 12 行.
INFO: Run check_ipban Behavior [ RunTime:0.000247s ]
INFO: Run load_lang Behavior [ RunTime:0.000400s ]
INFO: [ app_begin ] --END-- [ RunTime:0.001033s ]
SQL: SHOW COLUMNS FROM `mt_doc_cate` [ RunTime:0.000492s ]
SQL: SELECT * FROM `mt_doc_cate` WHERE ( `pid` = 0 ) AND ( `status` = 1 )  [ RunTime:0.000230s ]
SQL: SHOW COLUMNS FROM `mt_doc_con` [ RunTime:0.000513s ]
NOTIC: [2] array_merge(): Argument #2 is not an array /var/www/html/lyg/wenku/app/Lib/Action/frontendAction.class.php 第 86 行.
NOTIC: [2] array_values() expects parameter 1 to be array, null given /var/www/html/lyg/wenku/app/Lib/Action/frontendAction.class.php 第 90 行.
NOTIC: [2] implode(): Invalid arguments passed /var/www/html/lyg/wenku/app/Lib/Action/frontendAction.class.php 第 90 行.
NOTIC: [2] Invalid argument supplied for foreach() /var/www/html/lyg/wenku/app/Lib/Action/frontendAction.class.php 第 99 行.
SQL: SELECT `id` FROM `mt_doc_cate` WHERE ( `spid` LIKE '4|%' )  [ RunTime:0.000198s ]
SQL: SELECT `pid` FROM `mt_doc_cate` WHERE ( `id` = 4 ) LIMIT 1   [ RunTime:0.000144s ]
SQL: SELECT `spid` FROM `mt_doc_cate` WHERE ( `id` = 4 ) LIMIT 1   [ RunTime:0.000106s ]
SQL: SELECT * FROM `mt_doc_cate` WHERE ( `pid` = 4 ) AND ( `status` = 1 )  [ RunTime:0.000118s ]
SQL: SELECT * FROM `mt_doc_cate` WHERE ( `pid` = 4 ) AND ( `status` = 1 )  [ RunTime:0.000149s ]
NOTIC: [8] Undefined variable: navname /var/www/html/lyg/wenku/app/Lib/Action/home/docAction.class.php 第 170 行.
INFO: [ view_template ] --START--
INFO: Run basic_template Behavior [ RunTime:0.000228s ]
INFO: [ view_template ] --END-- [ RunTime:0.000269s ]
INFO: [ view_parse ] --START--
SQL: SELECT `name` FROM `mt_doc_cate` WHERE ( `id` = 4 ) AND ( `status` = 1 ) LIMIT 1   [ RunTime:0.000120s ]
SQL: SELECT `spid` FROM `mt_doc_cate` WHERE ( `id` = 4 ) LIMIT 1   [ RunTime:0.000102s ]
SQL: SELECT `name` FROM `mt_doc_cate` WHERE ( `id` = 4 ) AND ( `status` = 1 ) LIMIT 1   [ RunTime:0.000106s ]
NOTIC: [8] Undefined variable: order /var/www/html/lyg/wenku/data/runtime/Cache/home/ded89527d46a5cb6ba0197ccda973bf1.php 第 167 行.
SQL: SHOW COLUMNS FROM `mt_doc_con` [ RunTime:0.000461s ]
SQL: SELECT COUNT(*) AS tp_count FROM `mt_doc_con` WHERE ( `add_time` <= 1470893617 ) AND ( `cateid` IN ('4') ) AND ( `status` > 1 ) ORDER BY id DESC LIMIT 1   [ RunTime:0.000163s ]
SQL: SELECT * FROM `mt_doc_con` WHERE ( `add_time` <= 1470893617 ) AND ( `cateid` IN ('4') ) AND ( `status` > 1 ) ORDER BY id DESC LIMIT 0,20   [ RunTime:0.000189s ]
NOTIC: [2] Invalid argument supplied for foreach() /var/www/html/lyg/wenku/app/Lib/Mtceotag/docTag.class.php 第 197 行.
SQL: SELECT * FROM `mt_doc_con` WHERE ( `add_time` <= 1470893617 ) AND ( `status` = '4' ) ORDER BY add_time desc  [ RunTime:0.000145s ]
NOTIC: [2] Invalid argument supplied for foreach() /var/www/html/lyg/wenku/app/Lib/Mtceotag/docTag.class.php 第 197 行.
SQL: SELECT * FROM `mt_doc_con` WHERE ( `add_time` <= 1470893617 ) AND ( `status` > 1 ) ORDER BY hits desc  [ RunTime:0.000204s ]
SQL: SHOW COLUMNS FROM `mt_itemlog` [ RunTime:0.000305s ]
SQL: SELECT COUNT(itemid) AS tp_count FROM `mt_itemlog` WHERE ( `typeid` = 1 ) AND ( `type` = 1 ) AND ( `itemid` = 8 ) LIMIT 1   [ RunTime:0.000121s ]
SQL: SHOW COLUMNS FROM `mt_raty` [ RunTime:0.000295s ]
SQL: SELECT * FROM `mt_raty` WHERE ( `itemid` = 8 ) AND ( `typeid` = 1 ) LIMIT 1   [ RunTime:0.000104s ]
NOTIC: [2] Division by zero /var/www/html/lyg/wenku/app/Common/common.php 第 579 行.
SQL: SELECT * FROM `mt_raty` WHERE ( `itemid` = 8 ) AND ( `typeid` = 1 ) LIMIT 1   [ RunTime:0.000100s ]
SQL: SHOW COLUMNS FROM `mt_comment` [ RunTime:0.000344s ]
SQL: SELECT COUNT(*) AS tp_count FROM `mt_comment` WHERE ( `typeid` = 1 ) AND ( `status` = 1 ) AND ( `itemid` = 8 ) LIMIT 1   [ RunTime:0.000107s ]
SQL: SELECT COUNT(itemid) AS tp_count FROM `mt_itemlog` WHERE ( `typeid` = 1 ) AND ( `type` = 2 ) AND ( `itemid` = 8 ) LIMIT 1   [ RunTime:0.000115s ]
SQL: SELECT COUNT(itemid) AS tp_count FROM `mt_itemlog` WHERE ( `typeid` = 1 ) AND ( `type` = 3 ) AND ( `itemid` = 8 ) LIMIT 1   [ RunTime:0.000113s ]
SQL: SELECT COUNT(itemid) AS tp_count FROM `mt_itemlog` WHERE ( `typeid` = 1 ) AND ( `type` = 1 ) AND ( `itemid` = 14 ) LIMIT 1   [ RunTime:0.000113s ]
SQL: SELECT * FROM `mt_raty` WHERE ( `itemid` = 14 ) AND ( `typeid` = 1 ) LIMIT 1   [ RunTime:0.000103s ]
NOTIC: [2] Division by zero /var/www/html/lyg/wenku/app/Common/common.php 第 579 行.
SQL: SELECT * FROM `mt_raty` WHERE ( `itemid` = 14 ) AND ( `typeid` = 1 ) LIMIT 1   [ RunTime:0.000103s ]
SQL: SELECT COUNT(*) AS tp_count FROM `mt_comment` WHERE ( `typeid` = 1 ) AND ( `status` = 1 ) AND ( `itemid` = 14 ) LIMIT 1   [ RunTime:0.000100s ]
SQL: SELECT COUNT(itemid) AS tp_count FROM `mt_itemlog` WHERE ( `typeid` = 1 ) AND ( `type` = 2 ) AND ( `itemid` = 14 ) LIMIT 1   [ RunTime:0.000112s ]
SQL: SELECT COUNT(itemid) AS tp_count FROM `mt_itemlog` WHERE ( `typeid` = 1 ) AND ( `type` = 3 ) AND ( `itemid` = 14 ) LIMIT 1   [ RunTime:0.000139s ]
SQL: SELECT COUNT(itemid) AS tp_count FROM `mt_itemlog` WHERE ( `typeid` = 1 ) AND ( `type` = 1 ) AND ( `itemid` = 10 ) LIMIT 1   [ RunTime:0.000110s ]
SQL: SELECT * FROM `mt_raty` WHERE ( `itemid` = 10 ) AND ( `typeid` = 1 ) LIMIT 1   [ RunTime:0.000101s ]
NOTIC: [2] Division by zero /var/www/html/lyg/wenku/app/Common/common.php 第 579 行.
SQL: SELECT * FROM `mt_raty` WHERE ( `itemid` = 10 ) AND ( `typeid` = 1 ) LIMIT 1   [ RunTime:0.000100s ]
SQL: SELECT COUNT(*) AS tp_count FROM `mt_comment` WHERE ( `typeid` = 1 ) AND ( `status` = 1 ) AND ( `itemid` = 10 ) LIMIT 1   [ RunTime:0.000099s ]
SQL: SELECT COUNT(itemid) AS tp_count FROM `mt_itemlog` WHERE ( `typeid` = 1 ) AND ( `type` = 2 ) AND ( `itemid` = 10 ) LIMIT 1   [ RunTime:0.000111s ]
SQL: SELECT COUNT(itemid) AS tp_count FROM `mt_itemlog` WHERE ( `typeid` = 1 ) AND ( `type` = 3 ) AND ( `itemid` = 10 ) LIMIT 1   [ RunTime:0.000110s ]
SQL: SELECT COUNT(itemid) AS tp_count FROM `mt_itemlog` WHERE ( `typeid` = 1 ) AND ( `type` = 1 ) AND ( `itemid` = 22 ) LIMIT 1   [ RunTime:0.000110s ]
SQL: SELECT * FROM `mt_raty` WHERE ( `itemid` = 22 ) AND ( `typeid` = 1 ) LIMIT 1   [ RunTime:0.000103s ]
NOTIC: [2] Division by zero /var/www/html/lyg/wenku/app/Common/common.php 第 579 行.
SQL: SELECT * FROM `mt_raty` WHERE ( `itemid` = 22 ) AND ( `typeid` = 1 ) LIMIT 1   [ RunTime:0.000102s ]
SQL: SELECT COUNT(*) AS tp_count FROM `mt_comment` WHERE ( `typeid` = 1 ) AND ( `status` = 1 ) AND ( `itemid` = 22 ) LIMIT 1   [ RunTime:0.000098s ]
SQL: SELECT COUNT(itemid) AS tp_count FROM `mt_itemlog` WHERE ( `typeid` = 1 ) AND ( `type` = 2 ) AND ( `itemid` = 22 ) LIMIT 1   [ RunTime:0.000141s ]
SQL: SELECT COUNT(itemid) AS tp_count FROM `mt_itemlog` WHERE ( `typeid` = 1 ) AND ( `type` = 3 ) AND ( `itemid` = 22 ) LIMIT 1   [ RunTime:0.000109s ]
SQL: SELECT COUNT(itemid) AS tp_count FROM `mt_itemlog` WHERE ( `typeid` = 1 ) AND ( `type` = 1 ) AND ( `itemid` = 12 ) LIMIT 1   [ RunTime:0.000109s ]
SQL: SELECT * FROM `mt_raty` WHERE ( `itemid` = 12 ) AND ( `typeid` = 1 ) LIMIT 1   [ RunTime:0.000100s ]
NOTIC: [2] Division by zero /var/www/html/lyg/wenku/app/Common/common.php 第 579 行.
SQL: SELECT * FROM `mt_raty` WHERE ( `itemid` = 12 ) AND ( `typeid` = 1 ) LIMIT 1   [ RunTime:0.000099s ]
SQL: SELECT COUNT(*) AS tp_count FROM `mt_comment` WHERE ( `typeid` = 1 ) AND ( `status` = 1 ) AND ( `itemid` = 12 ) LIMIT 1   [ RunTime:0.000097s ]
SQL: SELECT COUNT(itemid) AS tp_count FROM `mt_itemlog` WHERE ( `typeid` = 1 ) AND ( `type` = 2 ) AND ( `itemid` = 12 ) LIMIT 1   [ RunTime:0.000109s ]
SQL: SELECT COUNT(itemid) AS tp_count FROM `mt_itemlog` WHERE ( `typeid` = 1 ) AND ( `type` = 3 ) AND ( `itemid` = 12 ) LIMIT 1   [ RunTime:0.000126s ]
SQL: SELECT COUNT(itemid) AS tp_count FROM `mt_itemlog` WHERE ( `typeid` = 1 ) AND ( `type` = 1 ) AND ( `itemid` = 13 ) LIMIT 1   [ RunTime:0.000109s ]
SQL: SELECT * FROM `mt_raty` WHERE ( `itemid` = 13 ) AND ( `typeid` = 1 ) LIMIT 1   [ RunTime:0.000100s ]
NOTIC: [2] Division by zero /var/www/html/lyg/wenku/app/Common/common.php 第 579 行.
SQL: SELECT * FROM `mt_raty` WHERE ( `itemid` = 13 ) AND ( `typeid` = 1 ) LIMIT 1   [ RunTime:0.000100s ]
SQL: SELECT COUNT(*) AS tp_count FROM `mt_comment` WHERE ( `typeid` = 1 ) AND ( `status` = 1 ) AND ( `itemid` = 13 ) LIMIT 1   [ RunTime:0.000126s ]
SQL: SELECT COUNT(itemid) AS tp_count FROM `mt_itemlog` WHERE ( `typeid` = 1 ) AND ( `type` = 2 ) AND ( `itemid` = 13 ) LIMIT 1   [ RunTime:0.000110s ]
SQL: SELECT COUNT(itemid) AS tp_count FROM `mt_itemlog` WHERE ( `typeid` = 1 ) AND ( `type` = 3 ) AND ( `itemid` = 13 ) LIMIT 1   [ RunTime:0.000151s ]
SQL: SELECT COUNT(itemid) AS tp_count FROM `mt_itemlog` WHERE ( `typeid` = 1 ) AND ( `type` = 1 ) AND ( `itemid` = 11 ) LIMIT 1   [ RunTime:0.000109s ]
SQL: SELECT * FROM `mt_raty` WHERE ( `itemid` = 11 ) AND ( `typeid` = 1 ) LIMIT 1   [ RunTime:0.000101s ]
NOTIC: [2] Division by zero /var/www/html/lyg/wenku/app/Common/common.php 第 579 行.
SQL: SELECT * FROM `mt_raty` WHERE ( `itemid` = 11 ) AND ( `typeid` = 1 ) LIMIT 1   [ RunTime:0.000099s ]
SQL: SELECT COUNT(*) AS tp_count FROM `mt_comment` WHERE ( `typeid` = 1 ) AND ( `status` = 1 ) AND ( `itemid` = 11 ) LIMIT 1   [ RunTime:0.000097s ]
SQL: SELECT COUNT(itemid) AS tp_count FROM `mt_itemlog` WHERE ( `typeid` = 1 ) AND ( `type` = 2 ) AND ( `itemid` = 11 ) LIMIT 1   [ RunTime:0.000124s ]
SQL: SELECT COUNT(itemid) AS tp_count FROM `mt_itemlog` WHERE ( `typeid` = 1 ) AND ( `type` = 3 ) AND ( `itemid` = 11 ) LIMIT 1   [ RunTime:0.000109s ]
SQL: SELECT COUNT(itemid) AS tp_count FROM `mt_itemlog` WHERE ( `typeid` = 1 ) AND ( `type` = 1 ) AND ( `itemid` = 20 ) LIMIT 1   [ RunTime:0.000109s ]
SQL: SELECT * FROM `mt_raty` WHERE ( `itemid` = 20 ) AND ( `typeid` = 1 ) LIMIT 1   [ RunTime:0.000100s ]
NOTIC: [2] Division by zero /var/www/html/lyg/wenku/app/Common/common.php 第 579 行.
SQL: SELECT * FROM `mt_raty` WHERE ( `itemid` = 20 ) AND ( `typeid` = 1 ) LIMIT 1   [ RunTime:0.000125s ]
SQL: SELECT COUNT(*) AS tp_count FROM `mt_comment` WHERE ( `typeid` = 1 ) AND ( `status` = 1 ) AND ( `itemid` = 20 ) LIMIT 1   [ RunTime:0.000098s ]
SQL: SELECT COUNT(itemid) AS tp_count FROM `mt_itemlog` WHERE ( `typeid` = 1 ) AND ( `type` = 2 ) AND ( `itemid` = 20 ) LIMIT 1   [ RunTime:0.000109s ]
SQL: SELECT COUNT(itemid) AS tp_count FROM `mt_itemlog` WHERE ( `typeid` = 1 ) AND ( `type` = 3 ) AND ( `itemid` = 20 ) LIMIT 1   [ RunTime:0.000109s ]
SQL: SELECT COUNT(itemid) AS tp_count FROM `mt_itemlog` WHERE ( `typeid` = 1 ) AND ( `type` = 1 ) AND ( `itemid` = 16 ) LIMIT 1   [ RunTime:0.000109s ]
SQL: SELECT * FROM `mt_raty` WHERE ( `itemid` = 16 ) AND ( `typeid` = 1 ) LIMIT 1   [ RunTime:0.000104s ]
NOTIC: [2] Division by zero /var/www/html/lyg/wenku/app/Common/common.php 第 579 行.
SQL: SELECT * FROM `mt_raty` WHERE ( `itemid` = 16 ) AND ( `typeid` = 1 ) LIMIT 1   [ RunTime:0.000100s ]
SQL: SELECT COUNT(*) AS tp_count FROM `mt_comment` WHERE ( `typeid` = 1 ) AND ( `status` = 1 ) AND ( `itemid` = 16 ) LIMIT 1   [ RunTime:0.000097s ]
SQL: SELECT COUNT(itemid) AS tp_count FROM `mt_itemlog` WHERE ( `typeid` = 1 ) AND ( `type` = 2 ) AND ( `itemid` = 16 ) LIMIT 1   [ RunTime:0.000110s ]
SQL: SELECT COUNT(itemid) AS tp_count FROM `mt_itemlog` WHERE ( `typeid` = 1 ) AND ( `type` = 3 ) AND ( `itemid` = 16 ) LIMIT 1   [ RunTime:0.000109s ]
SQL: SELECT COUNT(itemid) AS tp_count FROM `mt_itemlog` WHERE ( `typeid` = 1 ) AND ( `type` = 1 ) AND ( `itemid` = 19 ) LIMIT 1   [ RunTime:0.000108s ]
SQL: SELECT * FROM `mt_raty` WHERE ( `itemid` = 19 ) AND ( `typeid` = 1 ) LIMIT 1   [ RunTime:0.000126s ]
NOTIC: [2] Division by zero /var/www/html/lyg/wenku/app/Common/common.php 第 579 行.
SQL: SELECT * FROM `mt_raty` WHERE ( `itemid` = 19 ) AND ( `typeid` = 1 ) LIMIT 1   [ RunTime:0.000100s ]
SQL: SELECT COUNT(*) AS tp_count FROM `mt_comment` WHERE ( `typeid` = 1 ) AND ( `status` = 1 ) AND ( `itemid` = 19 ) LIMIT 1   [ RunTime:0.000097s ]
SQL: SELECT COUNT(itemid) AS tp_count FROM `mt_itemlog` WHERE ( `typeid` = 1 ) AND ( `type` = 2 ) AND ( `itemid` = 19 ) LIMIT 1   [ RunTime:0.000112s ]
SQL: SELECT COUNT(itemid) AS tp_count FROM `mt_itemlog` WHERE ( `typeid` = 1 ) AND ( `type` = 3 ) AND ( `itemid` = 19 ) LIMIT 1   [ RunTime:0.000109s ]
SQL: SELECT COUNT(itemid) AS tp_count FROM `mt_itemlog` WHERE ( `typeid` = 1 ) AND ( `type` = 1 ) AND ( `itemid` = 23 ) LIMIT 1   [ RunTime:0.000108s ]
SQL: SELECT * FROM `mt_raty` WHERE ( `itemid` = 23 ) AND ( `typeid` = 1 ) LIMIT 1   [ RunTime:0.000100s ]
NOTIC: [2] Division by zero /var/www/html/lyg/wenku/app/Common/common.php 第 579 行.
SQL: SELECT * FROM `mt_raty` WHERE ( `itemid` = 23 ) AND ( `typeid` = 1 ) LIMIT 1   [ RunTime:0.000099s ]
SQL: SELECT COUNT(*) AS tp_count FROM `mt_comment` WHERE ( `typeid` = 1 ) AND ( `status` = 1 ) AND ( `itemid` = 23 ) LIMIT 1   [ RunTime:0.000097s ]
SQL: SELECT COUNT(itemid) AS tp_count FROM `mt_itemlog` WHERE ( `typeid` = 1 ) AND ( `type` = 2 ) AND ( `itemid` = 23 ) LIMIT 1   [ RunTime:0.000109s ]
SQL: SELECT COUNT(itemid) AS tp_count FROM `mt_itemlog` WHERE ( `typeid` = 1 ) AND ( `type` = 3 ) AND ( `itemid` = 23 ) LIMIT 1   [ RunTime:0.000108s ]
SQL: SELECT COUNT(itemid) AS tp_count FROM `mt_itemlog` WHERE ( `typeid` = 1 ) AND ( `type` = 1 ) AND ( `itemid` = 15 ) LIMIT 1   [ RunTime:0.000108s ]
SQL: SELECT * FROM `mt_raty` WHERE ( `itemid` = 15 ) AND ( `typeid` = 1 ) LIMIT 1   [ RunTime:0.000101s ]
NOTIC: [2] Division by zero /var/www/html/lyg/wenku/app/Common/common.php 第 579 行.
SQL: SELECT * FROM `mt_raty` WHERE ( `itemid` = 15 ) AND ( `typeid` = 1 ) LIMIT 1   [ RunTime:0.000100s ]
SQL: SELECT COUNT(*) AS tp_count FROM `mt_comment` WHERE ( `typeid` = 1 ) AND ( `status` = 1 ) AND ( `itemid` = 15 ) LIMIT 1   [ RunTime:0.000097s ]
SQL: SELECT COUNT(itemid) AS tp_count FROM `mt_itemlog` WHERE ( `typeid` = 1 ) AND ( `type` = 2 ) AND ( `itemid` = 15 ) LIMIT 1   [ RunTime:0.000162s ]
SQL: SELECT COUNT(itemid) AS tp_count FROM `mt_itemlog` WHERE ( `typeid` = 1 ) AND ( `type` = 3 ) AND ( `itemid` = 15 ) LIMIT 1   [ RunTime:0.000170s ]
SQL: SELECT COUNT(itemid) AS tp_count FROM `mt_itemlog` WHERE ( `typeid` = 1 ) AND ( `type` = 1 ) AND ( `itemid` = 21 ) LIMIT 1   [ RunTime:0.000177s ]
SQL: SELECT * FROM `mt_raty` WHERE ( `itemid` = 21 ) AND ( `typeid` = 1 ) LIMIT 1   [ RunTime:0.000139s ]
NOTIC: [2] Division by zero /var/www/html/lyg/wenku/app/Common/common.php 第 579 行.
SQL: SELECT * FROM `mt_raty` WHERE ( `itemid` = 21 ) AND ( `typeid` = 1 ) LIMIT 1   [ RunTime:0.000134s ]
SQL: SELECT COUNT(*) AS tp_count FROM `mt_comment` WHERE ( `typeid` = 1 ) AND ( `status` = 1 ) AND ( `itemid` = 21 ) LIMIT 1   [ RunTime:0.000133s ]
SQL: SELECT COUNT(itemid) AS tp_count FROM `mt_itemlog` WHERE ( `typeid` = 1 ) AND ( `type` = 2 ) AND ( `itemid` = 21 ) LIMIT 1   [ RunTime:0.000148s ]
SQL: SELECT COUNT(itemid) AS tp_count FROM `mt_itemlog` WHERE ( `typeid` = 1 ) AND ( `type` = 3 ) AND ( `itemid` = 21 ) LIMIT 1   [ RunTime:0.000187s ]
SQL: SELECT COUNT(itemid) AS tp_count FROM `mt_itemlog` WHERE ( `typeid` = 1 ) AND ( `type` = 1 ) AND ( `itemid` = 17 ) LIMIT 1   [ RunTime:0.000148s ]
SQL: SELECT * FROM `mt_raty` WHERE ( `itemid` = 17 ) AND ( `typeid` = 1 ) LIMIT 1   [ RunTime:0.000134s ]
NOTIC: [2] Division by zero /var/www/html/lyg/wenku/app/Common/common.php 第 579 行.
SQL: SELECT * FROM `mt_raty` WHERE ( `itemid` = 17 ) AND ( `typeid` = 1 ) LIMIT 1   [ RunTime:0.000102s ]
SQL: SELECT COUNT(*) AS tp_count FROM `mt_comment` WHERE ( `typeid` = 1 ) AND ( `status` = 1 ) AND ( `itemid` = 17 ) LIMIT 1   [ RunTime:0.000131s ]
SQL: SELECT COUNT(itemid) AS tp_count FROM `mt_itemlog` WHERE ( `typeid` = 1 ) AND ( `type` = 2 ) AND ( `itemid` = 17 ) LIMIT 1   [ RunTime:0.000202s ]
SQL: SELECT COUNT(itemid) AS tp_count FROM `mt_itemlog` WHERE ( `typeid` = 1 ) AND ( `type` = 3 ) AND ( `itemid` = 17 ) LIMIT 1   [ RunTime:0.000181s ]
SQL: SELECT COUNT(itemid) AS tp_count FROM `mt_itemlog` WHERE ( `typeid` = 1 ) AND ( `type` = 1 ) AND ( `itemid` = 9 ) LIMIT 1   [ RunTime:0.000199s ]
SQL: SELECT * FROM `mt_raty` WHERE ( `itemid` = 9 ) AND ( `typeid` = 1 ) LIMIT 1   [ RunTime:0.000232s ]
NOTIC: [2] Division by zero /var/www/html/lyg/wenku/app/Common/common.php 第 579 行.
SQL: SELECT * FROM `mt_raty` WHERE ( `itemid` = 9 ) AND ( `typeid` = 1 ) LIMIT 1   [ RunTime:0.000167s ]
SQL: SELECT COUNT(*) AS tp_count FROM `mt_comment` WHERE ( `typeid` = 1 ) AND ( `status` = 1 ) AND ( `itemid` = 9 ) LIMIT 1   [ RunTime:0.000228s ]
SQL: SELECT COUNT(itemid) AS tp_count FROM `mt_itemlog` WHERE ( `typeid` = 1 ) AND ( `type` = 2 ) AND ( `itemid` = 9 ) LIMIT 1   [ RunTime:0.000224s ]
SQL: SELECT COUNT(itemid) AS tp_count FROM `mt_itemlog` WHERE ( `typeid` = 1 ) AND ( `type` = 3 ) AND ( `itemid` = 9 ) LIMIT 1   [ RunTime:0.000265s ]
SQL: SELECT COUNT(itemid) AS tp_count FROM `mt_itemlog` WHERE ( `typeid` = 1 ) AND ( `type` = 1 ) AND ( `itemid` = 18 ) LIMIT 1   [ RunTime:0.000200s ]
SQL: SELECT * FROM `mt_raty` WHERE ( `itemid` = 18 ) AND ( `typeid` = 1 ) LIMIT 1   [ RunTime:0.000211s ]
NOTIC: [2] Division by zero /var/www/html/lyg/wenku/app/Common/common.php 第 579 行.
SQL: SELECT * FROM `mt_raty` WHERE ( `itemid` = 18 ) AND ( `typeid` = 1 ) LIMIT 1   [ RunTime:0.000211s ]
SQL: SELECT COUNT(*) AS tp_count FROM `mt_comment` WHERE ( `typeid` = 1 ) AND ( `status` = 1 ) AND ( `itemid` = 18 ) LIMIT 1   [ RunTime:0.000185s ]
SQL: SELECT COUNT(itemid) AS tp_count FROM `mt_itemlog` WHERE ( `typeid` = 1 ) AND ( `type` = 2 ) AND ( `itemid` = 18 ) LIMIT 1   [ RunTime:0.000246s ]
SQL: SELECT COUNT(itemid) AS tp_count FROM `mt_itemlog` WHERE ( `typeid` = 1 ) AND ( `type` = 3 ) AND ( `itemid` = 18 ) LIMIT 1   [ RunTime:0.000200s ]
SQL: SELECT COUNT(itemid) AS tp_count FROM `mt_itemlog` WHERE ( `typeid` = 1 ) AND ( `type` = 1 ) AND ( `itemid` = 24 ) LIMIT 1   [ RunTime:0.000219s ]
SQL: SELECT * FROM `mt_raty` WHERE ( `itemid` = 24 ) AND ( `typeid` = 1 ) LIMIT 1   [ RunTime:0.000167s ]
NOTIC: [2] Division by zero /var/www/html/lyg/wenku/app/Common/common.php 第 579 行.
SQL: SELECT * FROM `mt_raty` WHERE ( `itemid` = 24 ) AND ( `typeid` = 1 ) LIMIT 1   [ RunTime:0.000165s ]
SQL: SELECT COUNT(*) AS tp_count FROM `mt_comment` WHERE ( `typeid` = 1 ) AND ( `status` = 1 ) AND ( `itemid` = 24 ) LIMIT 1   [ RunTime:0.000208s ]
SQL: SELECT COUNT(itemid) AS tp_count FROM `mt_itemlog` WHERE ( `typeid` = 1 ) AND ( `type` = 2 ) AND ( `itemid` = 24 ) LIMIT 1   [ RunTime:0.000223s ]
SQL: SELECT COUNT(itemid) AS tp_count FROM `mt_itemlog` WHERE ( `typeid` = 1 ) AND ( `type` = 3 ) AND ( `itemid` = 24 ) LIMIT 1   [ RunTime:0.000202s ]
INFO: Run ParseTemplate Behavior [ RunTime:0.053257s ]
INFO: [ view_parse ] --END-- [ RunTime:0.053317s ]
INFO: [ view_filter ] --START--
INFO: Run ContentReplace Behavior [ RunTime:0.000517s ]
INFO: Run TokenBuild Behavior [ RunTime:0.000206s ]
INFO: Run WriteHtmlCache Behavior [ RunTime:0.000114s ]
INFO: Run ShowRuntime Behavior [ RunTime:0.000545s ]
INFO: [ view_filter ] --END-- [ RunTime:0.001519s ]
INFO: [ view_end ] --START--
INFO: Run ShowPageTrace Behavior [ RunTime:0.000295s ]
INFO: [ view_end ] --END-- [ RunTime:0.000344s ]

[ 2016-08-11T13:37:28+08:00 ] 123.125.71.42 /index.php?m=member&a=mydoclist&uid=8
INFO: [ app_begin ] --START--
INFO: Run ReadHtmlCache Behavior [ RunTime:0.000279s ]
NOTIC: [8] Undefined variable: global /var/www/html/lyg/wenku/app/Lib/Behavior/check_ipbanBehavior.class.php 第 12 行.
INFO: Run check_ipban Behavior [ RunTime:0.000244s ]
INFO: Run load_lang Behavior [ RunTime:0.000379s ]
INFO: [ app_begin ] --END-- [ RunTime:0.001039s ]
SQL: SHOW COLUMNS FROM `mt_doc_cate` [ RunTime:0.000423s ]
SQL: SELECT * FROM `mt_doc_cate` WHERE ( `pid` = 0 ) AND ( `status` = 1 )  [ RunTime:0.000201s ]
SQL: SHOW COLUMNS FROM `mt_focus` [ RunTime:0.000367s ]
SQL: SELECT `uid` FROM `mt_focus` WHERE ( `uid` = null ) AND ( `focusuid` = 8 ) LIMIT 1   [ RunTime:0.000174s ]
SQL: SELECT `uid` FROM `mt_focus` WHERE ( `focusuid` = null ) AND ( `uid` = 8 ) LIMIT 1   [ RunTime:0.000112s ]
NOTIC: [2] array_merge(): Argument #2 is not an array /var/www/html/lyg/wenku/app/Lib/Action/frontendAction.class.php 第 86 行.
NOTIC: [2] array_values() expects parameter 1 to be array, null given /var/www/html/lyg/wenku/app/Lib/Action/frontendAction.class.php 第 90 行.
NOTIC: [2] implode(): Invalid arguments passed /var/www/html/lyg/wenku/app/Lib/Action/frontendAction.class.php 第 90 行.
NOTIC: [2] Invalid argument supplied for foreach() /var/www/html/lyg/wenku/app/Lib/Action/frontendAction.class.php 第 99 行.
SQL: SHOW COLUMNS FROM `mt_doc_con` [ RunTime:0.000464s ]
SQL: SHOW COLUMNS FROM `mt_tag` [ RunTime:0.000376s ]
SQL: SELECT * FROM `mt_tag` ORDER BY count desc  [ RunTime:0.000185s ]
SQL: SELECT * FROM `mt_doc_con` WHERE ( `status` = 4 )  [ RunTime:0.000138s ]
INFO: [ view_template ] --START--
INFO: Run basic_template Behavior [ RunTime:0.000258s ]
INFO: [ view_template ] --END-- [ RunTime:0.000302s ]
INFO: [ view_parse ] --START--
SQL: SHOW COLUMNS FROM `mt_user` [ RunTime:0.000366s ]
SQL: SELECT `username` FROM `mt_user` WHERE ( `uid` = 8 ) LIMIT 1   [ RunTime:0.000115s ]
SQL: SHOW COLUMNS FROM `mt_user` [ RunTime:0.000324s ]
SQL: SELECT `roleid` FROM `mt_user` WHERE ( `uid` = 8 ) LIMIT 1   [ RunTime:0.000128s ]
SQL: SHOW COLUMNS FROM `mt_user_role` [ RunTime:0.000378s ]
SQL: SELECT `name` FROM `mt_user_role` WHERE ( `id` = 2 ) LIMIT 1   [ RunTime:0.000110s ]
NOTIC: [8] Undefined variable: isadmin /var/www/html/lyg/wenku/data/runtime/Cache/home/bbe060ed42f63d4bf96558cb7292d9bd.php 第 128 行.
SQL: SHOW COLUMNS FROM `mt_user_scoresum` [ RunTime:0.000386s ]
SQL: SELECT `score` FROM `mt_user_scoresum` WHERE ( `uid` = 8 ) LIMIT 1   [ RunTime:0.000103s ]
SQL: SELECT `roleid` FROM `mt_user` WHERE ( `uid` = 8 ) LIMIT 1   [ RunTime:0.000100s ]
SQL: SELECT `isAdmin` FROM `mt_user_role` WHERE ( `id` = 2 ) AND ( `status` = 1 ) LIMIT 1   [ RunTime:0.000141s ]
SQL: SHOW COLUMNS FROM `mt_user_role` [ RunTime:0.000290s ]
SQL: SELECT `score` FROM `mt_user_role` WHERE ( `id` = 2 ) LIMIT 1   [ RunTime:0.000104s ]
SQL: SELECT `roleid` FROM `mt_user` WHERE ( `uid` = 8 ) LIMIT 1   [ RunTime:0.000101s ]
SQL: SELECT `isAdmin` FROM `mt_user_role` WHERE ( `id` = 2 ) AND ( `status` = 1 ) LIMIT 1   [ RunTime:0.000105s ]
SQL: SELECT `score` FROM `mt_user_role` WHERE ( `id` = 2 ) LIMIT 1   [ RunTime:0.000099s ]
SQL: SELECT `score` FROM `mt_user_scoresum` WHERE ( `uid` = 8 ) LIMIT 1   [ RunTime:0.000098s ]
NOTIC: [2] Division by zero /var/www/html/lyg/wenku/app/Common/common.php 第 796 行.
SQL: SHOW COLUMNS FROM `mt_userinfo` [ RunTime:0.000404s ]
SQL: SELECT `intro` FROM `mt_userinfo` WHERE ( `uid` = 8 ) LIMIT 1   [ RunTime:0.000099s ]
SQL: SHOW COLUMNS FROM `mt_doc_con` [ RunTime:0.000447s ]
SQL: SELECT * FROM `mt_doc_con` WHERE ( `uid` = 8 ) AND ( `add_time` <= 1470893848 ) AND ( `status` > 1 ) ORDER BY add_time desc  [ RunTime:0.000157s ]
NOTIC: [2] Invalid argument supplied for foreach() /var/www/html/lyg/wenku/app/Lib/Mtceotag/doctotalnumTag.class.php 第 103 行.
NOTIC: [2] Invalid argument supplied for foreach() /var/www/html/lyg/wenku/app/Lib/Mtceotag/doctotalnumTag.class.php 第 123 行.
SQL: SELECT COUNT(*) AS tp_count FROM `mt_doc_con` WHERE ( `uid` = 8 ) AND ( `add_time` <= 1470893848 ) AND ( `status` > 1 ) ORDER BY add_time desc LIMIT 1   [ RunTime:0.000141s ]
SQL: SELECT * FROM `mt_doc_con` WHERE ( `uid` = 8 ) AND ( `add_time` <= 1470893848 ) AND ( `status` > 1 ) ORDER BY add_time desc LIMIT 0,10   [ RunTime:0.000157s ]
NOTIC: [2] Invalid argument supplied for foreach() /var/www/html/lyg/wenku/app/Lib/Mtceotag/docTag.class.php 第 197 行.
INFO: Run ParseTemplate Behavior [ RunTime:0.022786s ]
INFO: [ view_parse ] --END-- [ RunTime:0.022828s ]
INFO: [ view_filter ] --START--
INFO: Run ContentReplace Behavior [ RunTime:0.000208s ]
INFO: Run TokenBuild Behavior [ RunTime:0.000186s ]
INFO: Run WriteHtmlCache Behavior [ RunTime:0.000126s ]
INFO: Run ShowRuntime Behavior [ RunTime:0.000215s ]
INFO: [ view_filter ] --END-- [ RunTime:0.000850s ]
INFO: [ view_end ] --START--
INFO: Run ShowPageTrace Behavior [ RunTime:0.000316s ]
INFO: [ view_end ] --END-- [ RunTime:0.000356s ]

[ 2016-08-11T14:04:35+08:00 ] ERR: (ThinkException) 无法加载模块:attachment
[ 2016-08-11T19:54:42+08:00 ] ERR: (ThinkException) 无法加载模块:attachment
