[ 2017-03-13T09:36:10+08:00 ] 0.0.0.0 /wenku/index.php?m=user&a=login
INFO: [ app_begin ] --START--
INFO: Run ReadHtmlCache Behavior [ RunTime:0.003000s ]
NOTIC: [8] Undefined variable: global D:\WWW\wenku\app\Lib\Behavior\check_ipbanBehavior.class.php 第 12 行.
INFO: Run check_ipban Behavior [ RunTime:0.039002s ]
INFO: Run load_lang Behavior [ RunTime:0.017001s ]
INFO: [ app_begin ] --END-- [ RunTime:0.075004s ]
SQL: SHOW COLUMNS FROM `mt_doc_cate` [ RunTime:0.379021s ]
SQL: SELECT * FROM `mt_doc_cate` WHERE ( `pid` = 0 ) AND ( `status` = 1 )  [ RunTime:0.002001s ]
NOTIC: [2] array_merge() [<a href='function.array-merge'>function.array-merge</a>]: Argument #2 is not an array D:\WWW\wenku\app\Lib\Action\frontendAction.class.php 第 86 行.
NOTIC: [2] array_values() expects parameter 1 to be array, null given D:\WWW\wenku\app\Lib\Action\frontendAction.class.php 第 90 行.
NOTIC: [2] implode() [<a href='function.implode'>function.implode</a>]: Invalid arguments passed D:\WWW\wenku\app\Lib\Action\frontendAction.class.php 第 90 行.
NOTIC: [2] Invalid argument supplied for foreach() D:\WWW\wenku\app\Lib\Action\frontendAction.class.php 第 99 行.
NOTIC: [8] Undefined variable: synlogout D:\WWW\wenku\app\Lib\Action\home\userAction.class.php 第 65 行.
INFO: [ view_template ] --START--
INFO: Run basic_template Behavior [ RunTime:0.020001s ]
INFO: [ view_template ] --END-- [ RunTime:0.020001s ]
INFO: [ view_parse ] --START--
INFO: Run ParseTemplate Behavior [ RunTime:0.139008s ]
INFO: [ view_parse ] --END-- [ RunTime:0.139008s ]
INFO: [ view_filter ] --START--
INFO: Run ContentReplace Behavior [ RunTime:0.001000s ]
INFO: Run TokenBuild Behavior [ RunTime:0.000000s ]
INFO: Run WriteHtmlCache Behavior [ RunTime:0.001000s ]
INFO: Run ShowRuntime Behavior [ RunTime:0.001001s ]
INFO: [ view_filter ] --END-- [ RunTime:0.030002s ]
INFO: [ view_end ] --START--
INFO: Run ShowPageTrace Behavior [ RunTime:0.001000s ]
INFO: [ view_end ] --END-- [ RunTime:0.001000s ]

